2,4.000000000004e-05
2,0.0101406060606061
2,0.0202412121212122
2,0.0303418181818182
2,0.0404424242424243
2,0.0505430303030303
2,0.0606436363636364
2,0.0707442424242425
2,0.0808448484848485
2,0.0909454545454546
2,0.101046060606061
2,0.111146666666667
2,0.121247272727273
2,0.131347878787879
2,0.141448484848485
2,0.151549090909091
2,0.161649696969697
2,0.171750303030303
2,0.181850909090909
2,0.191951515151515
2,0.202052121212121
2,0.212152727272727
2,0.222253333333333
2,0.232353939393939
2,0.242454545454545
2,0.252555151515152
2,0.262655757575758
2,0.272756363636364
2,0.28285696969697
2,0.292957575757576
2,0.303058181818182
2,0.313158787878788
2,0.323259393939394
2,0.33336
2,0.343460606060606
2,0.353561212121212
2,0.363661818181818
2,0.373762424242424
2,0.38386303030303
2,0.393963636363636
2,0.404064242424242
2,0.414164848484848
2,0.424265454545455
2,0.434366060606061
2,0.444466666666667
2,0.454567272727273
2,0.464667878787879
2,0.474768484848485
2,0.484869090909091
2,0.494969696969697
2,0.505070303030303
2,0.515170909090909
2,0.525271515151515
2,0.535372121212121
2,0.545472727272727
2,0.555573333333333
2,0.565673939393939
2,0.575774545454545
2,0.585875151515151
2,0.595975757575758
2,0.606076363636364
2,0.61617696969697
2,0.626277575757576
2,0.636378181818182
2,0.646478787878788
2,0.656579393939394
2,0.66668
2,0.676780606060606
2,0.686881212121212
2,0.696981818181818
2,0.707082424242424
2,0.71718303030303
2,0.727283636363636
2,0.737384242424242
2,0.747484848484848
2,0.757585454545455
2,0.767686060606061
2,0.777786666666667
2,0.787887272727273
2,0.797987878787879
2,0.808088484848485
2,0.818189090909091
2,0.828289696969697
2,0.838390303030303
2,0.848490909090909
2,0.858591515151515
2,0.868692121212121
2,0.878792727272727
2,0.888893333333333
2,0.898993939393939
2,0.909094545454545
2,0.919195151515152
2,0.929295757575758
2,0.939396363636364
2,0.94949696969697
2,0.959597575757576
2,0.969698181818182
2,0.979798787878788
2,0.989899393939394
2,1
3,2.000000000002e-05
3,0.0101208080808081
3,0.0202216161616162
3,0.0303224242424243
3,0.0404232323232323
3,0.0505240404040404
3,0.0606248484848485
3,0.0707256565656566
3,0.0808264646464647
3,0.0909272727272727
3,0.101028080808081
3,0.111128888888889
3,0.121229696969697
3,0.131330505050505
3,0.141431313131313
3,0.151532121212121
3,0.161632929292929
3,0.171733737373737
3,0.181834545454545
3,0.191935353535354
3,0.202036161616162
3,0.21213696969697
3,0.222237777777778
3,0.232338585858586
3,0.242439393939394
3,0.252540202020202
3,0.26264101010101
3,0.272741818181818
3,0.282842626262626
3,0.292943434343434
3,0.303044242424242
3,0.31314505050505
3,0.323245858585859
3,0.333346666666667
3,0.343447474747475
3,0.353548282828283
3,0.363649090909091
3,0.373749898989899
3,0.383850707070707
3,0.393951515151515
3,0.404052323232323
3,0.414153131313131
3,0.424253939393939
3,0.434354747474747
3,0.444455555555556
3,0.454556363636364
3,0.464657171717172
3,0.47475797979798
3,0.484858787878788
3,0.494959595959596
3,0.505060404040404
3,0.515161212121212
3,0.52526202020202
3,0.535362828282828
3,0.545463636363636
3,0.555564444444444
3,0.565665252525252
3,0.575766060606061
3,0.585866868686869
3,0.595967676767677
3,0.606068484848485
3,0.616169292929293
3,0.626270101010101
3,0.636370909090909
3,0.646471717171717
3,0.656572525252525
3,0.666673333333333
3,0.676774141414141
3,0.686874949494949
3,0.696975757575758
3,0.707076565656566
3,0.717177373737374
3,0.727278181818182
3,0.73737898989899
3,0.747479797979798
3,0.757580606060606
3,0.767681414141414
3,0.777782222222222
3,0.78788303030303
3,0.797983838383838
3,0.808084646464646
3,0.818185454545455
3,0.828286262626263
3,0.838387070707071
3,0.848487878787879
3,0.858588686868687
3,0.868689494949495
3,0.878790303030303
3,0.888891111111111
3,0.898991919191919
3,0.909092727272727
3,0.919193535353535
3,0.929294343434343
3,0.939395151515152
3,0.94949595959596
3,0.959596767676768
3,0.969697575757576
3,0.979798383838384
3,0.989899191919192
3,1
4,8.000000000008e-05
4,0.0101802020202021
4,0.0202804040404041
4,0.0303806060606061
4,0.0404808080808082
4,0.0505810101010102
4,0.0606812121212122
4,0.0707814141414142
4,0.0808816161616162
4,0.0909818181818183
4,0.10108202020202
4,0.111182222222222
4,0.121282424242424
4,0.131382626262626
4,0.141482828282828
4,0.15158303030303
4,0.161683232323232
4,0.171783434343434
4,0.181883636363636
4,0.191983838383838
4,0.20208404040404
4,0.212184242424242
4,0.222284444444445
4,0.232384646464647
4,0.242484848484849
4,0.252585050505051
4,0.262685252525253
4,0.272785454545455
4,0.282885656565657
4,0.292985858585859
4,0.303086060606061
4,0.313186262626263
4,0.323286464646465
4,0.333386666666667
4,0.343486868686869
4,0.353587070707071
4,0.363687272727273
4,0.373787474747475
4,0.383887676767677
4,0.393987878787879
4,0.404088080808081
4,0.414188282828283
4,0.424288484848485
4,0.434388686868687
4,0.444488888888889
4,0.454589090909091
4,0.464689292929293
4,0.474789494949495
4,0.484889696969697
4,0.494989898989899
4,0.505090101010101
4,0.515190303030303
4,0.525290505050505
4,0.535390707070707
4,0.545490909090909
4,0.555591111111111
4,0.565691313131313
4,0.575791515151515
4,0.585891717171717
4,0.595991919191919
4,0.606092121212121
4,0.616192323232323
4,0.626292525252525
4,0.636392727272727
4,0.646492929292929
4,0.656593131313131
4,0.666693333333333
4,0.676793535353535
4,0.686893737373737
4,0.696993939393939
4,0.707094141414142
4,0.717194343434344
4,0.727294545454546
4,0.737394747474748
4,0.74749494949495
4,0.757595151515152
4,0.767695353535354
4,0.777795555555556
4,0.787895757575758
4,0.79799595959596
4,0.808096161616162
4,0.818196363636364
4,0.828296565656566
4,0.838396767676768
4,0.84849696969697
4,0.858597171717172
4,0.868697373737374
4,0.878797575757576
4,0.888897777777778
4,0.89899797979798
4,0.909098181818182
4,0.919198383838384
4,0.929298585858586
4,0.939398787878788
4,0.94949898989899
4,0.959599191919192
4,0.969699393939394
4,0.979799595959596
4,0.989899797979798
4,1
5,8.00000000000002e-05
5,0.010180202020202
5,0.020280404040404
5,0.0303806060606061
5,0.0404808080808081
5,0.0505810101010101
5,0.0606812121212121
5,0.0707814141414141
5,0.0808816161616162
5,0.0909818181818182
5,0.10108202020202
5,0.111182222222222
5,0.121282424242424
5,0.131382626262626
5,0.141482828282828
5,0.15158303030303
5,0.161683232323232
5,0.171783434343434
5,0.181883636363636
5,0.191983838383838
5,0.20208404040404
5,0.212184242424242
5,0.222284444444444
5,0.232384646464646
5,0.242484848484848
5,0.252585050505051
5,0.262685252525253
5,0.272785454545455
5,0.282885656565657
5,0.292985858585859
5,0.303086060606061
5,0.313186262626263
5,0.323286464646465
5,0.333386666666667
5,0.343486868686869
5,0.353587070707071
5,0.363687272727273
5,0.373787474747475
5,0.383887676767677
5,0.393987878787879
5,0.404088080808081
5,0.414188282828283
5,0.424288484848485
5,0.434388686868687
5,0.444488888888889
5,0.454589090909091
5,0.464689292929293
5,0.474789494949495
5,0.484889696969697
5,0.494989898989899
5,0.505090101010101
5,0.515190303030303
5,0.525290505050505
5,0.535390707070707
5,0.545490909090909
5,0.555591111111111
5,0.565691313131313
5,0.575791515151515
5,0.585891717171717
5,0.595991919191919
5,0.606092121212121
5,0.616192323232323
5,0.626292525252525
5,0.636392727272727
5,0.646492929292929
5,0.656593131313131
5,0.666693333333333
5,0.676793535353535
5,0.686893737373737
5,0.696993939393939
5,0.707094141414141
5,0.717194343434343
5,0.727294545454545
5,0.737394747474747
5,0.747494949494949
5,0.757595151515151
5,0.767695353535353
5,0.777795555555555
5,0.787895757575757
5,0.797995959595959
5,0.808096161616162
5,0.818196363636364
5,0.828296565656566
5,0.838396767676768
5,0.84849696969697
5,0.858597171717172
5,0.868697373737374
5,0.878797575757576
5,0.888897777777778
5,0.89899797979798
5,0.909098181818182
5,0.919198383838384
5,0.929298585858586
5,0.939398787878788
5,0.94949898989899
5,0.959599191919192
5,0.969699393939394
5,0.979799595959596
5,0.989899797979798
5,1
6,1.9999999999909e-05
6,0.010120808080808
6,0.0202216161616161
6,0.0303224242424242
6,0.0404232323232322
6,0.0505240404040403
6,0.0606248484848484
6,0.0707256565656565
6,0.0808264646464646
6,0.0909272727272726
6,0.101028080808081
6,0.111128888888889
6,0.121229696969697
6,0.131330505050505
6,0.141431313131313
6,0.151532121212121
6,0.161632929292929
6,0.171733737373737
6,0.181834545454545
6,0.191935353535353
6,0.202036161616162
6,0.21213696969697
6,0.222237777777778
6,0.232338585858586
6,0.242439393939394
6,0.252540202020202
6,0.26264101010101
6,0.272741818181818
6,0.282842626262626
6,0.292943434343434
6,0.303044242424242
6,0.31314505050505
6,0.323245858585859
6,0.333346666666667
6,0.343447474747475
6,0.353548282828283
6,0.363649090909091
6,0.373749898989899
6,0.383850707070707
6,0.393951515151515
6,0.404052323232323
6,0.414153131313131
6,0.424253939393939
6,0.434354747474747
6,0.444455555555555
6,0.454556363636364
6,0.464657171717172
6,0.47475797979798
6,0.484858787878788
6,0.494959595959596
6,0.505060404040404
6,0.515161212121212
6,0.52526202020202
6,0.535362828282828
6,0.545463636363636
6,0.555564444444444
6,0.565665252525252
6,0.575766060606061
6,0.585866868686869
6,0.595967676767677
6,0.606068484848485
6,0.616169292929293
6,0.626270101010101
6,0.636370909090909
6,0.646471717171717
6,0.656572525252525
6,0.666673333333333
6,0.676774141414141
6,0.686874949494949
6,0.696975757575758
6,0.707076565656566
6,0.717177373737374
6,0.727278181818182
6,0.73737898989899
6,0.747479797979798
6,0.757580606060606
6,0.767681414141414
6,0.777782222222222
6,0.78788303030303
6,0.797983838383838
6,0.808084646464647
6,0.818185454545455
6,0.828286262626263
6,0.838387070707071
6,0.848487878787879
6,0.858588686868687
6,0.868689494949495
6,0.878790303030303
6,0.888891111111111
6,0.898991919191919
6,0.909092727272727
6,0.919193535353535
6,0.929294343434343
6,0.939395151515152
6,0.94949595959596
6,0.959596767676768
6,0.969697575757576
6,0.979798383838384
6,0.989899191919192
6,1
7,3.99999999999984e-05
7,0.0101406060606061
7,0.0202412121212121
7,0.0303418181818182
7,0.0404424242424242
7,0.0505430303030303
7,0.0606436363636364
7,0.0707442424242424
7,0.0808448484848485
7,0.0909454545454545
7,0.101046060606061
7,0.111146666666667
7,0.121247272727273
7,0.131347878787879
7,0.141448484848485
7,0.151549090909091
7,0.161649696969697
7,0.171750303030303
7,0.181850909090909
7,0.191951515151515
7,0.202052121212121
7,0.212152727272727
7,0.222253333333333
7,0.232353939393939
7,0.242454545454545
7,0.252555151515151
7,0.262655757575758
7,0.272756363636364
7,0.28285696969697
7,0.292957575757576
7,0.303058181818182
7,0.313158787878788
7,0.323259393939394
7,0.33336
7,0.343460606060606
7,0.353561212121212
7,0.363661818181818
7,0.373762424242424
7,0.38386303030303
7,0.393963636363636
7,0.404064242424242
7,0.414164848484848
7,0.424265454545455
7,0.434366060606061
7,0.444466666666667
7,0.454567272727273
7,0.464667878787879
7,0.474768484848485
7,0.484869090909091
7,0.494969696969697
7,0.505070303030303
7,0.515170909090909
7,0.525271515151515
7,0.535372121212121
7,0.545472727272727
7,0.555573333333333
7,0.565673939393939
7,0.575774545454545
7,0.585875151515151
7,0.595975757575758
7,0.606076363636364
7,0.61617696969697
7,0.626277575757576
7,0.636378181818182
7,0.646478787878788
7,0.656579393939394
7,0.66668
7,0.676780606060606
7,0.686881212121212
7,0.696981818181818
7,0.707082424242424
7,0.71718303030303
7,0.727283636363636
7,0.737384242424242
7,0.747484848484848
7,0.757585454545455
7,0.767686060606061
7,0.777786666666667
7,0.787887272727273
7,0.797987878787879
7,0.808088484848485
7,0.818189090909091
7,0.828289696969697
7,0.838390303030303
7,0.848490909090909
7,0.858591515151515
7,0.868692121212121
7,0.878792727272727
7,0.888893333333333
7,0.898993939393939
7,0.909094545454545
7,0.919195151515152
7,0.929295757575758
7,0.939396363636364
7,0.94949696969697
7,0.959597575757576
7,0.969698181818182
7,0.979798787878788
7,0.989899393939394
7,1
8,5.9999999999949e-05
8,0.010160404040404
8,0.020260808080808
8,0.0303612121212121
8,0.0404616161616161
8,0.0505620202020202
8,0.0606624242424242
8,0.0707628282828282
8,0.0808632323232323
8,0.0909636363636363
8,0.10106404040404
8,0.111164444444444
8,0.121264848484848
8,0.131365252525252
8,0.141465656565657
8,0.151566060606061
8,0.161666464646465
8,0.171766868686869
8,0.181867272727273
8,0.191967676767677
8,0.202068080808081
8,0.212168484848485
8,0.222268888888889
8,0.232369292929293
8,0.242469696969697
8,0.252570101010101
8,0.262670505050505
8,0.272770909090909
8,0.282871313131313
8,0.292971717171717
8,0.303072121212121
8,0.313172525252525
8,0.323272929292929
8,0.333373333333333
8,0.343473737373737
8,0.353574141414141
8,0.363674545454545
8,0.373774949494949
8,0.383875353535354
8,0.393975757575758
8,0.404076161616162
8,0.414176565656566
8,0.42427696969697
8,0.434377373737374
8,0.444477777777778
8,0.454578181818182
8,0.464678585858586
8,0.47477898989899
8,0.484879393939394
8,0.494979797979798
8,0.505080202020202
8,0.515180606060606
8,0.52528101010101
8,0.535381414141414
8,0.545481818181818
8,0.555582222222222
8,0.565682626262626
8,0.57578303030303
8,0.585883434343434
8,0.595983838383838
8,0.606084242424242
8,0.616184646464646
8,0.626285050505051
8,0.636385454545455
8,0.646485858585859
8,0.656586262626263
8,0.666686666666667
8,0.676787070707071
8,0.686887474747475
8,0.696987878787879
8,0.707088282828283
8,0.717188686868687
8,0.727289090909091
8,0.737389494949495
8,0.747489898989899
8,0.757590303030303
8,0.767690707070707
8,0.777791111111111
8,0.787891515151515
8,0.797991919191919
8,0.808092323232323
8,0.818192727272727
8,0.828293131313131
8,0.838393535353535
8,0.848493939393939
8,0.858594343434343
8,0.868694747474748
8,0.878795151515152
8,0.888895555555556
8,0.89899595959596
8,0.909096363636364
8,0.919196767676768
8,0.929297171717172
8,0.939397575757576
8,0.94949797979798
8,0.959598383838384
8,0.969698787878788
8,0.979799191919192
8,0.989899595959596
8,1
9,1.9999999999909e-05
9,0.010120808080808
9,0.0202216161616161
9,0.0303224242424242
9,0.0404232323232322
9,0.0505240404040403
9,0.0606248484848484
9,0.0707256565656565
9,0.0808264646464646
9,0.0909272727272726
9,0.101028080808081
9,0.111128888888889
9,0.121229696969697
9,0.131330505050505
9,0.141431313131313
9,0.151532121212121
9,0.161632929292929
9,0.171733737373737
9,0.181834545454545
9,0.191935353535353
9,0.202036161616162
9,0.21213696969697
9,0.222237777777778
9,0.232338585858586
9,0.242439393939394
9,0.252540202020202
9,0.26264101010101
9,0.272741818181818
9,0.282842626262626
9,0.292943434343434
9,0.303044242424242
9,0.31314505050505
9,0.323245858585859
9,0.333346666666667
9,0.343447474747475
9,0.353548282828283
9,0.363649090909091
9,0.373749898989899
9,0.383850707070707
9,0.393951515151515
9,0.404052323232323
9,0.414153131313131
9,0.424253939393939
9,0.434354747474747
9,0.444455555555555
9,0.454556363636364
9,0.464657171717172
9,0.47475797979798
9,0.484858787878788
9,0.494959595959596
9,0.505060404040404
9,0.515161212121212
9,0.52526202020202
9,0.535362828282828
9,0.545463636363636
9,0.555564444444444
9,0.565665252525252
9,0.575766060606061
9,0.585866868686869
9,0.595967676767677
9,0.606068484848485
9,0.616169292929293
9,0.626270101010101
9,0.636370909090909
9,0.646471717171717
9,0.656572525252525
9,0.666673333333333
9,0.676774141414141
9,0.686874949494949
9,0.696975757575758
9,0.707076565656566
9,0.717177373737374
9,0.727278181818182
9,0.73737898989899
9,0.747479797979798
9,0.757580606060606
9,0.767681414141414
9,0.777782222222222
9,0.78788303030303
9,0.797983838383838
9,0.808084646464647
9,0.818185454545455
9,0.828286262626263
9,0.838387070707071
9,0.848487878787879
9,0.858588686868687
9,0.868689494949495
9,0.878790303030303
9,0.888891111111111
9,0.898991919191919
9,0.909092727272727
9,0.919193535353535
9,0.929294343434343
9,0.939395151515152
9,0.94949595959596
9,0.959596767676768
9,0.969697575757576
9,0.979798383838384
9,0.989899191919192
9,1
10,1.9999999999909e-05
10,0.010120808080808
10,0.0202216161616161
10,0.0303224242424242
10,0.0404232323232322
10,0.0505240404040403
10,0.0606248484848484
10,0.0707256565656565
10,0.0808264646464646
10,0.0909272727272726
10,0.101028080808081
10,0.111128888888889
10,0.121229696969697
10,0.131330505050505
10,0.141431313131313
10,0.151532121212121
10,0.161632929292929
10,0.171733737373737
10,0.181834545454545
10,0.191935353535353
10,0.202036161616162
10,0.21213696969697
10,0.222237777777778
10,0.232338585858586
10,0.242439393939394
10,0.252540202020202
10,0.26264101010101
10,0.272741818181818
10,0.282842626262626
10,0.292943434343434
10,0.303044242424242
10,0.31314505050505
10,0.323245858585859
10,0.333346666666667
10,0.343447474747475
10,0.353548282828283
10,0.363649090909091
10,0.373749898989899
10,0.383850707070707
10,0.393951515151515
10,0.404052323232323
10,0.414153131313131
10,0.424253939393939
10,0.434354747474747
10,0.444455555555555
10,0.454556363636364
10,0.464657171717172
10,0.47475797979798
10,0.484858787878788
10,0.494959595959596
10,0.505060404040404
10,0.515161212121212
10,0.52526202020202
10,0.535362828282828
10,0.545463636363636
10,0.555564444444444
10,0.565665252525252
10,0.575766060606061
10,0.585866868686869
10,0.595967676767677
10,0.606068484848485
10,0.616169292929293
10,0.626270101010101
10,0.636370909090909
10,0.646471717171717
10,0.656572525252525
10,0.666673333333333
10,0.676774141414141
10,0.686874949494949
10,0.696975757575758
10,0.707076565656566
10,0.717177373737374
10,0.727278181818182
10,0.73737898989899
10,0.747479797979798
10,0.757580606060606
10,0.767681414141414
10,0.777782222222222
10,0.78788303030303
10,0.797983838383838
10,0.808084646464647
10,0.818185454545455
10,0.828286262626263
10,0.838387070707071
10,0.848487878787879
10,0.858588686868687
10,0.868689494949495
10,0.878790303030303
10,0.888891111111111
10,0.898991919191919
10,0.909092727272727
10,0.919193535353535
10,0.929294343434343
10,0.939395151515152
10,0.94949595959596
10,0.959596767676768
10,0.969697575757576
10,0.979798383838384
10,0.989899191919192
10,1
11,2.0000000000131e-05
11,0.0101208080808082
11,0.0202216161616163
11,0.0303224242424244
11,0.0404232323232325
11,0.0505240404040405
11,0.0606248484848486
11,0.0707256565656567
11,0.0808264646464648
11,0.0909272727272729
11,0.101028080808081
11,0.111128888888889
11,0.121229696969697
11,0.131330505050505
11,0.141431313131313
11,0.151532121212121
11,0.161632929292929
11,0.171733737373737
11,0.181834545454546
11,0.191935353535354
11,0.202036161616162
11,0.21213696969697
11,0.222237777777778
11,0.232338585858586
11,0.242439393939394
11,0.252540202020202
11,0.26264101010101
11,0.272741818181818
11,0.282842626262626
11,0.292943434343434
11,0.303044242424243
11,0.313145050505051
11,0.323245858585859
11,0.333346666666667
11,0.343447474747475
11,0.353548282828283
11,0.363649090909091
11,0.373749898989899
11,0.383850707070707
11,0.393951515151515
11,0.404052323232323
11,0.414153131313131
11,0.42425393939394
11,0.434354747474748
11,0.444455555555556
11,0.454556363636364
11,0.464657171717172
11,0.47475797979798
11,0.484858787878788
11,0.494959595959596
11,0.505060404040404
11,0.515161212121212
11,0.52526202020202
11,0.535362828282828
11,0.545463636363636
11,0.555564444444445
11,0.565665252525253
11,0.575766060606061
11,0.585866868686869
11,0.595967676767677
11,0.606068484848485
11,0.616169292929293
11,0.626270101010101
11,0.636370909090909
11,0.646471717171717
11,0.656572525252525
11,0.666673333333333
11,0.676774141414141
11,0.68687494949495
11,0.696975757575758
11,0.707076565656566
11,0.717177373737374
11,0.727278181818182
11,0.73737898989899
11,0.747479797979798
11,0.757580606060606
11,0.767681414141414
11,0.777782222222222
11,0.78788303030303
11,0.797983838383838
11,0.808084646464647
11,0.818185454545455
11,0.828286262626263
11,0.838387070707071
11,0.848487878787879
11,0.858588686868687
11,0.868689494949495
11,0.878790303030303
11,0.888891111111111
11,0.898991919191919
11,0.909092727272727
11,0.919193535353535
11,0.929294343434343
11,0.939395151515152
11,0.94949595959596
11,0.959596767676768
11,0.969697575757576
11,0.979798383838384
11,0.989899191919192
11,1
12,4.000000000004e-05
12,0.0101406060606061
12,0.0202412121212122
12,0.0303418181818182
12,0.0404424242424243
12,0.0505430303030303
12,0.0606436363636364
12,0.0707442424242425
12,0.0808448484848485
12,0.0909454545454546
12,0.101046060606061
12,0.111146666666667
12,0.121247272727273
12,0.131347878787879
12,0.141448484848485
12,0.151549090909091
12,0.161649696969697
12,0.171750303030303
12,0.181850909090909
12,0.191951515151515
12,0.202052121212121
12,0.212152727272727
12,0.222253333333333
12,0.232353939393939
12,0.242454545454545
12,0.252555151515152
12,0.262655757575758
12,0.272756363636364
12,0.28285696969697
12,0.292957575757576
12,0.303058181818182
12,0.313158787878788
12,0.323259393939394
12,0.33336
12,0.343460606060606
12,0.353561212121212
12,0.363661818181818
12,0.373762424242424
12,0.38386303030303
12,0.393963636363636
12,0.404064242424242
12,0.414164848484848
12,0.424265454545455
12,0.434366060606061
12,0.444466666666667
12,0.454567272727273
12,0.464667878787879
12,0.474768484848485
12,0.484869090909091
12,0.494969696969697
12,0.505070303030303
12,0.515170909090909
12,0.525271515151515
12,0.535372121212121
12,0.545472727272727
12,0.555573333333333
12,0.565673939393939
12,0.575774545454545
12,0.585875151515151
12,0.595975757575758
12,0.606076363636364
12,0.61617696969697
12,0.626277575757576
12,0.636378181818182
12,0.646478787878788
12,0.656579393939394
12,0.66668
12,0.676780606060606
12,0.686881212121212
12,0.696981818181818
12,0.707082424242424
12,0.71718303030303
12,0.727283636363636
12,0.737384242424242
12,0.747484848484848
12,0.757585454545455
12,0.767686060606061
12,0.777786666666667
12,0.787887272727273
12,0.797987878787879
12,0.808088484848485
12,0.818189090909091
12,0.828289696969697
12,0.838390303030303
12,0.848490909090909
12,0.858591515151515
12,0.868692121212121
12,0.878792727272727
12,0.888893333333333
12,0.898993939393939
12,0.909094545454545
12,0.919195151515152
12,0.929295757575758
12,0.939396363636364
12,0.94949696969697
12,0.959597575757576
12,0.969698181818182
12,0.979798787878788
12,0.989899393939394
12,1
13,2.00000000000061e-05
13,0.0101208080808081
13,0.0202216161616162
13,0.0303224242424242
13,0.0404232323232323
13,0.0505240404040404
13,0.0606248484848485
13,0.0707256565656566
13,0.0808264646464646
13,0.0909272727272727
13,0.101028080808081
13,0.111128888888889
13,0.121229696969697
13,0.131330505050505
13,0.141431313131313
13,0.151532121212121
13,0.161632929292929
13,0.171733737373737
13,0.181834545454545
13,0.191935353535354
13,0.202036161616162
13,0.21213696969697
13,0.222237777777778
13,0.232338585858586
13,0.242439393939394
13,0.252540202020202
13,0.26264101010101
13,0.272741818181818
13,0.282842626262626
13,0.292943434343434
13,0.303044242424242
13,0.31314505050505
13,0.323245858585859
13,0.333346666666667
13,0.343447474747475
13,0.353548282828283
13,0.363649090909091
13,0.373749898989899
13,0.383850707070707
13,0.393951515151515
13,0.404052323232323
13,0.414153131313131
13,0.424253939393939
13,0.434354747474747
13,0.444455555555556
13,0.454556363636364
13,0.464657171717172
13,0.47475797979798
13,0.484858787878788
13,0.494959595959596
13,0.505060404040404
13,0.515161212121212
13,0.52526202020202
13,0.535362828282828
13,0.545463636363636
13,0.555564444444444
13,0.565665252525252
13,0.575766060606061
13,0.585866868686869
13,0.595967676767677
13,0.606068484848485
13,0.616169292929293
13,0.626270101010101
13,0.636370909090909
13,0.646471717171717
13,0.656572525252525
13,0.666673333333333
13,0.676774141414141
13,0.686874949494949
13,0.696975757575758
13,0.707076565656566
13,0.717177373737374
13,0.727278181818182
13,0.73737898989899
13,0.747479797979798
13,0.757580606060606
13,0.767681414141414
13,0.777782222222222
13,0.78788303030303
13,0.797983838383838
13,0.808084646464646
13,0.818185454545455
13,0.828286262626263
13,0.838387070707071
13,0.848487878787879
13,0.858588686868687
13,0.868689494949495
13,0.878790303030303
13,0.888891111111111
13,0.898991919191919
13,0.909092727272727
13,0.919193535353535
13,0.929294343434343
13,0.939395151515152
13,0.94949595959596
13,0.959596767676768
13,0.969697575757576
13,0.979798383838384
13,0.989899191919192
13,1
14,0.00026000000000001
14,0.0103583838383838
14,0.0204567676767677
14,0.0305551515151515
14,0.0406535353535354
14,0.0507519191919192
14,0.060850303030303
14,0.0709486868686869
14,0.0810470707070707
14,0.0911454545454546
14,0.101243838383838
14,0.111342222222222
14,0.121440606060606
14,0.13153898989899
14,0.141637373737374
14,0.151735757575758
14,0.161834141414141
14,0.171932525252525
14,0.182030909090909
14,0.192129292929293
14,0.202227676767677
14,0.212326060606061
14,0.222424444444444
14,0.232522828282828
14,0.242621212121212
14,0.252719595959596
14,0.26281797979798
14,0.272916363636364
14,0.283014747474748
14,0.293113131313131
14,0.303211515151515
14,0.313309898989899
14,0.323408282828283
14,0.333506666666667
14,0.343605050505051
14,0.353703434343434
14,0.363801818181818
14,0.373900202020202
14,0.383998585858586
14,0.39409696969697
14,0.404195353535354
14,0.414293737373737
14,0.424392121212121
14,0.434490505050505
14,0.444588888888889
14,0.454687272727273
14,0.464785656565657
14,0.47488404040404
14,0.484982424242424
14,0.495080808080808
14,0.505179191919192
14,0.515277575757576
14,0.52537595959596
14,0.535474343434344
14,0.545572727272727
14,0.555671111111111
14,0.565769494949495
14,0.575867878787879
14,0.585966262626263
14,0.596064646464647
14,0.60616303030303
14,0.616261414141414
14,0.626359797979798
14,0.636458181818182
14,0.646556565656566
14,0.65665494949495
14,0.666753333333333
14,0.676851717171717
14,0.686950101010101
14,0.697048484848485
14,0.707146868686869
14,0.717245252525253
14,0.727343636363636
14,0.73744202020202
14,0.747540404040404
14,0.757638787878788
14,0.767737171717172
14,0.777835555555556
14,0.787933939393939
14,0.798032323232323
14,0.808130707070707
14,0.818229090909091
14,0.828327474747475
14,0.838425858585859
14,0.848524242424243
14,0.858622626262626
14,0.86872101010101
14,0.878819393939394
14,0.888917777777778
14,0.899016161616162
14,0.909114545454546
14,0.919212929292929
14,0.929311313131313
14,0.939409696969697
14,0.949508080808081
14,0.959606464646465
14,0.969704848484849
14,0.979803232323232
14,0.989901616161616
14,1
15,7.99999999999967e-05
15,0.010180202020202
15,0.020280404040404
15,0.0303806060606061
15,0.0404808080808081
15,0.0505810101010101
15,0.0606812121212121
15,0.0707814141414141
15,0.0808816161616162
15,0.0909818181818182
15,0.10108202020202
15,0.111182222222222
15,0.121282424242424
15,0.131382626262626
15,0.141482828282828
15,0.15158303030303
15,0.161683232323232
15,0.171783434343434
15,0.181883636363636
15,0.191983838383838
15,0.20208404040404
15,0.212184242424242
15,0.222284444444444
15,0.232384646464646
15,0.242484848484848
15,0.252585050505051
15,0.262685252525253
15,0.272785454545455
15,0.282885656565657
15,0.292985858585859
15,0.303086060606061
15,0.313186262626263
15,0.323286464646465
15,0.333386666666667
15,0.343486868686869
15,0.353587070707071
15,0.363687272727273
15,0.373787474747475
15,0.383887676767677
15,0.393987878787879
15,0.404088080808081
15,0.414188282828283
15,0.424288484848485
15,0.434388686868687
15,0.444488888888889
15,0.454589090909091
15,0.464689292929293
15,0.474789494949495
15,0.484889696969697
15,0.494989898989899
15,0.505090101010101
15,0.515190303030303
15,0.525290505050505
15,0.535390707070707
15,0.545490909090909
15,0.555591111111111
15,0.565691313131313
15,0.575791515151515
15,0.585891717171717
15,0.595991919191919
15,0.606092121212121
15,0.616192323232323
15,0.626292525252525
15,0.636392727272727
15,0.646492929292929
15,0.656593131313131
15,0.666693333333333
15,0.676793535353535
15,0.686893737373737
15,0.696993939393939
15,0.707094141414141
15,0.717194343434343
15,0.727294545454545
15,0.737394747474747
15,0.747494949494949
15,0.757595151515151
15,0.767695353535353
15,0.777795555555555
15,0.787895757575757
15,0.797995959595959
15,0.808096161616162
15,0.818196363636364
15,0.828296565656566
15,0.838396767676768
15,0.84849696969697
15,0.858597171717172
15,0.868697373737374
15,0.878797575757576
15,0.888897777777778
15,0.89899797979798
15,0.909098181818182
15,0.919198383838384
15,0.929298585858586
15,0.939398787878788
15,0.94949898989899
15,0.959599191919192
15,0.969699393939394
15,0.979799595959596
15,0.989899797979798
15,1
16,5.9999999999949e-05
16,0.010160404040404
16,0.020260808080808
16,0.0303612121212121
16,0.0404616161616161
16,0.0505620202020202
16,0.0606624242424242
16,0.0707628282828282
16,0.0808632323232323
16,0.0909636363636363
16,0.10106404040404
16,0.111164444444444
16,0.121264848484848
16,0.131365252525252
16,0.141465656565657
16,0.151566060606061
16,0.161666464646465
16,0.171766868686869
16,0.181867272727273
16,0.191967676767677
16,0.202068080808081
16,0.212168484848485
16,0.222268888888889
16,0.232369292929293
16,0.242469696969697
16,0.252570101010101
16,0.262670505050505
16,0.272770909090909
16,0.282871313131313
16,0.292971717171717
16,0.303072121212121
16,0.313172525252525
16,0.323272929292929
16,0.333373333333333
16,0.343473737373737
16,0.353574141414141
16,0.363674545454545
16,0.373774949494949
16,0.383875353535354
16,0.393975757575758
16,0.404076161616162
16,0.414176565656566
16,0.42427696969697
16,0.434377373737374
16,0.444477777777778
16,0.454578181818182
16,0.464678585858586
16,0.47477898989899
16,0.484879393939394
16,0.494979797979798
16,0.505080202020202
16,0.515180606060606
16,0.52528101010101
16,0.535381414141414
16,0.545481818181818
16,0.555582222222222
16,0.565682626262626
16,0.57578303030303
16,0.585883434343434
16,0.595983838383838
16,0.606084242424242
16,0.616184646464646
16,0.626285050505051
16,0.636385454545455
16,0.646485858585859
16,0.656586262626263
16,0.666686666666667
16,0.676787070707071
16,0.686887474747475
16,0.696987878787879
16,0.707088282828283
16,0.717188686868687
16,0.727289090909091
16,0.737389494949495
16,0.747489898989899
16,0.757590303030303
16,0.767690707070707
16,0.777791111111111
16,0.787891515151515
16,0.797991919191919
16,0.808092323232323
16,0.818192727272727
16,0.828293131313131
16,0.838393535353535
16,0.848493939393939
16,0.858594343434343
16,0.868694747474748
16,0.878795151515152
16,0.888895555555556
16,0.89899595959596
16,0.909096363636364
16,0.919196767676768
16,0.929297171717172
16,0.939397575757576
16,0.94949797979798
16,0.959598383838384
16,0.969698787878788
16,0.979799191919192
16,0.989899595959596
16,1
17,2.00000000000027e-05
17,0.0101208080808081
17,0.0202216161616162
17,0.0303224242424242
17,0.0404232323232323
17,0.0505240404040404
17,0.0606248484848485
17,0.0707256565656566
17,0.0808264646464646
17,0.0909272727272727
17,0.101028080808081
17,0.111128888888889
17,0.121229696969697
17,0.131330505050505
17,0.141431313131313
17,0.151532121212121
17,0.161632929292929
17,0.171733737373737
17,0.181834545454545
17,0.191935353535354
17,0.202036161616162
17,0.21213696969697
17,0.222237777777778
17,0.232338585858586
17,0.242439393939394
17,0.252540202020202
17,0.26264101010101
17,0.272741818181818
17,0.282842626262626
17,0.292943434343434
17,0.303044242424242
17,0.31314505050505
17,0.323245858585859
17,0.333346666666667
17,0.343447474747475
17,0.353548282828283
17,0.363649090909091
17,0.373749898989899
17,0.383850707070707
17,0.393951515151515
17,0.404052323232323
17,0.414153131313131
17,0.424253939393939
17,0.434354747474747
17,0.444455555555556
17,0.454556363636364
17,0.464657171717172
17,0.47475797979798
17,0.484858787878788
17,0.494959595959596
17,0.505060404040404
17,0.515161212121212
17,0.52526202020202
17,0.535362828282828
17,0.545463636363636
17,0.555564444444444
17,0.565665252525252
17,0.575766060606061
17,0.585866868686869
17,0.595967676767677
17,0.606068484848485
17,0.616169292929293
17,0.626270101010101
17,0.636370909090909
17,0.646471717171717
17,0.656572525252525
17,0.666673333333333
17,0.676774141414141
17,0.686874949494949
17,0.696975757575758
17,0.707076565656566
17,0.717177373737374
17,0.727278181818182
17,0.73737898989899
17,0.747479797979798
17,0.757580606060606
17,0.767681414141414
17,0.777782222222222
17,0.78788303030303
17,0.797983838383838
17,0.808084646464646
17,0.818185454545455
17,0.828286262626263
17,0.838387070707071
17,0.848487878787879
17,0.858588686868687
17,0.868689494949495
17,0.878790303030303
17,0.888891111111111
17,0.898991919191919
17,0.909092727272727
17,0.919193535353535
17,0.929294343434343
17,0.939395151515152
17,0.94949595959596
17,0.959596767676768
17,0.969697575757576
17,0.979798383838384
17,0.989899191919192
17,1
18,2.0000000000131e-05
18,0.0101208080808082
18,0.0202216161616163
18,0.0303224242424244
18,0.0404232323232325
18,0.0505240404040405
18,0.0606248484848486
18,0.0707256565656567
18,0.0808264646464648
18,0.0909272727272729
18,0.101028080808081
18,0.111128888888889
18,0.121229696969697
18,0.131330505050505
18,0.141431313131313
18,0.151532121212121
18,0.161632929292929
18,0.171733737373737
18,0.181834545454546
18,0.191935353535354
18,0.202036161616162
18,0.21213696969697
18,0.222237777777778
18,0.232338585858586
18,0.242439393939394
18,0.252540202020202
18,0.26264101010101
18,0.272741818181818
18,0.282842626262626
18,0.292943434343434
18,0.303044242424243
18,0.313145050505051
18,0.323245858585859
18,0.333346666666667
18,0.343447474747475
18,0.353548282828283
18,0.363649090909091
18,0.373749898989899
18,0.383850707070707
18,0.393951515151515
18,0.404052323232323
18,0.414153131313131
18,0.42425393939394
18,0.434354747474748
18,0.444455555555556
18,0.454556363636364
18,0.464657171717172
18,0.47475797979798
18,0.484858787878788
18,0.494959595959596
18,0.505060404040404
18,0.515161212121212
18,0.52526202020202
18,0.535362828282828
18,0.545463636363636
18,0.555564444444445
18,0.565665252525253
18,0.575766060606061
18,0.585866868686869
18,0.595967676767677
18,0.606068484848485
18,0.616169292929293
18,0.626270101010101
18,0.636370909090909
18,0.646471717171717
18,0.656572525252525
18,0.666673333333333
18,0.676774141414141
18,0.68687494949495
18,0.696975757575758
18,0.707076565656566
18,0.717177373737374
18,0.727278181818182
18,0.73737898989899
18,0.747479797979798
18,0.757580606060606
18,0.767681414141414
18,0.777782222222222
18,0.78788303030303
18,0.797983838383838
18,0.808084646464647
18,0.818185454545455
18,0.828286262626263
18,0.838387070707071
18,0.848487878787879
18,0.858588686868687
18,0.868689494949495
18,0.878790303030303
18,0.888891111111111
18,0.898991919191919
18,0.909092727272727
18,0.919193535353535
18,0.929294343434343
18,0.939395151515152
18,0.94949595959596
18,0.959596767676768
18,0.969697575757576
18,0.979798383838384
18,0.989899191919192
18,1
19,1.99999999999992e-05
19,0.0101208080808081
19,0.0202216161616162
19,0.0303224242424242
19,0.0404232323232323
19,0.0505240404040404
19,0.0606248484848485
19,0.0707256565656565
19,0.0808264646464646
19,0.0909272727272727
19,0.101028080808081
19,0.111128888888889
19,0.121229696969697
19,0.131330505050505
19,0.141431313131313
19,0.151532121212121
19,0.161632929292929
19,0.171733737373737
19,0.181834545454545
19,0.191935353535354
19,0.202036161616162
19,0.21213696969697
19,0.222237777777778
19,0.232338585858586
19,0.242439393939394
19,0.252540202020202
19,0.26264101010101
19,0.272741818181818
19,0.282842626262626
19,0.292943434343434
19,0.303044242424242
19,0.31314505050505
19,0.323245858585859
19,0.333346666666667
19,0.343447474747475
19,0.353548282828283
19,0.363649090909091
19,0.373749898989899
19,0.383850707070707
19,0.393951515151515
19,0.404052323232323
19,0.414153131313131
19,0.424253939393939
19,0.434354747474747
19,0.444455555555556
19,0.454556363636364
19,0.464657171717172
19,0.47475797979798
19,0.484858787878788
19,0.494959595959596
19,0.505060404040404
19,0.515161212121212
19,0.52526202020202
19,0.535362828282828
19,0.545463636363636
19,0.555564444444444
19,0.565665252525252
19,0.575766060606061
19,0.585866868686869
19,0.595967676767677
19,0.606068484848485
19,0.616169292929293
19,0.626270101010101
19,0.636370909090909
19,0.646471717171717
19,0.656572525252525
19,0.666673333333333
19,0.676774141414141
19,0.686874949494949
19,0.696975757575758
19,0.707076565656566
19,0.717177373737374
19,0.727278181818182
19,0.73737898989899
19,0.747479797979798
19,0.757580606060606
19,0.767681414141414
19,0.777782222222222
19,0.78788303030303
19,0.797983838383838
19,0.808084646464646
19,0.818185454545455
19,0.828286262626263
19,0.838387070707071
19,0.848487878787879
19,0.858588686868687
19,0.868689494949495
19,0.878790303030303
19,0.888891111111111
19,0.898991919191919
19,0.909092727272727
19,0.919193535353535
19,0.929294343434343
19,0.939395151515152
19,0.94949595959596
19,0.959596767676768
19,0.969697575757576
19,0.979798383838384
19,0.989899191919192
19,1
20,4.000000000004e-05
20,0.0101406060606061
20,0.0202412121212122
20,0.0303418181818182
20,0.0404424242424243
20,0.0505430303030303
20,0.0606436363636364
20,0.0707442424242425
20,0.0808448484848485
20,0.0909454545454546
20,0.101046060606061
20,0.111146666666667
20,0.121247272727273
20,0.131347878787879
20,0.141448484848485
20,0.151549090909091
20,0.161649696969697
20,0.171750303030303
20,0.181850909090909
20,0.191951515151515
20,0.202052121212121
20,0.212152727272727
20,0.222253333333333
20,0.232353939393939
20,0.242454545454545
20,0.252555151515152
20,0.262655757575758
20,0.272756363636364
20,0.28285696969697
20,0.292957575757576
20,0.303058181818182
20,0.313158787878788
20,0.323259393939394
20,0.33336
20,0.343460606060606
20,0.353561212121212
20,0.363661818181818
20,0.373762424242424
20,0.38386303030303
20,0.393963636363636
20,0.404064242424242
20,0.414164848484848
20,0.424265454545455
20,0.434366060606061
20,0.444466666666667
20,0.454567272727273
20,0.464667878787879
20,0.474768484848485
20,0.484869090909091
20,0.494969696969697
20,0.505070303030303
20,0.515170909090909
20,0.525271515151515
20,0.535372121212121
20,0.545472727272727
20,0.555573333333333
20,0.565673939393939
20,0.575774545454545
20,0.585875151515151
20,0.595975757575758
20,0.606076363636364
20,0.61617696969697
20,0.626277575757576
20,0.636378181818182
20,0.646478787878788
20,0.656579393939394
20,0.66668
20,0.676780606060606
20,0.686881212121212
20,0.696981818181818
20,0.707082424242424
20,0.71718303030303
20,0.727283636363636
20,0.737384242424242
20,0.747484848484848
20,0.757585454545455
20,0.767686060606061
20,0.777786666666667
20,0.787887272727273
20,0.797987878787879
20,0.808088484848485
20,0.818189090909091
20,0.828289696969697
20,0.838390303030303
20,0.848490909090909
20,0.858591515151515
20,0.868692121212121
20,0.878792727272727
20,0.888893333333333
20,0.898993939393939
20,0.909094545454545
20,0.919195151515152
20,0.929295757575758
20,0.939396363636364
20,0.94949696969697
20,0.959597575757576
20,0.969698181818182
20,0.979798787878788
20,0.989899393939394
20,1
21,2.000000000002e-05
21,0.0101208080808081
21,0.0202216161616162
21,0.0303224242424243
21,0.0404232323232323
21,0.0505240404040404
21,0.0606248484848485
21,0.0707256565656566
21,0.0808264646464647
21,0.0909272727272727
21,0.101028080808081
21,0.111128888888889
21,0.121229696969697
21,0.131330505050505
21,0.141431313131313
21,0.151532121212121
21,0.161632929292929
21,0.171733737373737
21,0.181834545454545
21,0.191935353535354
21,0.202036161616162
21,0.21213696969697
21,0.222237777777778
21,0.232338585858586
21,0.242439393939394
21,0.252540202020202
21,0.26264101010101
21,0.272741818181818
21,0.282842626262626
21,0.292943434343434
21,0.303044242424242
21,0.31314505050505
21,0.323245858585859
21,0.333346666666667
21,0.343447474747475
21,0.353548282828283
21,0.363649090909091
21,0.373749898989899
21,0.383850707070707
21,0.393951515151515
21,0.404052323232323
21,0.414153131313131
21,0.424253939393939
21,0.434354747474747
21,0.444455555555556
21,0.454556363636364
21,0.464657171717172
21,0.47475797979798
21,0.484858787878788
21,0.494959595959596
21,0.505060404040404
21,0.515161212121212
21,0.52526202020202
21,0.535362828282828
21,0.545463636363636
21,0.555564444444444
21,0.565665252525252
21,0.575766060606061
21,0.585866868686869
21,0.595967676767677
21,0.606068484848485
21,0.616169292929293
21,0.626270101010101
21,0.636370909090909
21,0.646471717171717
21,0.656572525252525
21,0.666673333333333
21,0.676774141414141
21,0.686874949494949
21,0.696975757575758
21,0.707076565656566
21,0.717177373737374
21,0.727278181818182
21,0.73737898989899
21,0.747479797979798
21,0.757580606060606
21,0.767681414141414
21,0.777782222222222
21,0.78788303030303
21,0.797983838383838
21,0.808084646464646
21,0.818185454545455
21,0.828286262626263
21,0.838387070707071
21,0.848487878787879
21,0.858588686868687
21,0.868689494949495
21,0.878790303030303
21,0.888891111111111
21,0.898991919191919
21,0.909092727272727
21,0.919193535353535
21,0.929294343434343
21,0.939395151515152
21,0.94949595959596
21,0.959596767676768
21,0.969697575757576
21,0.979798383838384
21,0.989899191919192
21,1
22,4.000000000004e-05
22,0.0101406060606061
22,0.0202412121212122
22,0.0303418181818182
22,0.0404424242424243
22,0.0505430303030303
22,0.0606436363636364
22,0.0707442424242425
22,0.0808448484848485
22,0.0909454545454546
22,0.101046060606061
22,0.111146666666667
22,0.121247272727273
22,0.131347878787879
22,0.141448484848485
22,0.151549090909091
22,0.161649696969697
22,0.171750303030303
22,0.181850909090909
22,0.191951515151515
22,0.202052121212121
22,0.212152727272727
22,0.222253333333333
22,0.232353939393939
22,0.242454545454545
22,0.252555151515152
22,0.262655757575758
22,0.272756363636364
22,0.28285696969697
22,0.292957575757576
22,0.303058181818182
22,0.313158787878788
22,0.323259393939394
22,0.33336
22,0.343460606060606
22,0.353561212121212
22,0.363661818181818
22,0.373762424242424
22,0.38386303030303
22,0.393963636363636
22,0.404064242424242
22,0.414164848484848
22,0.424265454545455
22,0.434366060606061
22,0.444466666666667
22,0.454567272727273
22,0.464667878787879
22,0.474768484848485
22,0.484869090909091
22,0.494969696969697
22,0.505070303030303
22,0.515170909090909
22,0.525271515151515
22,0.535372121212121
22,0.545472727272727
22,0.555573333333333
22,0.565673939393939
22,0.575774545454545
22,0.585875151515151
22,0.595975757575758
22,0.606076363636364
22,0.61617696969697
22,0.626277575757576
22,0.636378181818182
22,0.646478787878788
22,0.656579393939394
22,0.66668
22,0.676780606060606
22,0.686881212121212
22,0.696981818181818
22,0.707082424242424
22,0.71718303030303
22,0.727283636363636
22,0.737384242424242
22,0.747484848484848
22,0.757585454545455
22,0.767686060606061
22,0.777786666666667
22,0.787887272727273
22,0.797987878787879
22,0.808088484848485
22,0.818189090909091
22,0.828289696969697
22,0.838390303030303
22,0.848490909090909
22,0.858591515151515
22,0.868692121212121
22,0.878792727272727
22,0.888893333333333
22,0.898993939393939
22,0.909094545454545
22,0.919195151515152
22,0.929295757575758
22,0.939396363636364
22,0.94949696969697
22,0.959597575757576
22,0.969698181818182
22,0.979798787878788
22,0.989899393939394
22,1
23,3.9999999999929e-05
23,0.010140606060606
23,0.0202412121212121
23,0.0303418181818181
23,0.0404424242424242
23,0.0505430303030302
23,0.0606436363636363
23,0.0707442424242424
23,0.0808448484848484
23,0.0909454545454545
23,0.101046060606061
23,0.111146666666667
23,0.121247272727273
23,0.131347878787879
23,0.141448484848485
23,0.151549090909091
23,0.161649696969697
23,0.171750303030303
23,0.181850909090909
23,0.191951515151515
23,0.202052121212121
23,0.212152727272727
23,0.222253333333333
23,0.232353939393939
23,0.242454545454545
23,0.252555151515151
23,0.262655757575758
23,0.272756363636364
23,0.28285696969697
23,0.292957575757576
23,0.303058181818182
23,0.313158787878788
23,0.323259393939394
23,0.33336
23,0.343460606060606
23,0.353561212121212
23,0.363661818181818
23,0.373762424242424
23,0.38386303030303
23,0.393963636363636
23,0.404064242424242
23,0.414164848484848
23,0.424265454545455
23,0.434366060606061
23,0.444466666666667
23,0.454567272727273
23,0.464667878787879
23,0.474768484848485
23,0.484869090909091
23,0.494969696969697
23,0.505070303030303
23,0.515170909090909
23,0.525271515151515
23,0.535372121212121
23,0.545472727272727
23,0.555573333333333
23,0.565673939393939
23,0.575774545454545
23,0.585875151515151
23,0.595975757575758
23,0.606076363636364
23,0.61617696969697
23,0.626277575757576
23,0.636378181818182
23,0.646478787878788
23,0.656579393939394
23,0.66668
23,0.676780606060606
23,0.686881212121212
23,0.696981818181818
23,0.707082424242424
23,0.71718303030303
23,0.727283636363636
23,0.737384242424242
23,0.747484848484849
23,0.757585454545455
23,0.767686060606061
23,0.777786666666667
23,0.787887272727273
23,0.797987878787879
23,0.808088484848485
23,0.818189090909091
23,0.828289696969697
23,0.838390303030303
23,0.848490909090909
23,0.858591515151515
23,0.868692121212121
23,0.878792727272727
23,0.888893333333333
23,0.898993939393939
23,0.909094545454545
23,0.919195151515152
23,0.929295757575758
23,0.939396363636364
23,0.94949696969697
23,0.959597575757576
23,0.969698181818182
23,0.979798787878788
23,0.989899393939394
23,1
24,6e-05
24,0.010160404040404
24,0.0202608080808081
24,0.0303612121212121
24,0.0404616161616162
24,0.0505620202020202
24,0.0606624242424242
24,0.0707628282828283
24,0.0808632323232323
24,0.0909636363636364
24,0.10106404040404
24,0.111164444444444
24,0.121264848484849
24,0.131365252525253
24,0.141465656565657
24,0.151566060606061
24,0.161666464646465
24,0.171766868686869
24,0.181867272727273
24,0.191967676767677
24,0.202068080808081
24,0.212168484848485
24,0.222268888888889
24,0.232369292929293
24,0.242469696969697
24,0.252570101010101
24,0.262670505050505
24,0.272770909090909
24,0.282871313131313
24,0.292971717171717
24,0.303072121212121
24,0.313172525252525
24,0.323272929292929
24,0.333373333333333
24,0.343473737373737
24,0.353574141414141
24,0.363674545454546
24,0.37377494949495
24,0.383875353535354
24,0.393975757575758
24,0.404076161616162
24,0.414176565656566
24,0.42427696969697
24,0.434377373737374
24,0.444477777777778
24,0.454578181818182
24,0.464678585858586
24,0.47477898989899
24,0.484879393939394
24,0.494979797979798
24,0.505080202020202
24,0.515180606060606
24,0.52528101010101
24,0.535381414141414
24,0.545481818181818
24,0.555582222222222
24,0.565682626262626
24,0.57578303030303
24,0.585883434343434
24,0.595983838383838
24,0.606084242424242
24,0.616184646464646
24,0.626285050505051
24,0.636385454545455
24,0.646485858585859
24,0.656586262626263
24,0.666686666666667
24,0.676787070707071
24,0.686887474747475
24,0.696987878787879
24,0.707088282828283
24,0.717188686868687
24,0.727289090909091
24,0.737389494949495
24,0.747489898989899
24,0.757590303030303
24,0.767690707070707
24,0.777791111111111
24,0.787891515151515
24,0.797991919191919
24,0.808092323232323
24,0.818192727272727
24,0.828293131313131
24,0.838393535353535
24,0.848493939393939
24,0.858594343434343
24,0.868694747474748
24,0.878795151515152
24,0.888895555555556
24,0.89899595959596
24,0.909096363636364
24,0.919196767676768
24,0.929297171717172
24,0.939397575757576
24,0.94949797979798
24,0.959598383838384
24,0.969698787878788
24,0.979799191919192
24,0.989899595959596
24,1
25,4e-05
25,0.0101406060606061
25,0.0202412121212121
25,0.0303418181818182
25,0.0404424242424242
25,0.0505430303030303
25,0.0606436363636364
25,0.0707442424242424
25,0.0808448484848485
25,0.0909454545454545
25,0.101046060606061
25,0.111146666666667
25,0.121247272727273
25,0.131347878787879
25,0.141448484848485
25,0.151549090909091
25,0.161649696969697
25,0.171750303030303
25,0.181850909090909
25,0.191951515151515
25,0.202052121212121
25,0.212152727272727
25,0.222253333333333
25,0.232353939393939
25,0.242454545454545
25,0.252555151515151
25,0.262655757575758
25,0.272756363636364
25,0.28285696969697
25,0.292957575757576
25,0.303058181818182
25,0.313158787878788
25,0.323259393939394
25,0.33336
25,0.343460606060606
25,0.353561212121212
25,0.363661818181818
25,0.373762424242424
25,0.38386303030303
25,0.393963636363636
25,0.404064242424242
25,0.414164848484848
25,0.424265454545455
25,0.434366060606061
25,0.444466666666667
25,0.454567272727273
25,0.464667878787879
25,0.474768484848485
25,0.484869090909091
25,0.494969696969697
25,0.505070303030303
25,0.515170909090909
25,0.525271515151515
25,0.535372121212121
25,0.545472727272727
25,0.555573333333333
25,0.565673939393939
25,0.575774545454545
25,0.585875151515151
25,0.595975757575758
25,0.606076363636364
25,0.61617696969697
25,0.626277575757576
25,0.636378181818182
25,0.646478787878788
25,0.656579393939394
25,0.66668
25,0.676780606060606
25,0.686881212121212
25,0.696981818181818
25,0.707082424242424
25,0.71718303030303
25,0.727283636363636
25,0.737384242424242
25,0.747484848484848
25,0.757585454545455
25,0.767686060606061
25,0.777786666666667
25,0.787887272727273
25,0.797987878787879
25,0.808088484848485
25,0.818189090909091
25,0.828289696969697
25,0.838390303030303
25,0.848490909090909
25,0.858591515151515
25,0.868692121212121
25,0.878792727272727
25,0.888893333333333
25,0.898993939393939
25,0.909094545454545
25,0.919195151515152
25,0.929295757575758
25,0.939396363636364
25,0.94949696969697
25,0.959597575757576
25,0.969698181818182
25,0.979798787878788
25,0.989899393939394
25,1
26,8.000000000008e-05
26,0.0101802020202021
26,0.0202804040404041
26,0.0303806060606061
26,0.0404808080808082
26,0.0505810101010102
26,0.0606812121212122
26,0.0707814141414142
26,0.0808816161616162
26,0.0909818181818183
26,0.10108202020202
26,0.111182222222222
26,0.121282424242424
26,0.131382626262626
26,0.141482828282828
26,0.15158303030303
26,0.161683232323232
26,0.171783434343434
26,0.181883636363636
26,0.191983838383838
26,0.20208404040404
26,0.212184242424242
26,0.222284444444445
26,0.232384646464647
26,0.242484848484849
26,0.252585050505051
26,0.262685252525253
26,0.272785454545455
26,0.282885656565657
26,0.292985858585859
26,0.303086060606061
26,0.313186262626263
26,0.323286464646465
26,0.333386666666667
26,0.343486868686869
26,0.353587070707071
26,0.363687272727273
26,0.373787474747475
26,0.383887676767677
26,0.393987878787879
26,0.404088080808081
26,0.414188282828283
26,0.424288484848485
26,0.434388686868687
26,0.444488888888889
26,0.454589090909091
26,0.464689292929293
26,0.474789494949495
26,0.484889696969697
26,0.494989898989899
26,0.505090101010101
26,0.515190303030303
26,0.525290505050505
26,0.535390707070707
26,0.545490909090909
26,0.555591111111111
26,0.565691313131313
26,0.575791515151515
26,0.585891717171717
26,0.595991919191919
26,0.606092121212121
26,0.616192323232323
26,0.626292525252525
26,0.636392727272727
26,0.646492929292929
26,0.656593131313131
26,0.666693333333333
26,0.676793535353535
26,0.686893737373737
26,0.696993939393939
26,0.707094141414142
26,0.717194343434344
26,0.727294545454546
26,0.737394747474748
26,0.74749494949495
26,0.757595151515152
26,0.767695353535354
26,0.777795555555556
26,0.787895757575758
26,0.79799595959596
26,0.808096161616162
26,0.818196363636364
26,0.828296565656566
26,0.838396767676768
26,0.84849696969697
26,0.858597171717172
26,0.868697373737374
26,0.878797575757576
26,0.888897777777778
26,0.89899797979798
26,0.909098181818182
26,0.919198383838384
26,0.929298585858586
26,0.939398787878788
26,0.94949898989899
26,0.959599191919192
26,0.969699393939394
26,0.979799595959596
26,0.989899797979798
26,1
27,1.99999999999992e-05
27,0.0101208080808081
27,0.0202216161616162
27,0.0303224242424242
27,0.0404232323232323
27,0.0505240404040404
27,0.0606248484848485
27,0.0707256565656565
27,0.0808264646464646
27,0.0909272727272727
27,0.101028080808081
27,0.111128888888889
27,0.121229696969697
27,0.131330505050505
27,0.141431313131313
27,0.151532121212121
27,0.161632929292929
27,0.171733737373737
27,0.181834545454545
27,0.191935353535354
27,0.202036161616162
27,0.21213696969697
27,0.222237777777778
27,0.232338585858586
27,0.242439393939394
27,0.252540202020202
27,0.26264101010101
27,0.272741818181818
27,0.282842626262626
27,0.292943434343434
27,0.303044242424242
27,0.31314505050505
27,0.323245858585859
27,0.333346666666667
27,0.343447474747475
27,0.353548282828283
27,0.363649090909091
27,0.373749898989899
27,0.383850707070707
27,0.393951515151515
27,0.404052323232323
27,0.414153131313131
27,0.424253939393939
27,0.434354747474747
27,0.444455555555556
27,0.454556363636364
27,0.464657171717172
27,0.47475797979798
27,0.484858787878788
27,0.494959595959596
27,0.505060404040404
27,0.515161212121212
27,0.52526202020202
27,0.535362828282828
27,0.545463636363636
27,0.555564444444444
27,0.565665252525252
27,0.575766060606061
27,0.585866868686869
27,0.595967676767677
27,0.606068484848485
27,0.616169292929293
27,0.626270101010101
27,0.636370909090909
27,0.646471717171717
27,0.656572525252525
27,0.666673333333333
27,0.676774141414141
27,0.686874949494949
27,0.696975757575758
27,0.707076565656566
27,0.717177373737374
27,0.727278181818182
27,0.73737898989899
27,0.747479797979798
27,0.757580606060606
27,0.767681414141414
27,0.777782222222222
27,0.78788303030303
27,0.797983838383838
27,0.808084646464646
27,0.818185454545455
27,0.828286262626263
27,0.838387070707071
27,0.848487878787879
27,0.858588686868687
27,0.868689494949495
27,0.878790303030303
27,0.888891111111111
27,0.898991919191919
27,0.909092727272727
27,0.919193535353535
27,0.929294343434343
27,0.939395151515152
27,0.94949595959596
27,0.959596767676768
27,0.969697575757576
27,0.979798383838384
27,0.989899191919192
27,1
28,9.9999999999989e-05
28,0.0102
28,0.0203
28,0.0304
28,0.0405
28,0.0506
28,0.0607
28,0.0708
28,0.0809
28,0.091
28,0.1011
28,0.1112
28,0.1213
28,0.1314
28,0.1415
28,0.1516
28,0.1617
28,0.1718
28,0.1819
28,0.192
28,0.2021
28,0.2122
28,0.2223
28,0.2324
28,0.2425
28,0.2526
28,0.2627
28,0.2728
28,0.2829
28,0.293
28,0.3031
28,0.3132
28,0.3233
28,0.3334
28,0.3435
28,0.3536
28,0.3637
28,0.3738
28,0.3839
28,0.394
28,0.4041
28,0.4142
28,0.4243
28,0.4344
28,0.4445
28,0.4546
28,0.4647
28,0.4748
28,0.4849
28,0.495
28,0.5051
28,0.5152
28,0.5253
28,0.5354
28,0.5455
28,0.5556
28,0.5657
28,0.5758
28,0.5859
28,0.596
28,0.6061
28,0.6162
28,0.6263
28,0.6364
28,0.6465
28,0.6566
28,0.6667
28,0.6768
28,0.6869
28,0.697
28,0.7071
28,0.7172
28,0.7273
28,0.7374
28,0.7475
28,0.7576
28,0.7677
28,0.7778
28,0.7879
28,0.798
28,0.8081
28,0.8182
28,0.8283
28,0.8384
28,0.8485
28,0.8586
28,0.8687
28,0.8788
28,0.8889
28,0.899
28,0.9091
28,0.9192
28,0.9293
28,0.9394
28,0.9495
28,0.9596
28,0.9697
28,0.9798
28,0.9899
28,1
29,1.99999999999992e-05
29,0.0101208080808081
29,0.0202216161616162
29,0.0303224242424242
29,0.0404232323232323
29,0.0505240404040404
29,0.0606248484848485
29,0.0707256565656565
29,0.0808264646464646
29,0.0909272727272727
29,0.101028080808081
29,0.111128888888889
29,0.121229696969697
29,0.131330505050505
29,0.141431313131313
29,0.151532121212121
29,0.161632929292929
29,0.171733737373737
29,0.181834545454545
29,0.191935353535354
29,0.202036161616162
29,0.21213696969697
29,0.222237777777778
29,0.232338585858586
29,0.242439393939394
29,0.252540202020202
29,0.26264101010101
29,0.272741818181818
29,0.282842626262626
29,0.292943434343434
29,0.303044242424242
29,0.31314505050505
29,0.323245858585859
29,0.333346666666667
29,0.343447474747475
29,0.353548282828283
29,0.363649090909091
29,0.373749898989899
29,0.383850707070707
29,0.393951515151515
29,0.404052323232323
29,0.414153131313131
29,0.424253939393939
29,0.434354747474747
29,0.444455555555556
29,0.454556363636364
29,0.464657171717172
29,0.47475797979798
29,0.484858787878788
29,0.494959595959596
29,0.505060404040404
29,0.515161212121212
29,0.52526202020202
29,0.535362828282828
29,0.545463636363636
29,0.555564444444444
29,0.565665252525252
29,0.575766060606061
29,0.585866868686869
29,0.595967676767677
29,0.606068484848485
29,0.616169292929293
29,0.626270101010101
29,0.636370909090909
29,0.646471717171717
29,0.656572525252525
29,0.666673333333333
29,0.676774141414141
29,0.686874949494949
29,0.696975757575758
29,0.707076565656566
29,0.717177373737374
29,0.727278181818182
29,0.73737898989899
29,0.747479797979798
29,0.757580606060606
29,0.767681414141414
29,0.777782222222222
29,0.78788303030303
29,0.797983838383838
29,0.808084646464646
29,0.818185454545455
29,0.828286262626263
29,0.838387070707071
29,0.848487878787879
29,0.858588686868687
29,0.868689494949495
29,0.878790303030303
29,0.888891111111111
29,0.898991919191919
29,0.909092727272727
29,0.919193535353535
29,0.929294343434343
29,0.939395151515152
29,0.94949595959596
29,0.959596767676768
29,0.969697575757576
29,0.979798383838384
29,0.989899191919192
29,1
30,3.9999999999929e-05
30,0.010140606060606
30,0.0202412121212121
30,0.0303418181818181
30,0.0404424242424242
30,0.0505430303030302
30,0.0606436363636363
30,0.0707442424242424
30,0.0808448484848484
30,0.0909454545454545
30,0.101046060606061
30,0.111146666666667
30,0.121247272727273
30,0.131347878787879
30,0.141448484848485
30,0.151549090909091
30,0.161649696969697
30,0.171750303030303
30,0.181850909090909
30,0.191951515151515
30,0.202052121212121
30,0.212152727272727
30,0.222253333333333
30,0.232353939393939
30,0.242454545454545
30,0.252555151515151
30,0.262655757575758
30,0.272756363636364
30,0.28285696969697
30,0.292957575757576
30,0.303058181818182
30,0.313158787878788
30,0.323259393939394
30,0.33336
30,0.343460606060606
30,0.353561212121212
30,0.363661818181818
30,0.373762424242424
30,0.38386303030303
30,0.393963636363636
30,0.404064242424242
30,0.414164848484848
30,0.424265454545455
30,0.434366060606061
30,0.444466666666667
30,0.454567272727273
30,0.464667878787879
30,0.474768484848485
30,0.484869090909091
30,0.494969696969697
30,0.505070303030303
30,0.515170909090909
30,0.525271515151515
30,0.535372121212121
30,0.545472727272727
30,0.555573333333333
30,0.565673939393939
30,0.575774545454545
30,0.585875151515151
30,0.595975757575758
30,0.606076363636364
30,0.61617696969697
30,0.626277575757576
30,0.636378181818182
30,0.646478787878788
30,0.656579393939394
30,0.66668
30,0.676780606060606
30,0.686881212121212
30,0.696981818181818
30,0.707082424242424
30,0.71718303030303
30,0.727283636363636
30,0.737384242424242
30,0.747484848484849
30,0.757585454545455
30,0.767686060606061
30,0.777786666666667
30,0.787887272727273
30,0.797987878787879
30,0.808088484848485
30,0.818189090909091
30,0.828289696969697
30,0.838390303030303
30,0.848490909090909
30,0.858591515151515
30,0.868692121212121
30,0.878792727272727
30,0.888893333333333
30,0.898993939393939
30,0.909094545454545
30,0.919195151515152
30,0.929295757575758
30,0.939396363636364
30,0.94949696969697
30,0.959597575757576
30,0.969698181818182
30,0.979798787878788
30,0.989899393939394
30,1
31,5.99999999999767e-05
31,0.010160404040404
31,0.0202608080808081
31,0.0303612121212121
31,0.0404616161616161
31,0.0505620202020202
31,0.0606624242424242
31,0.0707628282828283
31,0.0808632323232323
31,0.0909636363636364
31,0.10106404040404
31,0.111164444444444
31,0.121264848484848
31,0.131365252525253
31,0.141465656565657
31,0.151566060606061
31,0.161666464646465
31,0.171766868686869
31,0.181867272727273
31,0.191967676767677
31,0.202068080808081
31,0.212168484848485
31,0.222268888888889
31,0.232369292929293
31,0.242469696969697
31,0.252570101010101
31,0.262670505050505
31,0.272770909090909
31,0.282871313131313
31,0.292971717171717
31,0.303072121212121
31,0.313172525252525
31,0.323272929292929
31,0.333373333333333
31,0.343473737373737
31,0.353574141414141
31,0.363674545454545
31,0.373774949494949
31,0.383875353535354
31,0.393975757575758
31,0.404076161616162
31,0.414176565656566
31,0.42427696969697
31,0.434377373737374
31,0.444477777777778
31,0.454578181818182
31,0.464678585858586
31,0.47477898989899
31,0.484879393939394
31,0.494979797979798
31,0.505080202020202
31,0.515180606060606
31,0.52528101010101
31,0.535381414141414
31,0.545481818181818
31,0.555582222222222
31,0.565682626262626
31,0.57578303030303
31,0.585883434343434
31,0.595983838383838
31,0.606084242424242
31,0.616184646464646
31,0.626285050505051
31,0.636385454545455
31,0.646485858585859
31,0.656586262626263
31,0.666686666666667
31,0.676787070707071
31,0.686887474747475
31,0.696987878787879
31,0.707088282828283
31,0.717188686868687
31,0.727289090909091
31,0.737389494949495
31,0.747489898989899
31,0.757590303030303
31,0.767690707070707
31,0.777791111111111
31,0.787891515151515
31,0.797991919191919
31,0.808092323232323
31,0.818192727272727
31,0.828293131313131
31,0.838393535353535
31,0.848493939393939
31,0.858594343434343
31,0.868694747474748
31,0.878795151515152
31,0.888895555555556
31,0.89899595959596
31,0.909096363636364
31,0.919196767676768
31,0.929297171717172
31,0.939397575757576
31,0.94949797979798
31,0.959598383838384
31,0.969698787878788
31,0.979799191919192
31,0.989899595959596
31,1
32,5.9999999999949e-05
32,0.010160404040404
32,0.020260808080808
32,0.0303612121212121
32,0.0404616161616161
32,0.0505620202020202
32,0.0606624242424242
32,0.0707628282828282
32,0.0808632323232323
32,0.0909636363636363
32,0.10106404040404
32,0.111164444444444
32,0.121264848484848
32,0.131365252525252
32,0.141465656565657
32,0.151566060606061
32,0.161666464646465
32,0.171766868686869
32,0.181867272727273
32,0.191967676767677
32,0.202068080808081
32,0.212168484848485
32,0.222268888888889
32,0.232369292929293
32,0.242469696969697
32,0.252570101010101
32,0.262670505050505
32,0.272770909090909
32,0.282871313131313
32,0.292971717171717
32,0.303072121212121
32,0.313172525252525
32,0.323272929292929
32,0.333373333333333
32,0.343473737373737
32,0.353574141414141
32,0.363674545454545
32,0.373774949494949
32,0.383875353535354
32,0.393975757575758
32,0.404076161616162
32,0.414176565656566
32,0.42427696969697
32,0.434377373737374
32,0.444477777777778
32,0.454578181818182
32,0.464678585858586
32,0.47477898989899
32,0.484879393939394
32,0.494979797979798
32,0.505080202020202
32,0.515180606060606
32,0.52528101010101
32,0.535381414141414
32,0.545481818181818
32,0.555582222222222
32,0.565682626262626
32,0.57578303030303
32,0.585883434343434
32,0.595983838383838
32,0.606084242424242
32,0.616184646464646
32,0.626285050505051
32,0.636385454545455
32,0.646485858585859
32,0.656586262626263
32,0.666686666666667
32,0.676787070707071
32,0.686887474747475
32,0.696987878787879
32,0.707088282828283
32,0.717188686868687
32,0.727289090909091
32,0.737389494949495
32,0.747489898989899
32,0.757590303030303
32,0.767690707070707
32,0.777791111111111
32,0.787891515151515
32,0.797991919191919
32,0.808092323232323
32,0.818192727272727
32,0.828293131313131
32,0.838393535353535
32,0.848493939393939
32,0.858594343434343
32,0.868694747474748
32,0.878795151515152
32,0.888895555555556
32,0.89899595959596
32,0.909096363636364
32,0.919196767676768
32,0.929297171717172
32,0.939397575757576
32,0.94949797979798
32,0.959598383838384
32,0.969698787878788
32,0.979799191919192
32,0.989899595959596
32,1
33,4e-05
33,0.0101406060606061
33,0.0202412121212121
33,0.0303418181818182
33,0.0404424242424242
33,0.0505430303030303
33,0.0606436363636364
33,0.0707442424242424
33,0.0808448484848485
33,0.0909454545454545
33,0.101046060606061
33,0.111146666666667
33,0.121247272727273
33,0.131347878787879
33,0.141448484848485
33,0.151549090909091
33,0.161649696969697
33,0.171750303030303
33,0.181850909090909
33,0.191951515151515
33,0.202052121212121
33,0.212152727272727
33,0.222253333333333
33,0.232353939393939
33,0.242454545454545
33,0.252555151515151
33,0.262655757575758
33,0.272756363636364
33,0.28285696969697
33,0.292957575757576
33,0.303058181818182
33,0.313158787878788
33,0.323259393939394
33,0.33336
33,0.343460606060606
33,0.353561212121212
33,0.363661818181818
33,0.373762424242424
33,0.38386303030303
33,0.393963636363636
33,0.404064242424242
33,0.414164848484848
33,0.424265454545455
33,0.434366060606061
33,0.444466666666667
33,0.454567272727273
33,0.464667878787879
33,0.474768484848485
33,0.484869090909091
33,0.494969696969697
33,0.505070303030303
33,0.515170909090909
33,0.525271515151515
33,0.535372121212121
33,0.545472727272727
33,0.555573333333333
33,0.565673939393939
33,0.575774545454545
33,0.585875151515151
33,0.595975757575758
33,0.606076363636364
33,0.61617696969697
33,0.626277575757576
33,0.636378181818182
33,0.646478787878788
33,0.656579393939394
33,0.66668
33,0.676780606060606
33,0.686881212121212
33,0.696981818181818
33,0.707082424242424
33,0.71718303030303
33,0.727283636363636
33,0.737384242424242
33,0.747484848484848
33,0.757585454545455
33,0.767686060606061
33,0.777786666666667
33,0.787887272727273
33,0.797987878787879
33,0.808088484848485
33,0.818189090909091
33,0.828289696969697
33,0.838390303030303
33,0.848490909090909
33,0.858591515151515
33,0.868692121212121
33,0.878792727272727
33,0.888893333333333
33,0.898993939393939
33,0.909094545454545
33,0.919195151515152
33,0.929295757575758
33,0.939396363636364
33,0.94949696969697
33,0.959597575757576
33,0.969698181818182
33,0.979798787878788
33,0.989899393939394
33,1
