2,0.019999999999996
2,0.355656565656562
2,0.691313131313127
2,1.02696969696969
2,1.36262626262626
2,1.69828282828282
2,2.03393939393939
2,2.36959595959596
2,2.70525252525252
2,3.04090909090909
2,3.37656565656565
2,3.71222222222222
2,4.04787878787878
2,4.38353535353535
2,4.71919191919192
2,5.05484848484848
2,5.39050505050505
2,5.72616161616161
2,6.06181818181818
2,6.39747474747474
2,6.73313131313131
2,7.06878787878788
2,7.40444444444444
2,7.74010101010101
2,8.07575757575757
2,8.41141414141414
2,8.7470707070707
2,9.08272727272727
2,9.41838383838384
2,9.7540404040404
2,10.089696969697
2,10.4253535353535
2,10.7610101010101
2,11.0966666666667
2,11.4323232323232
2,11.7679797979798
2,12.1036363636364
2,12.4392929292929
2,12.7749494949495
2,13.1106060606061
2,13.4462626262626
2,13.7819191919192
2,14.1175757575758
2,14.4532323232323
2,14.7888888888889
2,15.1245454545455
2,15.460202020202
2,15.7958585858586
2,16.1315151515151
2,16.4671717171717
2,16.8028282828283
2,17.1384848484848
2,17.4741414141414
2,17.809797979798
2,18.1454545454545
2,18.4811111111111
2,18.8167676767677
2,19.1524242424242
2,19.4880808080808
2,19.8237373737374
2,20.1593939393939
2,20.4950505050505
2,20.8307070707071
2,21.1663636363636
2,21.5020202020202
2,21.8376767676768
2,22.1733333333333
2,22.5089898989899
2,22.8446464646465
2,23.180303030303
2,23.5159595959596
2,23.8516161616162
2,24.1872727272727
2,24.5229292929293
2,24.8585858585859
2,25.1942424242424
2,25.529898989899
2,25.8655555555556
2,26.2012121212121
2,26.5368686868687
2,26.8725252525253
2,27.2081818181818
2,27.5438383838384
2,27.879494949495
2,28.2151515151515
2,28.5508080808081
2,28.8864646464646
2,29.2221212121212
2,29.5577777777778
2,29.8934343434343
2,30.2290909090909
2,30.5647474747475
2,30.900404040404
2,31.2360606060606
2,31.5717171717172
2,31.9073737373737
2,32.2430303030303
2,32.5786868686869
2,32.9143434343434
2,33.25
3,0.00999999999999979
3,0.151313131313131
3,0.292626262626262
3,0.433939393939394
3,0.575252525252525
3,0.716565656565656
3,0.857878787878788
3,0.999191919191919
3,1.14050505050505
3,1.28181818181818
3,1.42313131313131
3,1.56444444444444
3,1.70575757575758
3,1.84707070707071
3,1.98838383838384
3,2.12969696969697
3,2.2710101010101
3,2.41232323232323
3,2.55363636363636
3,2.69494949494949
3,2.83626262626263
3,2.97757575757576
3,3.11888888888889
3,3.26020202020202
3,3.40151515151515
3,3.54282828282828
3,3.68414141414141
3,3.82545454545455
3,3.96676767676768
3,4.10808080808081
3,4.24939393939394
3,4.39070707070707
3,4.5320202020202
3,4.67333333333333
3,4.81464646464646
3,4.9559595959596
3,5.09727272727273
3,5.23858585858586
3,5.37989898989899
3,5.52121212121212
3,5.66252525252525
3,5.80383838383838
3,5.94515151515151
3,6.08646464646465
3,6.22777777777778
3,6.36909090909091
3,6.51040404040404
3,6.65171717171717
3,6.7930303030303
3,6.93434343434343
3,7.07565656565657
3,7.2169696969697
3,7.35828282828283
3,7.49959595959596
3,7.64090909090909
3,7.78222222222222
3,7.92353535353535
3,8.06484848484848
3,8.20616161616162
3,8.34747474747475
3,8.48878787878788
3,8.63010101010101
3,8.77141414141414
3,8.91272727272727
3,9.0540404040404
3,9.19535353535353
3,9.33666666666667
3,9.4779797979798
3,9.61929292929293
3,9.76060606060606
3,9.90191919191919
3,10.0432323232323
3,10.1845454545455
3,10.3258585858586
3,10.4671717171717
3,10.6084848484848
3,10.749797979798
3,10.8911111111111
3,11.0324242424242
3,11.1737373737374
3,11.3150505050505
3,11.4563636363636
3,11.5976767676768
3,11.7389898989899
3,11.880303030303
3,12.0216161616162
3,12.1629292929293
3,12.3042424242424
3,12.4455555555556
3,12.5868686868687
3,12.7281818181818
3,12.8694949494949
3,13.0108080808081
3,13.1521212121212
3,13.2934343434343
3,13.4347474747475
3,13.5760606060606
3,13.7173737373737
3,13.8586868686869
3,14
7,0.01
7,0.153838383838384
7,0.297676767676768
7,0.441515151515152
7,0.585353535353535
7,0.729191919191919
7,0.873030303030303
7,1.01686868686869
7,1.16070707070707
7,1.30454545454545
7,1.44838383838384
7,1.59222222222222
7,1.73606060606061
7,1.87989898989899
7,2.02373737373737
7,2.16757575757576
7,2.31141414141414
7,2.45525252525253
7,2.59909090909091
7,2.74292929292929
7,2.88676767676768
7,3.03060606060606
7,3.17444444444445
7,3.31828282828283
7,3.46212121212121
7,3.6059595959596
7,3.74979797979798
7,3.89363636363636
7,4.03747474747475
7,4.18131313131313
7,4.32515151515152
7,4.4689898989899
7,4.61282828282828
7,4.75666666666667
7,4.90050505050505
7,5.04434343434343
7,5.18818181818182
7,5.3320202020202
7,5.47585858585859
7,5.61969696969697
7,5.76353535353535
7,5.90737373737374
7,6.05121212121212
7,6.19505050505051
7,6.33888888888889
7,6.48272727272727
7,6.62656565656566
7,6.77040404040404
7,6.91424242424242
7,7.05808080808081
7,7.20191919191919
7,7.34575757575758
7,7.48959595959596
7,7.63343434343434
7,7.77727272727273
7,7.92111111111111
7,8.0649494949495
7,8.20878787878788
7,8.35262626262626
7,8.49646464646465
7,8.64030303030303
7,8.78414141414141
7,8.9279797979798
7,9.07181818181818
7,9.21565656565657
7,9.35949494949495
7,9.50333333333333
7,9.64717171717172
7,9.7910101010101
7,9.93484848484849
7,10.0786868686869
7,10.2225252525253
7,10.3663636363636
7,10.510202020202
7,10.6540404040404
7,10.7978787878788
7,10.9417171717172
7,11.0855555555556
7,11.2293939393939
7,11.3732323232323
7,11.5170707070707
7,11.6609090909091
7,11.8047474747475
7,11.9485858585859
7,12.0924242424242
7,12.2362626262626
7,12.380101010101
7,12.5239393939394
7,12.6677777777778
7,12.8116161616162
7,12.9554545454545
7,13.0992929292929
7,13.2431313131313
7,13.3869696969697
7,13.5308080808081
7,13.6746464646465
7,13.8184848484848
7,13.9623232323232
7,14.1061616161616
7,14.25
10,2
10,2.18181818181818
10,2.36363636363636
10,2.54545454545455
10,2.72727272727273
10,2.90909090909091
10,3.09090909090909
10,3.27272727272727
10,3.45454545454545
10,3.63636363636364
10,3.81818181818182
10,4
10,4.18181818181818
10,4.36363636363636
10,4.54545454545454
10,4.72727272727273
10,4.90909090909091
10,5.09090909090909
10,5.27272727272727
10,5.45454545454546
10,5.63636363636364
10,5.81818181818182
10,6
10,6.18181818181818
10,6.36363636363636
10,6.54545454545455
10,6.72727272727273
10,6.90909090909091
10,7.09090909090909
10,7.27272727272727
10,7.45454545454546
10,7.63636363636364
10,7.81818181818182
10,8
10,8.18181818181818
10,8.36363636363636
10,8.54545454545455
10,8.72727272727273
10,8.90909090909091
10,9.09090909090909
10,9.27272727272727
10,9.45454545454546
10,9.63636363636364
10,9.81818181818182
10,10
10,10.1818181818182
10,10.3636363636364
10,10.5454545454545
10,10.7272727272727
10,10.9090909090909
10,11.0909090909091
10,11.2727272727273
10,11.4545454545455
10,11.6363636363636
10,11.8181818181818
10,12
10,12.1818181818182
10,12.3636363636364
10,12.5454545454545
10,12.7272727272727
10,12.9090909090909
10,13.0909090909091
10,13.2727272727273
10,13.4545454545455
10,13.6363636363636
10,13.8181818181818
10,14
10,14.1818181818182
10,14.3636363636364
10,14.5454545454545
10,14.7272727272727
10,14.9090909090909
10,15.0909090909091
10,15.2727272727273
10,15.4545454545455
10,15.6363636363636
10,15.8181818181818
10,16
10,16.1818181818182
10,16.3636363636364
10,16.5454545454545
10,16.7272727272727
10,16.9090909090909
10,17.0909090909091
10,17.2727272727273
10,17.4545454545455
10,17.6363636363636
10,17.8181818181818
10,18
10,18.1818181818182
10,18.3636363636364
10,18.5454545454545
10,18.7272727272727
10,18.9090909090909
10,19.0909090909091
10,19.2727272727273
10,19.4545454545455
10,19.6363636363636
10,19.8181818181818
10,20
13,2
13,12.0808080808081
13,22.1616161616162
13,32.2424242424242
13,42.3232323232323
13,52.4040404040404
13,62.4848484848485
13,72.5656565656566
13,82.6464646464647
13,92.7272727272727
13,102.808080808081
13,112.888888888889
13,122.969696969697
13,133.050505050505
13,143.131313131313
13,153.212121212121
13,163.292929292929
13,173.373737373737
13,183.454545454545
13,193.535353535354
13,203.616161616162
13,213.69696969697
13,223.777777777778
13,233.858585858586
13,243.939393939394
13,254.020202020202
13,264.10101010101
13,274.181818181818
13,284.262626262626
13,294.343434343434
13,304.424242424242
13,314.505050505051
13,324.585858585859
13,334.666666666667
13,344.747474747475
13,354.828282828283
13,364.909090909091
13,374.989898989899
13,385.070707070707
13,395.151515151515
13,405.232323232323
13,415.313131313131
13,425.393939393939
13,435.474747474748
13,445.555555555556
13,455.636363636364
13,465.717171717172
13,475.79797979798
13,485.878787878788
13,495.959595959596
13,506.040404040404
13,516.121212121212
13,526.20202020202
13,536.282828282828
13,546.363636363636
13,556.444444444444
13,566.525252525253
13,576.606060606061
13,586.686868686869
13,596.767676767677
13,606.848484848485
13,616.929292929293
13,627.010101010101
13,637.090909090909
13,647.171717171717
13,657.252525252525
13,667.333333333333
13,677.414141414141
13,687.49494949495
13,697.575757575758
13,707.656565656566
13,717.737373737374
13,727.818181818182
13,737.89898989899
13,747.979797979798
13,758.060606060606
13,768.141414141414
13,778.222222222222
13,788.30303030303
13,798.383838383838
13,808.464646464647
13,818.545454545455
13,828.626262626263
13,838.707070707071
13,848.787878787879
13,858.868686868687
13,868.949494949495
13,879.030303030303
13,889.111111111111
13,899.191919191919
13,909.272727272727
13,919.353535353535
13,929.434343434344
13,939.515151515152
13,949.59595959596
13,959.676767676768
13,969.757575757576
13,979.838383838384
13,989.919191919192
13,1000
14,2
14,507.030303030303
14,1012.06060606061
14,1517.09090909091
14,2022.12121212121
14,2527.15151515152
14,3032.18181818182
14,3537.21212121212
14,4042.24242424242
14,4547.27272727273
14,5052.30303030303
14,5557.33333333333
14,6062.36363636364
14,6567.39393939394
14,7072.42424242424
14,7577.45454545455
14,8082.48484848485
14,8587.51515151515
14,9092.54545454545
14,9597.57575757576
14,10102.6060606061
14,10607.6363636364
14,11112.6666666667
14,11617.696969697
14,12122.7272727273
14,12627.7575757576
14,13132.7878787879
14,13637.8181818182
14,14142.8484848485
14,14647.8787878788
14,15152.9090909091
14,15657.9393939394
14,16162.9696969697
14,16668
14,17173.0303030303
14,17678.0606060606
14,18183.0909090909
14,18688.1212121212
14,19193.1515151515
14,19698.1818181818
14,20203.2121212121
14,20708.2424242424
14,21213.2727272727
14,21718.303030303
14,22223.3333333333
14,22728.3636363636
14,23233.3939393939
14,23738.4242424242
14,24243.4545454545
14,24748.4848484848
14,25253.5151515152
14,25758.5454545455
14,26263.5757575758
14,26768.6060606061
14,27273.6363636364
14,27778.6666666667
14,28283.696969697
14,28788.7272727273
14,29293.7575757576
14,29798.7878787879
14,30303.8181818182
14,30808.8484848485
14,31313.8787878788
14,31818.9090909091
14,32323.9393939394
14,32828.9696969697
14,33334
14,33839.0303030303
14,34344.0606060606
14,34849.0909090909
14,35354.1212121212
14,35859.1515151515
14,36364.1818181818
14,36869.2121212121
14,37374.2424242424
14,37879.2727272727
14,38384.303030303
14,38889.3333333333
14,39394.3636363636
14,39899.3939393939
14,40404.4242424242
14,40909.4545454545
14,41414.4848484848
14,41919.5151515152
14,42424.5454545455
14,42929.5757575758
14,43434.6060606061
14,43939.6363636364
14,44444.6666666667
14,44949.696969697
14,45454.7272727273
14,45959.7575757576
14,46464.7878787879
14,46969.8181818182
14,47474.8484848485
14,47979.8787878788
14,48484.9090909091
14,48989.9393939394
14,49494.9696969697
14,50000
