17/05/24-19:57:50 | Phase 1 | BEGIN | Parameter initialization
17/05/24-19:57:50 | Phase 1 | Step 1: Log File | 17.05.24.19.57.50.log
17/05/24-19:57:50 | Phase 1 | Step 2: Data folder | ../../bbdd/01.Horse.Colic/04.Final.SCV/5/
17/05/24-19:57:50 | Phase 1 | Step 2: Variable vector | 3, 4, 5, 15, 18, 19, 21
17/05/24-19:57:50 | Phase 1 | Step 2: Class position | 23
17/05/24-19:57:50 | Phase 1 | Step 2: Number of Hs | 100
17/05/24-19:57:50 | Phase 1 | Step 3: Train File | ../../bbdd/01.Horse.Colic/04.Final.SCV/5/01.05.train.arff
17/05/24-19:57:50 | Phase 1 | Step 3: Train File Instances | 331
17/05/24-19:57:50 | Phase 1 | Step 3: Train File Variables | 23
17/05/24-19:57:50 | Phase 1 | Step 3: Test File | ../../bbdd/01.Horse.Colic/04.Final.SCV/5/01.05.test.arff
17/05/24-19:57:50 | Phase 1 | Step 3: Test File Instances | 37
17/05/24-19:57:50 | Phase 1 | Step 3: Test File Variables | 23
17/05/24-19:57:50 | Phase 1 | Step 4: ACC Method | 2
17/05/24-19:57:50 | Phase 1 | Step 4: Array H | Created
17/05/24-19:57:50 | Phase 1 | Step 4: Array ACC | Created
17/05/24-19:57:50 | Phase 1 | Step 4: H range | 1
17/05/24-19:57:50 | Phase 1 | Step 4: Exponent | 1
17/05/24-19:57:50 | Phase 1 | Step 5: Global variables creation | SUCCESS!
17/05/24-19:57:50 | Phase 1 | Step 6: H matrix | Initialized to zero
17/05/24-19:57:50 | Phase 1 | Step 7: Estimating H values | Variable 3
17/05/24-19:57:50 | Phase 1 | Step 7: Estimating H values | Variable 0.0688959999999952, 0.0954728080808033, 0.122049616161611, 0.14862642424242, 0.175203232323228, 0.201780040404036, 0.228356848484844, 0.254933656565652, 0.28151046464646, 0.308087272727268, 0.334664080808076, 0.361240888888885, 0.387817696969693, 0.414394505050501, 0.440971313131309, 0.467548121212117, 0.494124929292925, 0.520701737373733, 0.547278545454541, 0.573855353535349, 0.600432161616158, 0.627008969696966, 0.653585777777774, 0.680162585858582, 0.70673939393939, 0.733316202020198, 0.759893010101006, 0.786469818181814, 0.813046626262623, 0.839623434343431, 0.866200242424239, 0.892777050505047, 0.919353858585855, 0.945930666666663, 0.972507474747471, 0.999084282828279, 1.02566109090909, 1.0522378989899, 1.0788147070707, 1.10539151515151, 1.13196832323232, 1.15854513131313, 1.18512193939394, 1.21169874747474, 1.23827555555555, 1.26485236363636, 1.29142917171717, 1.31800597979798, 1.34458278787879, 1.37115959595959, 1.3977364040404, 1.42431321212121, 1.45089002020202, 1.47746682828283, 1.50404363636363, 1.53062044444444, 1.55719725252525, 1.58377406060606, 1.61035086868687, 1.63692767676767, 1.66350448484848, 1.69008129292929, 1.7166581010101, 1.74323490909091, 1.76981171717171, 1.79638852525252, 1.82296533333333, 1.84954214141414, 1.87611894949495, 1.90269575757576, 1.92927256565656, 1.95584937373737, 1.98242618181818, 2.00900298989899, 2.0355797979798, 2.0621566060606, 2.08873341414141, 2.11531022222222, 2.14188703030303, 2.16846383838384, 2.19504064646465, 2.22161745454545, 2.24819426262626, 2.27477107070707, 2.30134787878788, 2.32792468686869, 2.35450149494949, 2.3810783030303, 2.40765511111111, 2.43423191919192, 2.46080872727273, 2.48738553535353, 2.51396234343434, 2.54053915151515, 2.56711595959596, 2.59369276767677, 2.62026957575757, 2.64684638383838, 2.67342319191919, 2.7
17/05/24-19:57:50 | Phase 1 | Step 7: Estimating H values | Variable 4
17/05/24-19:57:50 | Phase 1 | Step 7: Estimating H values | Variable 1.51462000000001, 2.27709858585859, 3.03957717171718, 3.80205575757576, 4.56453434343435, 5.32701292929294, 6.08949151515152, 6.85197010101011, 7.61444868686869, 8.37692727272728, 9.13940585858587, 9.90188444444445, 10.664363030303, 11.4268416161616, 12.1893202020202, 12.9517987878788, 13.7142773737374, 14.476755959596, 15.2392345454546, 16.0017131313131, 16.7641917171717, 17.5266703030303, 18.2891488888889, 19.0516274747475, 19.8141060606061, 20.5765846464647, 21.3390632323232, 22.1015418181818, 22.8640204040404, 23.626498989899, 24.3889775757576, 25.1514561616162, 25.9139347474748, 26.6764133333333, 27.4388919191919, 28.2013705050505, 28.9638490909091, 29.7263276767677, 30.4888062626263, 31.2512848484849, 32.0137634343434, 32.776242020202, 33.5387206060606, 34.3011991919192, 35.0636777777778, 35.8261563636364, 36.588634949495, 37.3511135353535, 38.1135921212121, 38.8760707070707, 39.6385492929293, 40.4010278787879, 41.1635064646465, 41.9259850505051, 42.6884636363636, 43.4509422222222, 44.2134208080808, 44.9758993939394, 45.738377979798, 46.5008565656566, 47.2633351515152, 48.0258137373737, 48.7882923232323, 49.5507709090909, 50.3132494949495, 51.0757280808081, 51.8382066666667, 52.6006852525253, 53.3631638383838, 54.1256424242424, 54.888121010101, 55.6505995959596, 56.4130781818182, 57.1755567676768, 57.9380353535354, 58.7005139393939, 59.4629925252525, 60.2254711111111, 60.9879496969697, 61.7504282828283, 62.5129068686869, 63.2753854545455, 64.037864040404, 64.8003426262626, 65.5628212121212, 66.3252997979798, 67.0877783838384, 67.850256969697, 68.6127355555556, 69.3752141414141, 70.1376927272727, 70.9001713131313, 71.6626498989899, 72.4251284848485, 73.1876070707071, 73.9500856565656, 74.7125642424242, 75.4750428282828, 76.2375214141414, 77
17/05/24-19:57:50 | Phase 1 | Step 7: Estimating H values | Variable 5
17/05/24-19:57:50 | Phase 1 | Step 7: Estimating H values | Variable 1.043772, 1.47767329292929, 1.91157458585858, 2.34547587878788, 2.77937717171717, 3.21327846464646, 3.64717975757575, 4.08108105050505, 4.51498234343434, 4.94888363636363, 5.38278492929293, 5.81668622222222, 6.25058751515151, 6.68448880808081, 7.1183901010101, 7.55229139393939, 7.98619268686868, 8.42009397979798, 8.85399527272727, 9.28789656565656, 9.72179785858586, 10.1556991515151, 10.5896004444444, 11.0235017373737, 11.457403030303, 11.8913043232323, 12.3252056161616, 12.7591069090909, 13.1930082020202, 13.6269094949495, 14.0608107878788, 14.4947120808081, 14.9286133737374, 15.3625146666667, 15.796415959596, 16.2303172525253, 16.6642185454545, 17.0981198383838, 17.5320211313131, 17.9659224242424, 18.3998237171717, 18.833725010101, 19.2676263030303, 19.7015275959596, 20.1354288888889, 20.5693301818182, 21.0032314747475, 21.4371327676768, 21.8710340606061, 22.3049353535354, 22.7388366464646, 23.1727379393939, 23.6066392323232, 24.0405405252525, 24.4744418181818, 24.9083431111111, 25.3422444040404, 25.7761456969697, 26.210046989899, 26.6439482828283, 27.0778495757576, 27.5117508686869, 27.9456521616162, 28.3795534545455, 28.8134547474747, 29.247356040404, 29.6812573333333, 30.1151586262626, 30.5490599191919, 30.9829612121212, 31.4168625050505, 31.8507637979798, 32.2846650909091, 32.7185663838384, 33.1524676767677, 33.586368969697, 34.0202702626263, 34.4541715555556, 34.8880728484848, 35.3219741414141, 35.7558754343434, 36.1897767272727, 36.623678020202, 37.0575793131313, 37.4914806060606, 37.9253818989899, 38.3592831919192, 38.7931844848485, 39.2270857777778, 39.6609870707071, 40.0948883636364, 40.5287896565657, 40.9626909494949, 41.3965922424242, 41.8304935353535, 42.2643948282828, 42.6982961212121, 43.1321974141414, 43.5660987070707, 44
17/05/24-19:57:50 | Phase 1 | Step 7: Estimating H values | Variable 15
17/05/24-19:57:50 | Phase 1 | Step 7: Estimating H values | Variable 0.0753620000000002, 0.112479555555556, 0.149597111111111, 0.186714666666667, 0.223832222222222, 0.260949777777778, 0.298067333333333, 0.335184888888889, 0.372302444444445, 0.40942, 0.446537555555556, 0.483655111111111, 0.520772666666667, 0.557890222222222, 0.595007777777778, 0.632125333333334, 0.669242888888889, 0.706360444444445, 0.743478, 0.780595555555556, 0.817713111111111, 0.854830666666667, 0.891948222222222, 0.929065777777778, 0.966183333333334, 1.00330088888889, 1.04041844444444, 1.077536, 1.11465355555556, 1.15177111111111, 1.18888866666667, 1.22600622222222, 1.26312377777778, 1.30024133333333, 1.33735888888889, 1.37447644444444, 1.411594, 1.44871155555556, 1.48582911111111, 1.52294666666667, 1.56006422222222, 1.59718177777778, 1.63429933333333, 1.67141688888889, 1.70853444444444, 1.745652, 1.78276955555556, 1.81988711111111, 1.85700466666667, 1.89412222222222, 1.93123977777778, 1.96835733333333, 2.00547488888889, 2.04259244444444, 2.07971, 2.11682755555556, 2.15394511111111, 2.19106266666667, 2.22818022222222, 2.26529777777778, 2.30241533333333, 2.33953288888889, 2.37665044444444, 2.413768, 2.45088555555556, 2.48800311111111, 2.52512066666667, 2.56223822222222, 2.59935577777778, 2.63647333333333, 2.67359088888889, 2.71070844444444, 2.747826, 2.78494355555556, 2.82206111111111, 2.85917866666667, 2.89629622222222, 2.93341377777778, 2.97053133333333, 3.00764888888889, 3.04476644444444, 3.081884, 3.11900155555556, 3.15611911111111, 3.19323666666667, 3.23035422222222, 3.26747177777778, 3.30458933333333, 3.34170688888889, 3.37882444444444, 3.415942, 3.45305955555556, 3.49017711111111, 3.52729466666667, 3.56441222222222, 3.60152977777778, 3.63864733333333, 3.67576488888889, 3.71288244444444, 3.75
17/05/24-19:57:50 | Phase 1 | Step 7: Estimating H values | Variable 18
17/05/24-19:57:50 | Phase 1 | Step 7: Estimating H values | Variable 0.686403999999996, 1.02593527272727, 1.36546654545454, 1.70499781818181, 2.04452909090909, 2.38406036363636, 2.72359163636363, 3.06312290909091, 3.40265418181818, 3.74218545454545, 4.08171672727272, 4.421248, 4.76077927272727, 5.10031054545454, 5.43984181818181, 5.77937309090909, 6.11890436363636, 6.45843563636363, 6.79796690909091, 7.13749818181818, 7.47702945454545, 7.81656072727272, 8.156092, 8.49562327272727, 8.83515454545454, 9.17468581818181, 9.51421709090909, 9.85374836363636, 10.1932796363636, 10.5328109090909, 10.8723421818182, 11.2118734545455, 11.5514047272727, 11.890936, 12.2304672727273, 12.5699985454545, 12.9095298181818, 13.2490610909091, 13.5885923636364, 13.9281236363636, 14.2676549090909, 14.6071861818182, 14.9467174545455, 15.2862487272727, 15.62578, 15.9653112727273, 16.3048425454545, 16.6443738181818, 16.9839050909091, 17.3234363636364, 17.6629676363636, 18.0024989090909, 18.3420301818182, 18.6815614545455, 19.0210927272727, 19.360624, 19.7001552727273, 20.0396865454545, 20.3792178181818, 20.7187490909091, 21.0582803636364, 21.3978116363636, 21.7373429090909, 22.0768741818182, 22.4164054545455, 22.7559367272727, 23.095468, 23.4349992727273, 23.7745305454545, 24.1140618181818, 24.4535930909091, 24.7931243636364, 25.1326556363636, 25.4721869090909, 25.8117181818182, 26.1512494545455, 26.4907807272727, 26.830312, 27.1698432727273, 27.5093745454545, 27.8489058181818, 28.1884370909091, 28.5279683636364, 28.8674996363636, 29.2070309090909, 29.5465621818182, 29.8860934545455, 30.2256247272727, 30.565156, 30.9046872727273, 31.2442185454545, 31.5837498181818, 31.9232810909091, 32.2628123636364, 32.6023436363636, 32.9418749090909, 33.2814061818182, 33.6209374545454, 33.9604687272727, 34.3
17/05/24-19:57:50 | Phase 1 | Step 7: Estimating H values | Variable 19
17/05/24-19:57:50 | Phase 1 | Step 7: Estimating H values | Variable 0.199999999999999, 0.63080808080808, 1.06161616161616, 1.49242424242424, 1.92323232323232, 2.3540404040404, 2.78484848484848, 3.21565656565657, 3.64646464646465, 4.07727272727273, 4.50808080808081, 4.93888888888889, 5.36969696969697, 5.80050505050505, 6.23131313131313, 6.66212121212121, 7.09292929292929, 7.52373737373737, 7.95454545454546, 8.38535353535354, 8.81616161616162, 9.2469696969697, 9.67777777777778, 10.1085858585859, 10.5393939393939, 10.970202020202, 11.4010101010101, 11.8318181818182, 12.2626262626263, 12.6934343434343, 13.1242424242424, 13.5550505050505, 13.9858585858586, 14.4166666666667, 14.8474747474747, 15.2782828282828, 15.7090909090909, 16.139898989899, 16.5707070707071, 17.0015151515152, 17.4323232323232, 17.8631313131313, 18.2939393939394, 18.7247474747475, 19.1555555555556, 19.5863636363636, 20.0171717171717, 20.4479797979798, 20.8787878787879, 21.309595959596, 21.740404040404, 22.1712121212121, 22.6020202020202, 23.0328282828283, 23.4636363636364, 23.8944444444444, 24.3252525252525, 24.7560606060606, 25.1868686868687, 25.6176767676768, 26.0484848484849, 26.4792929292929, 26.910101010101, 27.3409090909091, 27.7717171717172, 28.2025252525253, 28.6333333333333, 29.0641414141414, 29.4949494949495, 29.9257575757576, 30.3565656565657, 30.7873737373737, 31.2181818181818, 31.6489898989899, 32.079797979798, 32.5106060606061, 32.9414141414141, 33.3722222222222, 33.8030303030303, 34.2338383838384, 34.6646464646465, 35.0954545454545, 35.5262626262626, 35.9570707070707, 36.3878787878788, 36.8186868686869, 37.249494949495, 37.680303030303, 38.1111111111111, 38.5419191919192, 38.9727272727273, 39.4035353535354, 39.8343434343434, 40.2651515151515, 40.6959595959596, 41.1267676767677, 41.5575757575758, 41.9883838383838, 42.4191919191919, 42.85
17/05/24-19:57:50 | Phase 1 | Step 7: Estimating H values | Variable 21
17/05/24-19:57:50 | Phase 1 | Step 7: Estimating H values | Variable 0.0962399999999999, 0.145772929292929, 0.195305858585858, 0.244838787878788, 0.294371717171717, 0.343904646464646, 0.393437575757576, 0.442970505050505, 0.492503434343434, 0.542036363636364, 0.591569292929293, 0.641102222222222, 0.690635151515151, 0.740168080808081, 0.78970101010101, 0.839233939393939, 0.888766868686869, 0.938299797979798, 0.987832727272727, 1.03736565656566, 1.08689858585859, 1.13643151515152, 1.18596444444444, 1.23549737373737, 1.2850303030303, 1.33456323232323, 1.38409616161616, 1.43362909090909, 1.48316202020202, 1.53269494949495, 1.58222787878788, 1.63176080808081, 1.68129373737374, 1.73082666666667, 1.7803595959596, 1.82989252525253, 1.87942545454545, 1.92895838383838, 1.97849131313131, 2.02802424242424, 2.07755717171717, 2.1270901010101, 2.17662303030303, 2.22615595959596, 2.27568888888889, 2.32522181818182, 2.37475474747475, 2.42428767676768, 2.47382060606061, 2.52335353535354, 2.57288646464646, 2.62241939393939, 2.67195232323232, 2.72148525252525, 2.77101818181818, 2.82055111111111, 2.87008404040404, 2.91961696969697, 2.9691498989899, 3.01868282828283, 3.06821575757576, 3.11774868686869, 3.16728161616162, 3.21681454545455, 3.26634747474747, 3.3158804040404, 3.36541333333333, 3.41494626262626, 3.46447919191919, 3.51401212121212, 3.56354505050505, 3.61307797979798, 3.66261090909091, 3.71214383838384, 3.76167676767677, 3.8112096969697, 3.86074262626263, 3.91027555555556, 3.95980848484848, 4.00934141414141, 4.05887434343434, 4.10840727272727, 4.1579402020202, 4.20747313131313, 4.25700606060606, 4.30653898989899, 4.35607191919192, 4.40560484848485, 4.45513777777778, 4.50467070707071, 4.55420363636364, 4.60373656565657, 4.65326949494949, 4.70280242424242, 4.75233535353535, 4.80186828282828, 4.85140121212121, 4.90093414141414, 4.95046707070707, 5
17/05/24-19:57:50 | Phase 1 | Step 8: Writting H values | Started
17/05/24-19:57:50 | Phase 1 | Step 8: Writting H values | Finished
17/05/24-19:57:50 | Phase 1 | END   | Parameters READY
17/05/24-19:57:50 | Phase 2 | Discretization Policy Calculation  | STARTED
17/05/24-19:57:51 | Phase 2 | < 3 , 1 , 1 , 1 > NI_PLUS   | 167
17/05/24-19:57:51 | Phase 2 | < 3 , 1 , 1 , 1 > NI_MINUS   | 97
17/05/24-19:57:51 | Phase 2 | < 3 , 1 , 1 , 1 > h_plus   | 0.0688959999999952
17/05/24-19:57:51 | Phase 2 | < 3 , 1 , 1 , 1 > fraction   | 1.72164948453608
17/05/24-19:57:51 | Phase 2 | < 3 , 1 , 1 , 1 > h_minus   | 0.11861476288659
17/05/24-19:57:52 | Phase 2 | < 3 , 1 , 1 , 1 > ACC[var,h]  | 0.49952380952381
17/05/24-19:57:52 | Phase 2 | < 3 , 1 , 1 , 1 > Zeros   | 38.6186147628852, 40.7311040000009
17/05/24-19:57:52 | Phase 2 | < 3 , 1 , 1 , 1 > Num zeros  | 2
17/05/24-19:57:52 | Phase 2 | < 3 , 1 , 1 , 1 > Best Policy           | 38.6186147628852, 40.7311040000009
17/05/24-19:57:52 | Phase 2 | < 3 , 1 , 1 , 1 > Best Policy (Metric)  | 0.49952380952381
17/05/24-19:57:52 | Phase 2 | < 3 , 1 , 1 , 1 > Best Policy (H +   )  | 0.0688959999999952
17/05/24-19:57:52 | Phase 2 | < 3 , 1 , 1 , 1 > Best Policy (H -   )  | 0.11861476288659
17/05/24-19:57:52 | Phase 2 | < 3 , 1 , 1 , 2 > NI_PLUS   | 167
17/05/24-19:57:52 | Phase 2 | < 3 , 1 , 1 , 2 > NI_MINUS   | 97
17/05/24-19:57:52 | Phase 2 | < 3 , 1 , 1 , 2 > h_plus   | 0.0954728080808033
17/05/24-19:57:52 | Phase 2 | < 3 , 1 , 1 , 2 > fraction   | 1.72164948453608
17/05/24-19:57:52 | Phase 2 | < 3 , 1 , 1 , 2 > h_minus   | 0.164370710819527
17/05/24-19:57:54 | Phase 2 | < 3 , 1 , 1 , 2 > ACC[var,h]  | 0.49952380952381
17/05/24-19:57:54 | Phase 2 | < 3 , 1 , 1 , 2 > Zeros   | 38.6643707108195, 39.7643707108186, 40.7045271919203
17/05/24-19:57:54 | Phase 2 | < 3 , 1 , 1 , 2 > Num zeros  | 3
17/05/24-19:57:54 | Phase 2 | < 3 , 1 , 1 , 3 > NI_PLUS   | 167
17/05/24-19:57:54 | Phase 2 | < 3 , 1 , 1 , 3 > NI_MINUS   | 97
17/05/24-19:57:54 | Phase 2 | < 3 , 1 , 1 , 3 > h_plus   | 0.122049616161611
17/05/24-19:57:54 | Phase 2 | < 3 , 1 , 1 , 3 > fraction   | 1.72164948453608
17/05/24-19:57:54 | Phase 2 | < 3 , 1 , 1 , 3 > h_minus   | 0.210126658752465
17/05/24-19:57:56 | Phase 2 | < 3 , 1 , 1 , 3 > ACC[var,h]  | 0.49952380952381
17/05/24-19:57:56 | Phase 2 | < 3 , 1 , 1 , 3 > Zeros   | 38.7101266587522, 39.7897727272717, 40.0220496161616
17/05/24-19:57:56 | Phase 2 | < 3 , 1 , 1 , 3 > Num zeros  | 3
17/05/24-19:57:56 | Phase 2 | < 3 , 1 , 1 , 4 > NI_PLUS   | 167
17/05/24-19:57:56 | Phase 2 | < 3 , 1 , 1 , 4 > NI_MINUS   | 97
17/05/24-19:57:56 | Phase 2 | < 3 , 1 , 1 , 4 > h_plus   | 0.14862642424242
17/05/24-19:57:56 | Phase 2 | < 3 , 1 , 1 , 4 > fraction   | 1.72164948453608
17/05/24-19:57:56 | Phase 2 | < 3 , 1 , 1 , 4 > h_minus   | 0.255882606685403
17/05/24-19:57:58 | Phase 2 | < 3 , 1 , 1 , 4 > ACC[var,h]  | 0.492380952380952
17/05/24-19:57:58 | Phase 2 | < 3 , 1 , 1 , 4 > Zeros   | 38.7558826066854, 39.2165654596612, 39.789772727274, 40.1513735757578, 40.4486264242421
17/05/24-19:57:58 | Phase 2 | < 3 , 1 , 1 , 4 > Num zeros  | 5
17/05/24-19:57:58 | Phase 2 | < 3 , 1 , 1 , 5 > NI_PLUS   | 167
17/05/24-19:57:58 | Phase 2 | < 3 , 1 , 1 , 5 > NI_MINUS   | 97
17/05/24-19:57:58 | Phase 2 | < 3 , 1 , 1 , 5 > h_plus   | 0.175203232323228
17/05/24-19:57:58 | Phase 2 | < 3 , 1 , 1 , 5 > fraction   | 1.72164948453608
17/05/24-19:57:58 | Phase 2 | < 3 , 1 , 1 , 5 > h_minus   | 0.30163855461834
17/05/24-19:57:59 | Phase 2 | < 3 , 1 , 1 , 5 > ACC[var,h]  | 0.496190476190476
17/05/24-19:57:59 | Phase 2 | < 3 , 1 , 1 , 5 > Zeros   | 39.2165654596616, 39.7961747254451, 40.0752032323225, 40.6247967676784
17/05/24-19:57:59 | Phase 2 | < 3 , 1 , 1 , 5 > Num zeros  | 4
17/05/24-19:57:59 | Phase 2 | < 3 , 1 , 1 , 6 > NI_PLUS   | 167
17/05/24-19:57:59 | Phase 2 | < 3 , 1 , 1 , 6 > NI_MINUS   | 97
17/05/24-19:57:59 | Phase 2 | < 3 , 1 , 1 , 6 > h_plus   | 0.201780040404036
17/05/24-19:57:59 | Phase 2 | < 3 , 1 , 1 , 6 > fraction   | 1.72164948453608
17/05/24-19:57:59 | Phase 2 | < 3 , 1 , 1 , 6 > h_minus   | 0.347394502551278
17/05/24-19:58:01 | Phase 2 | < 3 , 1 , 1 , 6 > ACC[var,h]  | 0.480952380952381
17/05/24-19:58:01 | Phase 2 | < 3 , 1 , 1 , 6 > Zeros   | 38.898219959597, 39.2165654596583, 39.8232519475266, 40.598219959597
17/05/24-19:58:01 | Phase 2 | < 3 , 1 , 1 , 6 > Num zeros  | 4
17/05/24-19:58:01 | Phase 2 | < 3 , 1 , 1 , 7 > NI_PLUS   | 167
17/05/24-19:58:01 | Phase 2 | < 3 , 1 , 1 , 7 > NI_MINUS   | 97
17/05/24-19:58:01 | Phase 2 | < 3 , 1 , 1 , 7 > h_plus   | 0.228356848484844
17/05/24-19:58:01 | Phase 2 | < 3 , 1 , 1 , 7 > fraction   | 1.72164948453608
17/05/24-19:58:01 | Phase 2 | < 3 , 1 , 1 , 7 > h_minus   | 0.393150450484216
17/05/24-19:58:03 | Phase 2 | < 3 , 1 , 1 , 7 > ACC[var,h]  | 0.487619047619048
17/05/24-19:58:03 | Phase 2 | < 3 , 1 , 1 , 7 > Zeros   | 38.8764427294338, 39.8541176948763, 40.5716431515153
17/05/24-19:58:03 | Phase 2 | < 3 , 1 , 1 , 7 > Num zeros  | 3
17/05/24-19:58:03 | Phase 2 | < 3 , 1 , 1 , 8 > NI_PLUS   | 167
17/05/24-19:58:03 | Phase 2 | < 3 , 1 , 1 , 8 > NI_MINUS   | 97
17/05/24-19:58:03 | Phase 2 | < 3 , 1 , 1 , 8 > h_plus   | 0.254933656565652
17/05/24-19:58:03 | Phase 2 | < 3 , 1 , 1 , 8 > fraction   | 1.72164948453608
17/05/24-19:58:03 | Phase 2 | < 3 , 1 , 1 , 8 > h_minus   | 0.438906398417154
17/05/24-19:58:04 | Phase 2 | < 3 , 1 , 1 , 8 > ACC[var,h]  | 0.488571428571429
17/05/24-19:58:04 | Phase 2 | < 3 , 1 , 1 , 8 > Zeros   | 38.8654321080975, 39.0262361117797, 39.8887605068721
17/05/24-19:58:04 | Phase 2 | < 3 , 1 , 1 , 8 > Num zeros  | 3
17/05/24-19:58:04 | Phase 2 | < 3 , 1 , 1 , 9 > NI_PLUS   | 167
17/05/24-19:58:04 | Phase 2 | < 3 , 1 , 1 , 9 > NI_MINUS   | 97
17/05/24-19:58:04 | Phase 2 | < 3 , 1 , 1 , 9 > h_plus   | 0.28151046464646
17/05/24-19:58:04 | Phase 2 | < 3 , 1 , 1 , 9 > fraction   | 1.72164948453608
17/05/24-19:58:04 | Phase 2 | < 3 , 1 , 1 , 9 > h_minus   | 0.484662346350091
17/05/24-19:58:06 | Phase 2 | < 3 , 1 , 1 , 9 > ACC[var,h]  | 0.488571428571429
17/05/24-19:58:06 | Phase 2 | < 3 , 1 , 1 , 9 > Zeros   | 38.853595926914, 39.077157115897, 39.9271675754339
17/05/24-19:58:06 | Phase 2 | < 3 , 1 , 1 , 9 > Num zeros  | 3
17/05/24-19:58:06 | Phase 2 | < 3 , 1 , 1 , 10 > NI_PLUS   | 167
17/05/24-19:58:06 | Phase 2 | < 3 , 1 , 1 , 10 > NI_MINUS   | 97
17/05/24-19:58:06 | Phase 2 | < 3 , 1 , 1 , 10 > h_plus   | 0.308087272727268
17/05/24-19:58:06 | Phase 2 | < 3 , 1 , 1 , 10 > fraction   | 1.72164948453608
17/05/24-19:58:06 | Phase 2 | < 3 , 1 , 1 , 10 > h_minus   | 0.530418294283029
17/05/24-19:58:06 | Phase 2 | < 3 , 1 , 1 , 10 > ACC[var,h]  | 0
17/05/24-19:58:06 | Phase 2 | < 3 , 1 , 1 , 10 > Zeros   | 
17/05/24-19:58:06 | Phase 2 | < 3 , 1 , 1 , 10 > Num zeros  | 0
17/05/24-19:58:06 | Phase 2 | < 3 , 1 , 1 , 11 > NI_PLUS   | 167
17/05/24-19:58:06 | Phase 2 | < 3 , 1 , 1 , 11 > NI_MINUS   | 97
17/05/24-19:58:06 | Phase 2 | < 3 , 1 , 1 , 11 > h_plus   | 0.334664080808076
17/05/24-19:58:06 | Phase 2 | < 3 , 1 , 1 , 11 > fraction   | 1.72164948453608
17/05/24-19:58:06 | Phase 2 | < 3 , 1 , 1 , 11 > h_minus   | 0.576174242215967
17/05/24-19:58:08 | Phase 2 | < 3 , 1 , 1 , 11 > ACC[var,h]  | 0.5
17/05/24-19:58:08 | Phase 2 | < 3 , 1 , 1 , 11 > Zeros   | 39.9670161797344
17/05/24-19:58:08 | Phase 2 | < 3 , 1 , 1 , 11 > Num zeros  | 1
17/05/24-19:58:08 | Phase 2 | < 3 , 1 , 1 , 11 > Best Policy           | 39.9670161797344
17/05/24-19:58:08 | Phase 2 | < 3 , 1 , 1 , 11 > Best Policy (Metric)  | 0.5
17/05/24-19:58:08 | Phase 2 | < 3 , 1 , 1 , 11 > Best Policy (H +   )  | 0.334664080808076
17/05/24-19:58:08 | Phase 2 | < 3 , 1 , 1 , 11 > Best Policy (H -   )  | 0.576174242215967
17/05/24-19:58:08 | Phase 2 | < 3 , 1 , 1 , 12 > NI_PLUS   | 167
17/05/24-19:58:08 | Phase 2 | < 3 , 1 , 1 , 12 > NI_MINUS   | 97
17/05/24-19:58:08 | Phase 2 | < 3 , 1 , 1 , 12 > h_plus   | 0.361240888888885
17/05/24-19:58:08 | Phase 2 | < 3 , 1 , 1 , 12 > fraction   | 1.72164948453608
17/05/24-19:58:08 | Phase 2 | < 3 , 1 , 1 , 12 > h_minus   | 0.621930190148904
17/05/24-19:58:10 | Phase 2 | < 3 , 1 , 1 , 12 > ACC[var,h]  | 0.5
17/05/24-19:58:10 | Phase 2 | < 3 , 1 , 1 , 12 > Zeros   | 39.9750987948032
17/05/24-19:58:10 | Phase 2 | < 3 , 1 , 1 , 12 > Num zeros  | 1
17/05/24-19:58:10 | Phase 2 | < 3 , 1 , 1 , 13 > NI_PLUS   | 167
17/05/24-19:58:10 | Phase 2 | < 3 , 1 , 1 , 13 > NI_MINUS   | 97
17/05/24-19:58:10 | Phase 2 | < 3 , 1 , 1 , 13 > h_plus   | 0.387817696969693
17/05/24-19:58:10 | Phase 2 | < 3 , 1 , 1 , 13 > fraction   | 1.72164948453608
17/05/24-19:58:10 | Phase 2 | < 3 , 1 , 1 , 13 > h_minus   | 0.667686138081842
17/05/24-19:58:12 | Phase 2 | < 3 , 1 , 1 , 13 > ACC[var,h]  | 0.5
17/05/24-19:58:12 | Phase 2 | < 3 , 1 , 1 , 13 > Zeros   | 39.983950287683
17/05/24-19:58:12 | Phase 2 | < 3 , 1 , 1 , 13 > Num zeros  | 1
17/05/24-19:58:12 | Phase 2 | < 3 , 1 , 1 , 14 > NI_PLUS   | 167
17/05/24-19:58:12 | Phase 2 | < 3 , 1 , 1 , 14 > NI_MINUS   | 97
17/05/24-19:58:12 | Phase 2 | < 3 , 1 , 1 , 14 > h_plus   | 0.414394505050501
17/05/24-19:58:12 | Phase 2 | < 3 , 1 , 1 , 14 > fraction   | 1.72164948453608
17/05/24-19:58:12 | Phase 2 | < 3 , 1 , 1 , 14 > h_minus   | 0.71344208601478
17/05/24-19:58:14 | Phase 2 | < 3 , 1 , 1 , 14 > ACC[var,h]  | 0.5
17/05/24-19:58:14 | Phase 2 | < 3 , 1 , 1 , 14 > Zeros   | 39.9936139074101
17/05/24-19:58:14 | Phase 2 | < 3 , 1 , 1 , 14 > Num zeros  | 1
17/05/24-19:58:14 | Phase 2 | < 3 , 1 , 1 , 15 > NI_PLUS   | 167
17/05/24-19:58:14 | Phase 2 | < 3 , 1 , 1 , 15 > NI_MINUS   | 97
17/05/24-19:58:14 | Phase 2 | < 3 , 1 , 1 , 15 > h_plus   | 0.440971313131309
17/05/24-19:58:14 | Phase 2 | < 3 , 1 , 1 , 15 > fraction   | 1.72164948453608
17/05/24-19:58:14 | Phase 2 | < 3 , 1 , 1 , 15 > h_minus   | 0.759198033947717
17/05/24-19:58:15 | Phase 2 | < 3 , 1 , 1 , 15 > ACC[var,h]  | 0.5
17/05/24-19:58:15 | Phase 2 | < 3 , 1 , 1 , 15 > Zeros   | 40.0041406641044
17/05/24-19:58:15 | Phase 2 | < 3 , 1 , 1 , 15 > Num zeros  | 1
17/05/24-19:58:15 | Phase 2 | < 3 , 1 , 1 , 16 > NI_PLUS   | 167
17/05/24-19:58:15 | Phase 2 | < 3 , 1 , 1 , 16 > NI_MINUS   | 97
17/05/24-19:58:15 | Phase 2 | < 3 , 1 , 1 , 16 > h_plus   | 0.467548121212117
17/05/24-19:58:15 | Phase 2 | < 3 , 1 , 1 , 16 > fraction   | 1.72164948453608
17/05/24-19:58:15 | Phase 2 | < 3 , 1 , 1 , 16 > h_minus   | 0.804953981880655
17/05/24-19:58:17 | Phase 2 | < 3 , 1 , 1 , 16 > ACC[var,h]  | 0.5
17/05/24-19:58:17 | Phase 2 | < 3 , 1 , 1 , 16 > Zeros   | 40.0155911158758
17/05/24-19:58:17 | Phase 2 | < 3 , 1 , 1 , 16 > Num zeros  | 1
17/05/24-19:58:17 | Phase 2 | < 3 , 1 , 1 , 17 > NI_PLUS   | 167
17/05/24-19:58:17 | Phase 2 | < 3 , 1 , 1 , 17 > NI_MINUS   | 97
17/05/24-19:58:17 | Phase 2 | < 3 , 1 , 1 , 17 > h_plus   | 0.494124929292925
17/05/24-19:58:17 | Phase 2 | < 3 , 1 , 1 , 17 > fraction   | 1.72164948453608
17/05/24-19:58:17 | Phase 2 | < 3 , 1 , 1 , 17 > h_minus   | 0.850709929813593
17/05/24-19:58:19 | Phase 2 | < 3 , 1 , 1 , 17 > ACC[var,h]  | 0.5
17/05/24-19:58:19 | Phase 2 | < 3 , 1 , 1 , 17 > Zeros   | 40.0330273745791
17/05/24-19:58:19 | Phase 2 | < 3 , 1 , 1 , 17 > Num zeros  | 1
17/05/24-19:58:19 | Phase 2 | < 3 , 1 , 1 , 18 > NI_PLUS   | 167
17/05/24-19:58:19 | Phase 2 | < 3 , 1 , 1 , 18 > NI_MINUS   | 97
17/05/24-19:58:19 | Phase 2 | < 3 , 1 , 1 , 18 > h_plus   | 0.520701737373733
17/05/24-19:58:19 | Phase 2 | < 3 , 1 , 1 , 18 > fraction   | 1.72164948453608
17/05/24-19:58:19 | Phase 2 | < 3 , 1 , 1 , 18 > h_minus   | 0.896465877746531
17/05/24-19:58:21 | Phase 2 | < 3 , 1 , 1 , 18 > ACC[var,h]  | 0.5
17/05/24-19:58:21 | Phase 2 | < 3 , 1 , 1 , 18 > Zeros   | 40.0544212692799
17/05/24-19:58:21 | Phase 2 | < 3 , 1 , 1 , 18 > Num zeros  | 1
17/05/24-19:58:21 | Phase 2 | < 3 , 1 , 1 , 19 > NI_PLUS   | 167
17/05/24-19:58:21 | Phase 2 | < 3 , 1 , 1 , 19 > NI_MINUS   | 97
17/05/24-19:58:21 | Phase 2 | < 3 , 1 , 1 , 19 > h_plus   | 0.547278545454541
17/05/24-19:58:21 | Phase 2 | < 3 , 1 , 1 , 19 > fraction   | 1.72164948453608
17/05/24-19:58:21 | Phase 2 | < 3 , 1 , 1 , 19 > h_minus   | 0.942221825679468
17/05/24-19:58:22 | Phase 2 | < 3 , 1 , 1 , 19 > ACC[var,h]  | 0.5
17/05/24-19:58:22 | Phase 2 | < 3 , 1 , 1 , 19 > Zeros   | 40.0777534539365
17/05/24-19:58:22 | Phase 2 | < 3 , 1 , 1 , 19 > Num zeros  | 1
17/05/24-19:58:22 | Phase 2 | < 3 , 1 , 1 , 20 > NI_PLUS   | 167
17/05/24-19:58:22 | Phase 2 | < 3 , 1 , 1 , 20 > NI_MINUS   | 97
17/05/24-19:58:22 | Phase 2 | < 3 , 1 , 1 , 20 > h_plus   | 0.573855353535349
17/05/24-19:58:22 | Phase 2 | < 3 , 1 , 1 , 20 > fraction   | 1.72164948453608
17/05/24-19:58:22 | Phase 2 | < 3 , 1 , 1 , 20 > h_minus   | 0.987977773612406
17/05/24-19:58:24 | Phase 2 | < 3 , 1 , 1 , 20 > ACC[var,h]  | 0.5
17/05/24-19:58:24 | Phase 2 | < 3 , 1 , 1 , 20 > Zeros   | 40.1032583917916
17/05/24-19:58:24 | Phase 2 | < 3 , 1 , 1 , 20 > Num zeros  | 1
17/05/24-19:58:24 | Phase 2 | < 3 , 1 , 1 , 21 > NI_PLUS   | 167
17/05/24-19:58:24 | Phase 2 | < 3 , 1 , 1 , 21 > NI_MINUS   | 97
17/05/24-19:58:24 | Phase 2 | < 3 , 1 , 1 , 21 > h_plus   | 0.600432161616158
17/05/24-19:58:24 | Phase 2 | < 3 , 1 , 1 , 21 > fraction   | 1.72164948453608
17/05/24-19:58:24 | Phase 2 | < 3 , 1 , 1 , 21 > h_minus   | 1.03373372154534
17/05/24-19:58:24 | Phase 2 | < 3 , 1 , 1 , 21 > ACC[var,h]  | 0
17/05/24-19:58:24 | Phase 2 | < 3 , 1 , 1 , 21 > Zeros   | 
17/05/24-19:58:24 | Phase 2 | < 3 , 1 , 1 , 21 > Num zeros  | 0
17/05/24-19:58:24 | Phase 2 | < 3 , 1 , 1 , 22 > NI_PLUS   | 167
17/05/24-19:58:24 | Phase 2 | < 3 , 1 , 1 , 22 > NI_MINUS   | 97
17/05/24-19:58:24 | Phase 2 | < 3 , 1 , 1 , 22 > h_plus   | 0.627008969696966
17/05/24-19:58:24 | Phase 2 | < 3 , 1 , 1 , 22 > fraction   | 1.72164948453608
17/05/24-19:58:24 | Phase 2 | < 3 , 1 , 1 , 22 > h_minus   | 1.07948966947828
17/05/24-19:58:25 | Phase 2 | < 3 , 1 , 1 , 22 > ACC[var,h]  | 0
17/05/24-19:58:25 | Phase 2 | < 3 , 1 , 1 , 22 > Zeros   | 
17/05/24-19:58:25 | Phase 2 | < 3 , 1 , 1 , 22 > Num zeros  | 0
17/05/24-19:58:25 | Phase 2 | < 3 , 1 , 1 , 23 > NI_PLUS   | 167
17/05/24-19:58:25 | Phase 2 | < 3 , 1 , 1 , 23 > NI_MINUS   | 97
17/05/24-19:58:25 | Phase 2 | < 3 , 1 , 1 , 23 > h_plus   | 0.653585777777774
17/05/24-19:58:25 | Phase 2 | < 3 , 1 , 1 , 23 > fraction   | 1.72164948453608
17/05/24-19:58:25 | Phase 2 | < 3 , 1 , 1 , 23 > h_minus   | 1.12524561741122
17/05/24-19:58:25 | Phase 2 | < 3 , 1 , 1 , 23 > ACC[var,h]  | 0
17/05/24-19:58:25 | Phase 2 | < 3 , 1 , 1 , 23 > Zeros   | 
17/05/24-19:58:25 | Phase 2 | < 3 , 1 , 1 , 23 > Num zeros  | 0
17/05/24-19:58:25 | Phase 2 | < 3 , 1 , 1 , 24 > NI_PLUS   | 167
17/05/24-19:58:25 | Phase 2 | < 3 , 1 , 1 , 24 > NI_MINUS   | 97
17/05/24-19:58:25 | Phase 2 | < 3 , 1 , 1 , 24 > h_plus   | 0.680162585858582
17/05/24-19:58:25 | Phase 2 | < 3 , 1 , 1 , 24 > fraction   | 1.72164948453608
17/05/24-19:58:25 | Phase 2 | < 3 , 1 , 1 , 24 > h_minus   | 1.17100156534416
17/05/24-19:58:25 | Phase 2 | < 3 , 1 , 1 , 24 > ACC[var,h]  | 0
17/05/24-19:58:25 | Phase 2 | < 3 , 1 , 1 , 24 > Zeros   | 
17/05/24-19:58:25 | Phase 2 | < 3 , 1 , 1 , 24 > Num zeros  | 0
17/05/24-19:58:25 | Phase 2 | < 3 , 1 , 1 , 25 > NI_PLUS   | 167
17/05/24-19:58:25 | Phase 2 | < 3 , 1 , 1 , 25 > NI_MINUS   | 97
17/05/24-19:58:25 | Phase 2 | < 3 , 1 , 1 , 25 > h_plus   | 0.70673939393939
17/05/24-19:58:25 | Phase 2 | < 3 , 1 , 1 , 25 > fraction   | 1.72164948453608
17/05/24-19:58:25 | Phase 2 | < 3 , 1 , 1 , 25 > h_minus   | 1.21675751327709
17/05/24-19:58:25 | Phase 2 | < 3 , 1 , 1 , 25 > ACC[var,h]  | 0
17/05/24-19:58:25 | Phase 2 | < 3 , 1 , 1 , 25 > Zeros   | 
17/05/24-19:58:25 | Phase 2 | < 3 , 1 , 1 , 25 > Num zeros  | 0
17/05/24-19:58:25 | Phase 2 | < 3 , 1 , 1 , 26 > NI_PLUS   | 167
17/05/24-19:58:25 | Phase 2 | < 3 , 1 , 1 , 26 > NI_MINUS   | 97
17/05/24-19:58:25 | Phase 2 | < 3 , 1 , 1 , 26 > h_plus   | 0.733316202020198
17/05/24-19:58:25 | Phase 2 | < 3 , 1 , 1 , 26 > fraction   | 1.72164948453608
17/05/24-19:58:25 | Phase 2 | < 3 , 1 , 1 , 26 > h_minus   | 1.26251346121003
17/05/24-19:58:25 | Phase 2 | < 3 , 1 , 1 , 26 > ACC[var,h]  | 0
17/05/24-19:58:25 | Phase 2 | < 3 , 1 , 1 , 26 > Zeros   | 
17/05/24-19:58:25 | Phase 2 | < 3 , 1 , 1 , 26 > Num zeros  | 0
17/05/24-19:58:25 | Phase 2 | < 3 , 1 , 1 , 27 > NI_PLUS   | 167
17/05/24-19:58:25 | Phase 2 | < 3 , 1 , 1 , 27 > NI_MINUS   | 97
17/05/24-19:58:25 | Phase 2 | < 3 , 1 , 1 , 27 > h_plus   | 0.759893010101006
17/05/24-19:58:25 | Phase 2 | < 3 , 1 , 1 , 27 > fraction   | 1.72164948453608
17/05/24-19:58:25 | Phase 2 | < 3 , 1 , 1 , 27 > h_minus   | 1.30826940914297
17/05/24-19:58:26 | Phase 2 | < 3 , 1 , 1 , 27 > ACC[var,h]  | 0
17/05/24-19:58:26 | Phase 2 | < 3 , 1 , 1 , 27 > Zeros   | 
17/05/24-19:58:26 | Phase 2 | < 3 , 1 , 1 , 27 > Num zeros  | 0
17/05/24-19:58:26 | Phase 2 | < 3 , 1 , 1 , 28 > NI_PLUS   | 167
17/05/24-19:58:26 | Phase 2 | < 3 , 1 , 1 , 28 > NI_MINUS   | 97
17/05/24-19:58:26 | Phase 2 | < 3 , 1 , 1 , 28 > h_plus   | 0.786469818181814
17/05/24-19:58:26 | Phase 2 | < 3 , 1 , 1 , 28 > fraction   | 1.72164948453608
17/05/24-19:58:26 | Phase 2 | < 3 , 1 , 1 , 28 > h_minus   | 1.35402535707591
17/05/24-19:58:26 | Phase 2 | < 3 , 1 , 1 , 28 > ACC[var,h]  | 0
17/05/24-19:58:26 | Phase 2 | < 3 , 1 , 1 , 28 > Zeros   | 
17/05/24-19:58:26 | Phase 2 | < 3 , 1 , 1 , 28 > Num zeros  | 0
17/05/24-19:58:26 | Phase 2 | < 3 , 1 , 1 , 29 > NI_PLUS   | 167
17/05/24-19:58:26 | Phase 2 | < 3 , 1 , 1 , 29 > NI_MINUS   | 97
17/05/24-19:58:26 | Phase 2 | < 3 , 1 , 1 , 29 > h_plus   | 0.813046626262623
17/05/24-19:58:26 | Phase 2 | < 3 , 1 , 1 , 29 > fraction   | 1.72164948453608
17/05/24-19:58:26 | Phase 2 | < 3 , 1 , 1 , 29 > h_minus   | 1.39978130500885
17/05/24-19:58:26 | Phase 2 | < 3 , 1 , 1 , 29 > ACC[var,h]  | 0
17/05/24-19:58:26 | Phase 2 | < 3 , 1 , 1 , 29 > Zeros   | 
17/05/24-19:58:26 | Phase 2 | < 3 , 1 , 1 , 29 > Num zeros  | 0
17/05/24-19:58:26 | Phase 2 | < 3 , 1 , 1 , 30 > NI_PLUS   | 167
17/05/24-19:58:26 | Phase 2 | < 3 , 1 , 1 , 30 > NI_MINUS   | 97
17/05/24-19:58:26 | Phase 2 | < 3 , 1 , 1 , 30 > h_plus   | 0.839623434343431
17/05/24-19:58:26 | Phase 2 | < 3 , 1 , 1 , 30 > fraction   | 1.72164948453608
17/05/24-19:58:26 | Phase 2 | < 3 , 1 , 1 , 30 > h_minus   | 1.44553725294178
17/05/24-19:58:28 | Phase 2 | < 3 , 1 , 1 , 30 > ACC[var,h]  | 0.5
17/05/24-19:58:28 | Phase 2 | < 3 , 1 , 1 , 30 > Zeros   | 39.9531551755071
17/05/24-19:58:28 | Phase 2 | < 3 , 1 , 1 , 30 > Num zeros  | 1
17/05/24-19:58:28 | Phase 2 | < 3 , 1 , 1 , 31 > NI_PLUS   | 167
17/05/24-19:58:28 | Phase 2 | < 3 , 1 , 1 , 31 > NI_MINUS   | 97
17/05/24-19:58:28 | Phase 2 | < 3 , 1 , 1 , 31 > h_plus   | 0.866200242424239
17/05/24-19:58:28 | Phase 2 | < 3 , 1 , 1 , 31 > fraction   | 1.72164948453608
17/05/24-19:58:28 | Phase 2 | < 3 , 1 , 1 , 31 > h_minus   | 1.49129320087472
17/05/24-19:58:30 | Phase 2 | < 3 , 1 , 1 , 31 > ACC[var,h]  | 0.5
17/05/24-19:58:30 | Phase 2 | < 3 , 1 , 1 , 31 > Zeros   | 39.9951156200995
17/05/24-19:58:30 | Phase 2 | < 3 , 1 , 1 , 31 > Num zeros  | 1
17/05/24-19:58:30 | Phase 2 | < 3 , 1 , 1 , 32 > NI_PLUS   | 167
17/05/24-19:58:30 | Phase 2 | < 3 , 1 , 1 , 32 > NI_MINUS   | 97
17/05/24-19:58:30 | Phase 2 | < 3 , 1 , 1 , 32 > h_plus   | 0.892777050505047
17/05/24-19:58:30 | Phase 2 | < 3 , 1 , 1 , 32 > fraction   | 1.72164948453608
17/05/24-19:58:30 | Phase 2 | < 3 , 1 , 1 , 32 > h_minus   | 1.53704914880766
17/05/24-19:58:31 | Phase 2 | < 3 , 1 , 1 , 32 > ACC[var,h]  | 0.5
17/05/24-19:58:31 | Phase 2 | < 3 , 1 , 1 , 32 > Zeros   | 40.0416722013877
17/05/24-19:58:31 | Phase 2 | < 3 , 1 , 1 , 32 > Num zeros  | 1
17/05/24-19:58:31 | Phase 2 | < 3 , 1 , 1 , 33 > NI_PLUS   | 167
17/05/24-19:58:31 | Phase 2 | < 3 , 1 , 1 , 33 > NI_MINUS   | 97
17/05/24-19:58:31 | Phase 2 | < 3 , 1 , 1 , 33 > h_plus   | 0.919353858585855
17/05/24-19:58:31 | Phase 2 | < 3 , 1 , 1 , 33 > fraction   | 1.72164948453608
17/05/24-19:58:31 | Phase 2 | < 3 , 1 , 1 , 33 > h_minus   | 1.5828050967406
17/05/24-19:58:33 | Phase 2 | < 3 , 1 , 1 , 33 > ACC[var,h]  | 0.5
17/05/24-19:58:33 | Phase 2 | < 3 , 1 , 1 , 33 > Zeros   | 40.0985230149433
17/05/24-19:58:33 | Phase 2 | < 3 , 1 , 1 , 33 > Num zeros  | 1
17/05/24-19:58:33 | Phase 2 | < 3 , 1 , 1 , 34 > NI_PLUS   | 167
17/05/24-19:58:33 | Phase 2 | < 3 , 1 , 1 , 34 > NI_MINUS   | 97
17/05/24-19:58:33 | Phase 2 | < 3 , 1 , 1 , 34 > h_plus   | 0.945930666666663
17/05/24-19:58:33 | Phase 2 | < 3 , 1 , 1 , 34 > fraction   | 1.72164948453608
17/05/24-19:58:33 | Phase 2 | < 3 , 1 , 1 , 34 > h_minus   | 1.62856104467353
17/05/24-19:58:35 | Phase 2 | < 3 , 1 , 1 , 34 > ACC[var,h]  | 0.5
17/05/24-19:58:35 | Phase 2 | < 3 , 1 , 1 , 34 > Zeros   | 40.1556346246075
17/05/24-19:58:35 | Phase 2 | < 3 , 1 , 1 , 34 > Num zeros  | 1
17/05/24-19:58:35 | Phase 2 | < 3 , 1 , 1 , 35 > NI_PLUS   | 167
17/05/24-19:58:35 | Phase 2 | < 3 , 1 , 1 , 35 > NI_MINUS   | 97
17/05/24-19:58:35 | Phase 2 | < 3 , 1 , 1 , 35 > h_plus   | 0.972507474747471
17/05/24-19:58:35 | Phase 2 | < 3 , 1 , 1 , 35 > fraction   | 1.72164948453608
17/05/24-19:58:35 | Phase 2 | < 3 , 1 , 1 , 35 > h_minus   | 1.67431699260647
17/05/24-19:58:36 | Phase 2 | < 3 , 1 , 1 , 35 > ACC[var,h]  | 0.5
17/05/24-19:58:36 | Phase 2 | < 3 , 1 , 1 , 35 > Zeros   | 40.203908186227
17/05/24-19:58:36 | Phase 2 | < 3 , 1 , 1 , 35 > Num zeros  | 1
17/05/24-19:58:36 | Phase 2 | < 3 , 1 , 1 , 36 > NI_PLUS   | 167
17/05/24-19:58:36 | Phase 2 | < 3 , 1 , 1 , 36 > NI_MINUS   | 97
17/05/24-19:58:36 | Phase 2 | < 3 , 1 , 1 , 36 > h_plus   | 0.999084282828279
17/05/24-19:58:36 | Phase 2 | < 3 , 1 , 1 , 36 > fraction   | 1.72164948453608
17/05/24-19:58:36 | Phase 2 | < 3 , 1 , 1 , 36 > h_minus   | 1.72007294053941
17/05/24-19:58:38 | Phase 2 | < 3 , 1 , 1 , 36 > ACC[var,h]  | 0.5
17/05/24-19:58:38 | Phase 2 | < 3 , 1 , 1 , 36 > Zeros   | 40.2563918357892
17/05/24-19:58:38 | Phase 2 | < 3 , 1 , 1 , 36 > Num zeros  | 1
17/05/24-19:58:38 | Phase 2 | < 3 , 1 , 1 , 37 > NI_PLUS   | 167
17/05/24-19:58:38 | Phase 2 | < 3 , 1 , 1 , 37 > NI_MINUS   | 97
17/05/24-19:58:38 | Phase 2 | < 3 , 1 , 1 , 37 > h_plus   | 1.02566109090909
17/05/24-19:58:38 | Phase 2 | < 3 , 1 , 1 , 37 > fraction   | 1.72164948453608
17/05/24-19:58:38 | Phase 2 | < 3 , 1 , 1 , 37 > h_minus   | 1.76582888847235
17/05/24-19:58:40 | Phase 2 | < 3 , 1 , 1 , 37 > ACC[var,h]  | 0.5
17/05/24-19:58:40 | Phase 2 | < 3 , 1 , 1 , 37 > Zeros   | 40.3139281761234
17/05/24-19:58:40 | Phase 2 | < 3 , 1 , 1 , 37 > Num zeros  | 1
17/05/24-19:58:40 | Phase 2 | < 3 , 1 , 1 , 38 > NI_PLUS   | 167
17/05/24-19:58:40 | Phase 2 | < 3 , 1 , 1 , 38 > NI_MINUS   | 97
17/05/24-19:58:40 | Phase 2 | < 3 , 1 , 1 , 38 > h_plus   | 1.0522378989899
17/05/24-19:58:40 | Phase 2 | < 3 , 1 , 1 , 38 > fraction   | 1.72164948453608
17/05/24-19:58:40 | Phase 2 | < 3 , 1 , 1 , 38 > h_minus   | 1.81158483640528
17/05/24-19:58:42 | Phase 2 | < 3 , 1 , 1 , 38 > ACC[var,h]  | 0.5
17/05/24-19:58:42 | Phase 2 | < 3 , 1 , 1 , 38 > Zeros   | 40.3653095664647
17/05/24-19:58:42 | Phase 2 | < 3 , 1 , 1 , 38 > Num zeros  | 1
17/05/24-19:58:42 | Phase 2 | < 3 , 1 , 1 , 39 > NI_PLUS   | 167
17/05/24-19:58:42 | Phase 2 | < 3 , 1 , 1 , 39 > NI_MINUS   | 97
17/05/24-19:58:42 | Phase 2 | < 3 , 1 , 1 , 39 > h_plus   | 1.0788147070707
17/05/24-19:58:42 | Phase 2 | < 3 , 1 , 1 , 39 > fraction   | 1.72164948453608
17/05/24-19:58:42 | Phase 2 | < 3 , 1 , 1 , 39 > h_minus   | 1.85734078433822
17/05/24-19:58:43 | Phase 2 | < 3 , 1 , 1 , 39 > ACC[var,h]  | 0.5
17/05/24-19:58:43 | Phase 2 | < 3 , 1 , 1 , 39 > Zeros   | 40.4130041630975
17/05/24-19:58:43 | Phase 2 | < 3 , 1 , 1 , 39 > Num zeros  | 1
17/05/24-19:58:43 | Phase 2 | < 3 , 1 , 1 , 40 > NI_PLUS   | 167
17/05/24-19:58:43 | Phase 2 | < 3 , 1 , 1 , 40 > NI_MINUS   | 97
17/05/24-19:58:43 | Phase 2 | < 3 , 1 , 1 , 40 > h_plus   | 1.10539151515151
17/05/24-19:58:43 | Phase 2 | < 3 , 1 , 1 , 40 > fraction   | 1.72164948453608
17/05/24-19:58:43 | Phase 2 | < 3 , 1 , 1 , 40 > h_minus   | 1.90309673227116
17/05/24-19:58:45 | Phase 2 | < 3 , 1 , 1 , 40 > ACC[var,h]  | 0.5
17/05/24-19:58:45 | Phase 2 | < 3 , 1 , 1 , 40 > Zeros   | 40.4624734275773
17/05/24-19:58:45 | Phase 2 | < 3 , 1 , 1 , 40 > Num zeros  | 1
17/05/24-19:58:45 | Phase 2 | < 3 , 1 , 1 , 41 > NI_PLUS   | 167
17/05/24-19:58:45 | Phase 2 | < 3 , 1 , 1 , 41 > NI_MINUS   | 97
17/05/24-19:58:45 | Phase 2 | < 3 , 1 , 1 , 41 > h_plus   | 1.13196832323232
17/05/24-19:58:45 | Phase 2 | < 3 , 1 , 1 , 41 > fraction   | 1.72164948453608
17/05/24-19:58:45 | Phase 2 | < 3 , 1 , 1 , 41 > h_minus   | 1.9488526802041
17/05/24-19:58:47 | Phase 2 | < 3 , 1 , 1 , 41 > ACC[var,h]  | 0.5
17/05/24-19:58:47 | Phase 2 | < 3 , 1 , 1 , 41 > Zeros   | 40.5137834797794
17/05/24-19:58:47 | Phase 2 | < 3 , 1 , 1 , 41 > Num zeros  | 1
17/05/24-19:58:47 | Phase 2 | < 3 , 1 , 1 , 42 > NI_PLUS   | 167
17/05/24-19:58:47 | Phase 2 | < 3 , 1 , 1 , 42 > NI_MINUS   | 97
17/05/24-19:58:47 | Phase 2 | < 3 , 1 , 1 , 42 > h_plus   | 1.15854513131313
17/05/24-19:58:47 | Phase 2 | < 3 , 1 , 1 , 42 > fraction   | 1.72164948453608
17/05/24-19:58:47 | Phase 2 | < 3 , 1 , 1 , 42 > h_minus   | 1.99460862813703
17/05/24-19:58:48 | Phase 2 | < 3 , 1 , 1 , 42 > ACC[var,h]  | 0.5
17/05/24-19:58:48 | Phase 2 | < 3 , 1 , 1 , 42 > Zeros   | 40.5670064183843
17/05/24-19:58:48 | Phase 2 | < 3 , 1 , 1 , 42 > Num zeros  | 1
17/05/24-19:58:48 | Phase 2 | < 3 , 1 , 1 , 43 > NI_PLUS   | 167
17/05/24-19:58:48 | Phase 2 | < 3 , 1 , 1 , 43 > NI_MINUS   | 97
17/05/24-19:58:48 | Phase 2 | < 3 , 1 , 1 , 43 > h_plus   | 1.18512193939394
17/05/24-19:58:48 | Phase 2 | < 3 , 1 , 1 , 43 > fraction   | 1.72164948453608
17/05/24-19:58:48 | Phase 2 | < 3 , 1 , 1 , 43 > h_minus   | 2.04036457606997
17/05/24-19:58:50 | Phase 2 | < 3 , 1 , 1 , 43 > ACC[var,h]  | 0.5
17/05/24-19:58:50 | Phase 2 | < 3 , 1 , 1 , 43 > Zeros   | 40.6222210665038
17/05/24-19:58:50 | Phase 2 | < 3 , 1 , 1 , 43 > Num zeros  | 1
17/05/24-19:58:50 | Phase 2 | < 3 , 1 , 1 , 44 > NI_PLUS   | 167
17/05/24-19:58:50 | Phase 2 | < 3 , 1 , 1 , 44 > NI_MINUS   | 97
17/05/24-19:58:50 | Phase 2 | < 3 , 1 , 1 , 44 > h_plus   | 1.21169874747474
17/05/24-19:58:50 | Phase 2 | < 3 , 1 , 1 , 44 > fraction   | 1.72164948453608
17/05/24-19:58:50 | Phase 2 | < 3 , 1 , 1 , 44 > h_minus   | 2.08612052400291
17/05/24-19:58:52 | Phase 2 | < 3 , 1 , 1 , 44 > ACC[var,h]  | 0.5
17/05/24-19:58:52 | Phase 2 | < 3 , 1 , 1 , 44 > Zeros   | 40.6795138442349
17/05/24-19:58:52 | Phase 2 | < 3 , 1 , 1 , 44 > Num zeros  | 1
17/05/24-19:58:52 | Phase 2 | < 3 , 1 , 1 , 45 > NI_PLUS   | 167
17/05/24-19:58:52 | Phase 2 | < 3 , 1 , 1 , 45 > NI_MINUS   | 97
17/05/24-19:58:52 | Phase 2 | < 3 , 1 , 1 , 45 > h_plus   | 1.23827555555555
17/05/24-19:58:52 | Phase 2 | < 3 , 1 , 1 , 45 > fraction   | 1.72164948453608
17/05/24-19:58:52 | Phase 2 | < 3 , 1 , 1 , 45 > h_minus   | 2.13187647193585
17/05/24-19:58:53 | Phase 2 | < 3 , 1 , 1 , 45 > ACC[var,h]  | 0.5
17/05/24-19:58:53 | Phase 2 | < 3 , 1 , 1 , 45 > Zeros   | 40.7677309544914
17/05/24-19:58:53 | Phase 2 | < 3 , 1 , 1 , 45 > Num zeros  | 1
17/05/24-19:58:53 | Phase 2 | < 3 , 1 , 1 , 46 > NI_PLUS   | 167
17/05/24-19:58:53 | Phase 2 | < 3 , 1 , 1 , 46 > NI_MINUS   | 97
17/05/24-19:58:53 | Phase 2 | < 3 , 1 , 1 , 46 > h_plus   | 1.26485236363636
17/05/24-19:58:53 | Phase 2 | < 3 , 1 , 1 , 46 > fraction   | 1.72164948453608
17/05/24-19:58:53 | Phase 2 | < 3 , 1 , 1 , 46 > h_minus   | 2.17763241986879
17/05/24-19:58:54 | Phase 2 | < 3 , 1 , 1 , 46 > ACC[var,h]  | 0
17/05/24-19:58:54 | Phase 2 | < 3 , 1 , 1 , 46 > Zeros   | 
17/05/24-19:58:54 | Phase 2 | < 3 , 1 , 1 , 46 > Num zeros  | 0
17/05/24-19:58:54 | Phase 2 | < 3 , 1 , 1 , 47 > NI_PLUS   | 167
17/05/24-19:58:54 | Phase 2 | < 3 , 1 , 1 , 47 > NI_MINUS   | 97
17/05/24-19:58:54 | Phase 2 | < 3 , 1 , 1 , 47 > h_plus   | 1.29142917171717
17/05/24-19:58:54 | Phase 2 | < 3 , 1 , 1 , 47 > fraction   | 1.72164948453608
17/05/24-19:58:54 | Phase 2 | < 3 , 1 , 1 , 47 > h_minus   | 2.22338836780172
17/05/24-19:58:54 | Phase 2 | < 3 , 1 , 1 , 47 > ACC[var,h]  | 0
17/05/24-19:58:54 | Phase 2 | < 3 , 1 , 1 , 47 > Zeros   | 
17/05/24-19:58:54 | Phase 2 | < 3 , 1 , 1 , 47 > Num zeros  | 0
17/05/24-19:58:54 | Phase 2 | < 3 , 1 , 1 , 48 > NI_PLUS   | 167
17/05/24-19:58:54 | Phase 2 | < 3 , 1 , 1 , 48 > NI_MINUS   | 97
17/05/24-19:58:54 | Phase 2 | < 3 , 1 , 1 , 48 > h_plus   | 1.31800597979798
17/05/24-19:58:54 | Phase 2 | < 3 , 1 , 1 , 48 > fraction   | 1.72164948453608
17/05/24-19:58:54 | Phase 2 | < 3 , 1 , 1 , 48 > h_minus   | 2.26914431573466
17/05/24-19:58:54 | Phase 2 | < 3 , 1 , 1 , 48 > ACC[var,h]  | 0
17/05/24-19:58:54 | Phase 2 | < 3 , 1 , 1 , 48 > Zeros   | 
17/05/24-19:58:54 | Phase 2 | < 3 , 1 , 1 , 48 > Num zeros  | 0
17/05/24-19:58:54 | Phase 2 | < 3 , 1 , 1 , 49 > NI_PLUS   | 167
17/05/24-19:58:54 | Phase 2 | < 3 , 1 , 1 , 49 > NI_MINUS   | 97
17/05/24-19:58:54 | Phase 2 | < 3 , 1 , 1 , 49 > h_plus   | 1.34458278787879
17/05/24-19:58:54 | Phase 2 | < 3 , 1 , 1 , 49 > fraction   | 1.72164948453608
17/05/24-19:58:54 | Phase 2 | < 3 , 1 , 1 , 49 > h_minus   | 2.3149002636676
17/05/24-19:58:54 | Phase 2 | < 3 , 1 , 1 , 49 > ACC[var,h]  | 0
17/05/24-19:58:54 | Phase 2 | < 3 , 1 , 1 , 49 > Zeros   | 
17/05/24-19:58:54 | Phase 2 | < 3 , 1 , 1 , 49 > Num zeros  | 0
17/05/24-19:58:54 | Phase 2 | < 3 , 1 , 1 , 50 > NI_PLUS   | 167
17/05/24-19:58:54 | Phase 2 | < 3 , 1 , 1 , 50 > NI_MINUS   | 97
17/05/24-19:58:54 | Phase 2 | < 3 , 1 , 1 , 50 > h_plus   | 1.37115959595959
17/05/24-19:58:54 | Phase 2 | < 3 , 1 , 1 , 50 > fraction   | 1.72164948453608
17/05/24-19:58:54 | Phase 2 | < 3 , 1 , 1 , 50 > h_minus   | 2.36065621160054
17/05/24-19:58:55 | Phase 2 | < 3 , 1 , 1 , 50 > ACC[var,h]  | 0
17/05/24-19:58:55 | Phase 2 | < 3 , 1 , 1 , 50 > Zeros   | 
17/05/24-19:58:55 | Phase 2 | < 3 , 1 , 1 , 50 > Num zeros  | 0
17/05/24-19:58:55 | Phase 2 | < 3 , 1 , 1 , 51 > NI_PLUS   | 167
17/05/24-19:58:55 | Phase 2 | < 3 , 1 , 1 , 51 > NI_MINUS   | 97
17/05/24-19:58:55 | Phase 2 | < 3 , 1 , 1 , 51 > h_plus   | 1.3977364040404
17/05/24-19:58:55 | Phase 2 | < 3 , 1 , 1 , 51 > fraction   | 1.72164948453608
17/05/24-19:58:55 | Phase 2 | < 3 , 1 , 1 , 51 > h_minus   | 2.40641215953347
17/05/24-19:58:55 | Phase 2 | < 3 , 1 , 1 , 51 > ACC[var,h]  | 0
17/05/24-19:58:55 | Phase 2 | < 3 , 1 , 1 , 51 > Zeros   | 
17/05/24-19:58:55 | Phase 2 | < 3 , 1 , 1 , 51 > Num zeros  | 0
17/05/24-19:58:55 | Phase 2 | < 3 , 1 , 1 , 52 > NI_PLUS   | 167
17/05/24-19:58:55 | Phase 2 | < 3 , 1 , 1 , 52 > NI_MINUS   | 97
17/05/24-19:58:55 | Phase 2 | < 3 , 1 , 1 , 52 > h_plus   | 1.42431321212121
17/05/24-19:58:55 | Phase 2 | < 3 , 1 , 1 , 52 > fraction   | 1.72164948453608
17/05/24-19:58:55 | Phase 2 | < 3 , 1 , 1 , 52 > h_minus   | 2.45216810746641
17/05/24-19:58:55 | Phase 2 | < 3 , 1 , 1 , 52 > ACC[var,h]  | 0
17/05/24-19:58:55 | Phase 2 | < 3 , 1 , 1 , 52 > Zeros   | 
17/05/24-19:58:55 | Phase 2 | < 3 , 1 , 1 , 52 > Num zeros  | 0
17/05/24-19:58:55 | Phase 2 | < 3 , 1 , 1 , 53 > NI_PLUS   | 167
17/05/24-19:58:55 | Phase 2 | < 3 , 1 , 1 , 53 > NI_MINUS   | 97
17/05/24-19:58:55 | Phase 2 | < 3 , 1 , 1 , 53 > h_plus   | 1.45089002020202
17/05/24-19:58:55 | Phase 2 | < 3 , 1 , 1 , 53 > fraction   | 1.72164948453608
17/05/24-19:58:55 | Phase 2 | < 3 , 1 , 1 , 53 > h_minus   | 2.49792405539935
17/05/24-19:58:57 | Phase 2 | < 3 , 1 , 1 , 53 > ACC[var,h]  | 0.49952380952381
17/05/24-19:58:57 | Phase 2 | < 3 , 1 , 1 , 53 > Zeros   | 38.7779768151934
17/05/24-19:58:57 | Phase 2 | < 3 , 1 , 1 , 53 > Num zeros  | 1
17/05/24-19:58:57 | Phase 2 | < 3 , 1 , 1 , 54 > NI_PLUS   | 167
17/05/24-19:58:57 | Phase 2 | < 3 , 1 , 1 , 54 > NI_MINUS   | 97
17/05/24-19:58:57 | Phase 2 | < 3 , 1 , 1 , 54 > h_plus   | 1.47746682828283
17/05/24-19:58:57 | Phase 2 | < 3 , 1 , 1 , 54 > fraction   | 1.72164948453608
17/05/24-19:58:57 | Phase 2 | < 3 , 1 , 1 , 54 > h_minus   | 2.54368000333229
17/05/24-19:58:59 | Phase 2 | < 3 , 1 , 1 , 54 > ACC[var,h]  | 0.49952380952381
17/05/24-19:58:59 | Phase 2 | < 3 , 1 , 1 , 54 > Zeros   | 38.7937514512062
17/05/24-19:58:59 | Phase 2 | < 3 , 1 , 1 , 54 > Num zeros  | 1
17/05/24-19:58:59 | Phase 2 | < 3 , 1 , 1 , 55 > NI_PLUS   | 167
17/05/24-19:58:59 | Phase 2 | < 3 , 1 , 1 , 55 > NI_MINUS   | 97
17/05/24-19:58:59 | Phase 2 | < 3 , 1 , 1 , 55 > h_plus   | 1.50404363636363
17/05/24-19:58:59 | Phase 2 | < 3 , 1 , 1 , 55 > fraction   | 1.72164948453608
17/05/24-19:58:59 | Phase 2 | < 3 , 1 , 1 , 55 > h_minus   | 2.58943595126523
17/05/24-19:59:00 | Phase 2 | < 3 , 1 , 1 , 55 > ACC[var,h]  | 0.486666666666667
17/05/24-19:59:00 | Phase 2 | < 3 , 1 , 1 , 55 > Zeros   | 38.8104077834058, 39.2102549482184
17/05/24-19:59:00 | Phase 2 | < 3 , 1 , 1 , 55 > Num zeros  | 2
17/05/24-19:59:00 | Phase 2 | < 3 , 1 , 1 , 56 > NI_PLUS   | 167
17/05/24-19:59:00 | Phase 2 | < 3 , 1 , 1 , 56 > NI_MINUS   | 97
17/05/24-19:59:00 | Phase 2 | < 3 , 1 , 1 , 56 > h_plus   | 1.53062044444444
17/05/24-19:59:00 | Phase 2 | < 3 , 1 , 1 , 56 > fraction   | 1.72164948453608
17/05/24-19:59:00 | Phase 2 | < 3 , 1 , 1 , 56 > h_minus   | 2.63519189919816
17/05/24-19:59:02 | Phase 2 | < 3 , 1 , 1 , 56 > ACC[var,h]  | 0.487619047619048
17/05/24-19:59:02 | Phase 2 | < 3 , 1 , 1 , 56 > Zeros   | 38.8292005821609
17/05/24-19:59:02 | Phase 2 | < 3 , 1 , 1 , 56 > Num zeros  | 1
17/05/24-19:59:02 | Phase 2 | < 3 , 1 , 1 , 57 > NI_PLUS   | 167
17/05/24-19:59:02 | Phase 2 | < 3 , 1 , 1 , 57 > NI_MINUS   | 97
17/05/24-19:59:02 | Phase 2 | < 3 , 1 , 1 , 57 > h_plus   | 1.55719725252525
17/05/24-19:59:02 | Phase 2 | < 3 , 1 , 1 , 57 > fraction   | 1.72164948453608
17/05/24-19:59:02 | Phase 2 | < 3 , 1 , 1 , 57 > h_minus   | 2.6809478471311
17/05/24-19:59:04 | Phase 2 | < 3 , 1 , 1 , 57 > ACC[var,h]  | 0.486666666666667
17/05/24-19:59:04 | Phase 2 | < 3 , 1 , 1 , 57 > Zeros   | 38.8480748541374, 39.2484578343055
17/05/24-19:59:04 | Phase 2 | < 3 , 1 , 1 , 57 > Num zeros  | 2
17/05/24-19:59:04 | Phase 2 | < 3 , 1 , 1 , 58 > NI_PLUS   | 167
17/05/24-19:59:04 | Phase 2 | < 3 , 1 , 1 , 58 > NI_MINUS   | 97
17/05/24-19:59:04 | Phase 2 | < 3 , 1 , 1 , 58 > h_plus   | 1.58377406060606
17/05/24-19:59:04 | Phase 2 | < 3 , 1 , 1 , 58 > fraction   | 1.72164948453608
17/05/24-19:59:04 | Phase 2 | < 3 , 1 , 1 , 58 > h_minus   | 2.72670379506404
17/05/24-19:59:06 | Phase 2 | < 3 , 1 , 1 , 58 > ACC[var,h]  | 0.486666666666667
17/05/24-19:59:06 | Phase 2 | < 3 , 1 , 1 , 58 > Zeros   | 38.8665821838477, 39.268434797167
17/05/24-19:59:06 | Phase 2 | < 3 , 1 , 1 , 58 > Num zeros  | 2
17/05/24-19:59:06 | Phase 2 | < 3 , 1 , 1 , 59 > NI_PLUS   | 167
17/05/24-19:59:06 | Phase 2 | < 3 , 1 , 1 , 59 > NI_MINUS   | 97
17/05/24-19:59:06 | Phase 2 | < 3 , 1 , 1 , 59 > h_plus   | 1.61035086868687
17/05/24-19:59:06 | Phase 2 | < 3 , 1 , 1 , 59 > fraction   | 1.72164948453608
17/05/24-19:59:06 | Phase 2 | < 3 , 1 , 1 , 59 > h_minus   | 2.77245974299698
17/05/24-19:59:07 | Phase 2 | < 3 , 1 , 1 , 59 > ACC[var,h]  | 0.486666666666667
17/05/24-19:59:07 | Phase 2 | < 3 , 1 , 1 , 59 > Zeros   | 38.8847598785601, 39.2882677217333
17/05/24-19:59:07 | Phase 2 | < 3 , 1 , 1 , 59 > Num zeros  | 2
17/05/24-19:59:07 | Phase 2 | < 3 , 1 , 1 , 60 > NI_PLUS   | 167
17/05/24-19:59:07 | Phase 2 | < 3 , 1 , 1 , 60 > NI_MINUS   | 97
17/05/24-19:59:07 | Phase 2 | < 3 , 1 , 1 , 60 > h_plus   | 1.63692767676767
17/05/24-19:59:07 | Phase 2 | < 3 , 1 , 1 , 60 > fraction   | 1.72164948453608
17/05/24-19:59:07 | Phase 2 | < 3 , 1 , 1 , 60 > h_minus   | 2.81821569092991
17/05/24-19:59:09 | Phase 2 | < 3 , 1 , 1 , 60 > ACC[var,h]  | 0.511428571428571
17/05/24-19:59:09 | Phase 2 | < 3 , 1 , 1 , 60 > Zeros   | 38.9026398118398, 39.3079664771468
17/05/24-19:59:09 | Phase 2 | < 3 , 1 , 1 , 60 > Num zeros  | 2
17/05/24-19:59:09 | Phase 2 | < 3 , 1 , 1 , 60 > Best Policy           | 38.9026398118398, 39.3079664771468
17/05/24-19:59:09 | Phase 2 | < 3 , 1 , 1 , 60 > Best Policy (Metric)  | 0.511428571428571
17/05/24-19:59:09 | Phase 2 | < 3 , 1 , 1 , 60 > Best Policy (H +   )  | 1.63692767676767
17/05/24-19:59:09 | Phase 2 | < 3 , 1 , 1 , 60 > Best Policy (H -   )  | 2.81821569092991
17/05/24-19:59:09 | Phase 2 | < 3 , 1 , 1 , 61 > NI_PLUS   | 167
17/05/24-19:59:09 | Phase 2 | < 3 , 1 , 1 , 61 > NI_MINUS   | 97
17/05/24-19:59:09 | Phase 2 | < 3 , 1 , 1 , 61 > h_plus   | 1.66350448484848
17/05/24-19:59:09 | Phase 2 | < 3 , 1 , 1 , 61 > fraction   | 1.72164948453608
17/05/24-19:59:09 | Phase 2 | < 3 , 1 , 1 , 61 > h_minus   | 2.86397163886285
17/05/24-19:59:11 | Phase 2 | < 3 , 1 , 1 , 61 > ACC[var,h]  | 0.511428571428571
17/05/24-19:59:11 | Phase 2 | < 3 , 1 , 1 , 61 > Zeros   | 38.9202494460382, 39.3275399928693
17/05/24-19:59:11 | Phase 2 | < 3 , 1 , 1 , 61 > Num zeros  | 2
17/05/24-19:59:11 | Phase 2 | < 3 , 1 , 1 , 62 > NI_PLUS   | 167
17/05/24-19:59:11 | Phase 2 | < 3 , 1 , 1 , 62 > NI_MINUS   | 97
17/05/24-19:59:11 | Phase 2 | < 3 , 1 , 1 , 62 > h_plus   | 1.69008129292929
17/05/24-19:59:11 | Phase 2 | < 3 , 1 , 1 , 62 > fraction   | 1.72164948453608
17/05/24-19:59:11 | Phase 2 | < 3 , 1 , 1 , 62 > h_minus   | 2.90972758679579
17/05/24-19:59:13 | Phase 2 | < 3 , 1 , 1 , 62 > ACC[var,h]  | 0.511428571428571
17/05/24-19:59:13 | Phase 2 | < 3 , 1 , 1 , 62 > Zeros   | 38.9376126219934, 39.3469963734833
17/05/24-19:59:13 | Phase 2 | < 3 , 1 , 1 , 62 > Num zeros  | 2
17/05/24-19:59:13 | Phase 2 | < 3 , 1 , 1 , 63 > NI_PLUS   | 167
17/05/24-19:59:13 | Phase 2 | < 3 , 1 , 1 , 63 > NI_MINUS   | 97
17/05/24-19:59:13 | Phase 2 | < 3 , 1 , 1 , 63 > h_plus   | 1.7166581010101
17/05/24-19:59:13 | Phase 2 | < 3 , 1 , 1 , 63 > fraction   | 1.72164948453608
17/05/24-19:59:13 | Phase 2 | < 3 , 1 , 1 , 63 > h_minus   | 2.95548353472873
17/05/24-19:59:15 | Phase 2 | < 3 , 1 , 1 , 63 > ACC[var,h]  | 0.511428571428571
17/05/24-19:59:15 | Phase 2 | < 3 , 1 , 1 , 63 > Zeros   | 38.9547355252138, 39.3663429964607
17/05/24-19:59:15 | Phase 2 | < 3 , 1 , 1 , 63 > Num zeros  | 2
17/05/24-19:59:15 | Phase 2 | < 3 , 1 , 1 , 64 > NI_PLUS   | 167
17/05/24-19:59:15 | Phase 2 | < 3 , 1 , 1 , 64 > NI_MINUS   | 97
17/05/24-19:59:15 | Phase 2 | < 3 , 1 , 1 , 64 > h_plus   | 1.74323490909091
17/05/24-19:59:15 | Phase 2 | < 3 , 1 , 1 , 64 > fraction   | 1.72164948453608
17/05/24-19:59:15 | Phase 2 | < 3 , 1 , 1 , 64 > h_minus   | 3.00123948266166
17/05/24-19:59:17 | Phase 2 | < 3 , 1 , 1 , 64 > ACC[var,h]  | 0.511428571428571
17/05/24-19:59:17 | Phase 2 | < 3 , 1 , 1 , 64 > Zeros   | 38.9710995453073, 39.3855865957797
17/05/24-19:59:17 | Phase 2 | < 3 , 1 , 1 , 64 > Num zeros  | 2
17/05/24-19:59:17 | Phase 2 | < 3 , 1 , 1 , 65 > NI_PLUS   | 167
17/05/24-19:59:17 | Phase 2 | < 3 , 1 , 1 , 65 > NI_MINUS   | 97
17/05/24-19:59:17 | Phase 2 | < 3 , 1 , 1 , 65 > h_plus   | 1.76981171717171
17/05/24-19:59:17 | Phase 2 | < 3 , 1 , 1 , 65 > fraction   | 1.72164948453608
17/05/24-19:59:17 | Phase 2 | < 3 , 1 , 1 , 65 > h_minus   | 3.0469954305946
17/05/24-19:59:19 | Phase 2 | < 3 , 1 , 1 , 65 > ACC[var,h]  | 0.48
17/05/24-19:59:19 | Phase 2 | < 3 , 1 , 1 , 65 > Zeros   | 39.4047333338841
17/05/24-19:59:19 | Phase 2 | < 3 , 1 , 1 , 65 > Num zeros  | 1
17/05/24-19:59:19 | Phase 2 | < 3 , 1 , 1 , 66 > NI_PLUS   | 167
17/05/24-19:59:19 | Phase 2 | < 3 , 1 , 1 , 66 > NI_MINUS   | 97
17/05/24-19:59:19 | Phase 2 | < 3 , 1 , 1 , 66 > h_plus   | 1.79638852525252
17/05/24-19:59:19 | Phase 2 | < 3 , 1 , 1 , 66 > fraction   | 1.72164948453608
17/05/24-19:59:19 | Phase 2 | < 3 , 1 , 1 , 66 > h_minus   | 3.09275137852754
17/05/24-19:59:21 | Phase 2 | < 3 , 1 , 1 , 66 > ACC[var,h]  | 0.48
17/05/24-19:59:21 | Phase 2 | < 3 , 1 , 1 , 66 > Zeros   | 39.4237888638272
17/05/24-19:59:21 | Phase 2 | < 3 , 1 , 1 , 66 > Num zeros  | 1
17/05/24-19:59:21 | Phase 2 | < 3 , 1 , 1 , 67 > NI_PLUS   | 167
17/05/24-19:59:21 | Phase 2 | < 3 , 1 , 1 , 67 > NI_MINUS   | 97
17/05/24-19:59:21 | Phase 2 | < 3 , 1 , 1 , 67 > h_plus   | 1.82296533333333
17/05/24-19:59:21 | Phase 2 | < 3 , 1 , 1 , 67 > fraction   | 1.72164948453608
17/05/24-19:59:21 | Phase 2 | < 3 , 1 , 1 , 67 > h_minus   | 3.13850732646048
17/05/24-19:59:23 | Phase 2 | < 3 , 1 , 1 , 67 > ACC[var,h]  | 0.48
17/05/24-19:59:23 | Phase 2 | < 3 , 1 , 1 , 67 > Zeros   | 39.4427583832158
17/05/24-19:59:23 | Phase 2 | < 3 , 1 , 1 , 67 > Num zeros  | 1
17/05/24-19:59:23 | Phase 2 | < 3 , 1 , 1 , 68 > NI_PLUS   | 167
17/05/24-19:59:23 | Phase 2 | < 3 , 1 , 1 , 68 > NI_MINUS   | 97
17/05/24-19:59:23 | Phase 2 | < 3 , 1 , 1 , 68 > h_plus   | 1.84954214141414
17/05/24-19:59:23 | Phase 2 | < 3 , 1 , 1 , 68 > fraction   | 1.72164948453608
17/05/24-19:59:23 | Phase 2 | < 3 , 1 , 1 , 68 > h_minus   | 3.18426327439342
17/05/24-19:59:26 | Phase 2 | < 3 , 1 , 1 , 68 > ACC[var,h]  | 0.48
17/05/24-19:59:26 | Phase 2 | < 3 , 1 , 1 , 68 > Zeros   | 39.4616466811422
17/05/24-19:59:26 | Phase 2 | < 3 , 1 , 1 , 68 > Num zeros  | 1
17/05/24-19:59:26 | Phase 2 | < 3 , 1 , 1 , 69 > NI_PLUS   | 167
17/05/24-19:59:26 | Phase 2 | < 3 , 1 , 1 , 69 > NI_MINUS   | 97
17/05/24-19:59:26 | Phase 2 | < 3 , 1 , 1 , 69 > h_plus   | 1.87611894949495
17/05/24-19:59:26 | Phase 2 | < 3 , 1 , 1 , 69 > fraction   | 1.72164948453608
17/05/24-19:59:26 | Phase 2 | < 3 , 1 , 1 , 69 > h_minus   | 3.23001922232635
