3,0.0688959999999952
3,0.0954728080808033
3,0.122049616161611
3,0.14862642424242
3,0.175203232323228
3,0.201780040404036
3,0.228356848484844
3,0.254933656565652
3,0.28151046464646
3,0.308087272727268
3,0.334664080808076
3,0.361240888888885
3,0.387817696969693
3,0.414394505050501
3,0.440971313131309
3,0.467548121212117
3,0.494124929292925
3,0.520701737373733
3,0.547278545454541
3,0.573855353535349
3,0.600432161616158
3,0.627008969696966
3,0.653585777777774
3,0.680162585858582
3,0.70673939393939
3,0.733316202020198
3,0.759893010101006
3,0.786469818181814
3,0.813046626262623
3,0.839623434343431
3,0.866200242424239
3,0.892777050505047
3,0.919353858585855
3,0.945930666666663
3,0.972507474747471
3,0.999084282828279
3,1.02566109090909
3,1.0522378989899
3,1.0788147070707
3,1.10539151515151
3,1.13196832323232
3,1.15854513131313
3,1.18512193939394
3,1.21169874747474
3,1.23827555555555
3,1.26485236363636
3,1.29142917171717
3,1.31800597979798
3,1.34458278787879
3,1.37115959595959
3,1.3977364040404
3,1.42431321212121
3,1.45089002020202
3,1.47746682828283
3,1.50404363636363
3,1.53062044444444
3,1.55719725252525
3,1.58377406060606
3,1.61035086868687
3,1.63692767676767
3,1.66350448484848
3,1.69008129292929
3,1.7166581010101
3,1.74323490909091
3,1.76981171717171
3,1.79638852525252
3,1.82296533333333
3,1.84954214141414
3,1.87611894949495
3,1.90269575757576
3,1.92927256565656
3,1.95584937373737
3,1.98242618181818
3,2.00900298989899
3,2.0355797979798
3,2.0621566060606
3,2.08873341414141
3,2.11531022222222
3,2.14188703030303
3,2.16846383838384
3,2.19504064646465
3,2.22161745454545
3,2.24819426262626
3,2.27477107070707
3,2.30134787878788
3,2.32792468686869
3,2.35450149494949
3,2.3810783030303
3,2.40765511111111
3,2.43423191919192
3,2.46080872727273
3,2.48738553535353
3,2.51396234343434
3,2.54053915151515
3,2.56711595959596
3,2.59369276767677
3,2.62026957575757
3,2.64684638383838
3,2.67342319191919
3,2.7
4,1.51462000000001
4,2.17608848484849
4,2.83755696969698
4,3.49902545454546
4,4.16049393939395
4,4.82196242424243
4,5.48343090909092
4,6.1448993939394
4,6.80636787878789
4,7.46783636363637
4,8.12930484848486
4,8.79077333333334
4,9.45224181818183
4,10.1137103030303
4,10.7751787878788
4,11.4366472727273
4,12.0981157575758
4,12.7595842424242
4,13.4210527272727
4,14.0825212121212
4,14.7439896969697
4,15.4054581818182
4,16.0669266666667
4,16.7283951515152
4,17.3898636363636
4,18.0513321212121
4,18.7128006060606
4,19.3742690909091
4,20.0357375757576
4,20.6972060606061
4,21.3586745454546
4,22.020143030303
4,22.6816115151515
4,23.34308
4,24.0045484848485
4,24.666016969697
4,25.3274854545455
4,25.9889539393939
4,26.6504224242424
4,27.3118909090909
4,27.9733593939394
4,28.6348278787879
4,29.2962963636364
4,29.9577648484849
4,30.6192333333333
4,31.2807018181818
4,31.9421703030303
4,32.6036387878788
4,33.2651072727273
4,33.9265757575758
4,34.5880442424242
4,35.2495127272727
4,35.9109812121212
4,36.5724496969697
4,37.2339181818182
4,37.8953866666667
4,38.5568551515152
4,39.2183236363636
4,39.8797921212121
4,40.5412606060606
4,41.2027290909091
4,41.8641975757576
4,42.5256660606061
4,43.1871345454545
4,43.848603030303
4,44.5100715151515
4,45.17154
4,45.8330084848485
4,46.494476969697
4,47.1559454545455
4,47.8174139393939
4,48.4788824242424
4,49.1403509090909
4,49.8018193939394
4,50.4632878787879
4,51.1247563636364
4,51.7862248484848
4,52.4476933333333
4,53.1091618181818
4,53.7706303030303
4,54.4320987878788
4,55.0935672727273
4,55.7550357575758
4,56.4165042424242
4,57.0779727272727
4,57.7394412121212
4,58.4009096969697
4,59.0623781818182
4,59.7238466666667
4,60.3853151515152
4,61.0467836363636
4,61.7082521212121
4,62.3697206060606
4,63.0311890909091
4,63.6926575757576
4,64.3541260606061
4,65.0155945454545
4,65.677063030303
4,66.3385315151515
4,67
5,1.043772
5,1.47767329292929
5,1.91157458585858
5,2.34547587878788
5,2.77937717171717
5,3.21327846464646
5,3.64717975757575
5,4.08108105050505
5,4.51498234343434
5,4.94888363636363
5,5.38278492929293
5,5.81668622222222
5,6.25058751515151
5,6.68448880808081
5,7.1183901010101
5,7.55229139393939
5,7.98619268686868
5,8.42009397979798
5,8.85399527272727
5,9.28789656565656
5,9.72179785858586
5,10.1556991515151
5,10.5896004444444
5,11.0235017373737
5,11.457403030303
5,11.8913043232323
5,12.3252056161616
5,12.7591069090909
5,13.1930082020202
5,13.6269094949495
5,14.0608107878788
5,14.4947120808081
5,14.9286133737374
5,15.3625146666667
5,15.796415959596
5,16.2303172525253
5,16.6642185454545
5,17.0981198383838
5,17.5320211313131
5,17.9659224242424
5,18.3998237171717
5,18.833725010101
5,19.2676263030303
5,19.7015275959596
5,20.1354288888889
5,20.5693301818182
5,21.0032314747475
5,21.4371327676768
5,21.8710340606061
5,22.3049353535354
5,22.7388366464646
5,23.1727379393939
5,23.6066392323232
5,24.0405405252525
5,24.4744418181818
5,24.9083431111111
5,25.3422444040404
5,25.7761456969697
5,26.210046989899
5,26.6439482828283
5,27.0778495757576
5,27.5117508686869
5,27.9456521616162
5,28.3795534545455
5,28.8134547474747
5,29.247356040404
5,29.6812573333333
5,30.1151586262626
5,30.5490599191919
5,30.9829612121212
5,31.4168625050505
5,31.8507637979798
5,32.2846650909091
5,32.7185663838384
5,33.1524676767677
5,33.586368969697
5,34.0202702626263
5,34.4541715555556
5,34.8880728484848
5,35.3219741414141
5,35.7558754343434
5,36.1897767272727
5,36.623678020202
5,37.0575793131313
5,37.4914806060606
5,37.9253818989899
5,38.3592831919192
5,38.7931844848485
5,39.2270857777778
5,39.6609870707071
5,40.0948883636364
5,40.5287896565657
5,40.9626909494949
5,41.3965922424242
5,41.8304935353535
5,42.2643948282828
5,42.6982961212121
5,43.1321974141414
5,43.5660987070707
5,44
15,0.0753620000000002
15,0.109954303030303
15,0.144546606060606
15,0.179138909090909
15,0.213731212121212
15,0.248323515151515
15,0.282915818181818
15,0.317508121212121
15,0.352100424242424
15,0.386692727272727
15,0.42128503030303
15,0.455877333333333
15,0.490469636363636
15,0.52506193939394
15,0.559654242424243
15,0.594246545454546
15,0.628838848484849
15,0.663431151515152
15,0.698023454545455
15,0.732615757575758
15,0.767208060606061
15,0.801800363636364
15,0.836392666666667
15,0.87098496969697
15,0.905577272727273
15,0.940169575757576
15,0.974761878787879
15,1.00935418181818
15,1.04394648484848
15,1.07853878787879
15,1.11313109090909
15,1.14772339393939
15,1.1823156969697
15,1.216908
15,1.2515003030303
15,1.28609260606061
15,1.32068490909091
15,1.35527721212121
15,1.38986951515152
15,1.42446181818182
15,1.45905412121212
15,1.49364642424242
15,1.52823872727273
15,1.56283103030303
15,1.59742333333333
15,1.63201563636364
15,1.66660793939394
15,1.70120024242424
15,1.73579254545455
15,1.77038484848485
15,1.80497715151515
15,1.83956945454545
15,1.87416175757576
15,1.90875406060606
15,1.94334636363636
15,1.97793866666667
15,2.01253096969697
15,2.04712327272727
15,2.08171557575758
15,2.11630787878788
15,2.15090018181818
15,2.18549248484848
15,2.22008478787879
15,2.25467709090909
15,2.28926939393939
15,2.3238616969697
15,2.358454
15,2.3930463030303
15,2.42763860606061
15,2.46223090909091
15,2.49682321212121
15,2.53141551515152
15,2.56600781818182
15,2.60060012121212
15,2.63519242424242
15,2.66978472727273
15,2.70437703030303
15,2.73896933333333
15,2.77356163636364
15,2.80815393939394
15,2.84274624242424
15,2.87733854545455
15,2.91193084848485
15,2.94652315151515
15,2.98111545454545
15,3.01570775757576
15,3.05030006060606
15,3.08489236363636
15,3.11948466666667
15,3.15407696969697
15,3.18866927272727
15,3.22326157575758
15,3.25785387878788
15,3.29244618181818
15,3.32703848484848
15,3.36163078787879
15,3.39622309090909
15,3.43081539393939
15,3.4654076969697
15,3.5
18,0.686403999999996
18,1.03805648484848
18,1.38970896969697
18,1.74136145454545
18,2.09301393939394
18,2.44466642424242
18,2.79631890909091
18,3.14797139393939
18,3.49962387878788
18,3.85127636363636
18,4.20292884848485
18,4.55458133333333
18,4.90623381818181
18,5.2578863030303
18,5.60953878787878
18,5.96119127272727
18,6.31284375757575
18,6.66449624242424
18,7.01614872727272
18,7.36780121212121
18,7.71945369696969
18,8.07110618181818
18,8.42275866666666
18,8.77441115151515
18,9.12606363636363
18,9.47771612121212
18,9.8293686060606
18,10.1810210909091
18,10.5326735757576
18,10.8843260606061
18,11.2359785454545
18,11.587631030303
18,11.9392835151515
18,12.290936
18,12.6425884848485
18,12.994240969697
18,13.3458934545455
18,13.6975459393939
18,14.0491984242424
18,14.4008509090909
18,14.7525033939394
18,15.1041558787879
18,15.4558083636364
18,15.8074608484848
18,16.1591133333333
18,16.5107658181818
18,16.8624183030303
18,17.2140707878788
18,17.5657232727273
18,17.9173757575758
18,18.2690282424242
18,18.6206807272727
18,18.9723332121212
18,19.3239856969697
18,19.6756381818182
18,20.0272906666667
18,20.3789431515151
18,20.7305956363636
18,21.0822481212121
18,21.4339006060606
18,21.7855530909091
18,22.1372055757576
18,22.4888580606061
18,22.8405105454545
18,23.192163030303
18,23.5438155151515
18,23.895468
18,24.2471204848485
18,24.598772969697
18,24.9504254545455
18,25.3020779393939
18,25.6537304242424
18,26.0053829090909
18,26.3570353939394
18,26.7086878787879
18,27.0603403636364
18,27.4119928484848
18,27.7636453333333
18,28.1152978181818
18,28.4669503030303
18,28.8186027878788
18,29.1702552727273
18,29.5219077575758
18,29.8735602424242
18,30.2252127272727
18,30.5768652121212
18,30.9285176969697
18,31.2801701818182
18,31.6318226666667
18,31.9834751515152
18,32.3351276363636
18,32.6867801212121
18,33.0384326060606
18,33.3900850909091
18,33.7417375757576
18,34.0933900606061
18,34.4450425454545
18,34.796695030303
18,35.1483475151515
18,35.5
19,0.199999999999999
19,0.624747474747474
19,1.04949494949495
19,1.47424242424242
19,1.8989898989899
19,2.32373737373737
19,2.74848484848485
19,3.17323232323232
19,3.5979797979798
19,4.02272727272727
19,4.44747474747475
19,4.87222222222222
19,5.2969696969697
19,5.72171717171717
19,6.14646464646465
19,6.57121212121212
19,6.99595959595959
19,7.42070707070707
19,7.84545454545454
19,8.27020202020202
19,8.69494949494949
19,9.11969696969697
19,9.54444444444444
19,9.96919191919192
19,10.3939393939394
19,10.8186868686869
19,11.2434343434343
19,11.6681818181818
19,12.0929292929293
19,12.5176767676768
19,12.9424242424242
19,13.3671717171717
19,13.7919191919192
19,14.2166666666667
19,14.6414141414141
19,15.0661616161616
19,15.4909090909091
19,15.9156565656566
19,16.340404040404
19,16.7651515151515
19,17.189898989899
19,17.6146464646465
19,18.0393939393939
19,18.4641414141414
19,18.8888888888889
19,19.3136363636364
19,19.7383838383838
19,20.1631313131313
19,20.5878787878788
19,21.0126262626263
19,21.4373737373737
19,21.8621212121212
19,22.2868686868687
19,22.7116161616162
19,23.1363636363636
19,23.5611111111111
19,23.9858585858586
19,24.4106060606061
19,24.8353535353535
19,25.260101010101
19,25.6848484848485
19,26.109595959596
19,26.5343434343434
19,26.9590909090909
19,27.3838383838384
19,27.8085858585859
19,28.2333333333333
19,28.6580808080808
19,29.0828282828283
19,29.5075757575758
19,29.9323232323232
19,30.3570707070707
19,30.7818181818182
19,31.2065656565657
19,31.6313131313131
19,32.0560606060606
19,32.4808080808081
19,32.9055555555556
19,33.330303030303
19,33.7550505050505
19,34.179797979798
19,34.6045454545454
19,35.0292929292929
19,35.4540404040404
19,35.8787878787879
19,36.3035353535354
19,36.7282828282828
19,37.1530303030303
19,37.5777777777778
19,38.0025252525252
19,38.4272727272727
19,38.8520202020202
19,39.2767676767677
19,39.7015151515152
19,40.1262626262626
19,40.5510101010101
19,40.9757575757576
19,41.400505050505
19,41.8252525252525
19,42.25
21,0.0962399999999999
21,0.145772929292929
21,0.195305858585858
21,0.244838787878788
21,0.294371717171717
21,0.343904646464646
21,0.393437575757576
21,0.442970505050505
21,0.492503434343434
21,0.542036363636364
21,0.591569292929293
21,0.641102222222222
21,0.690635151515151
21,0.740168080808081
21,0.78970101010101
21,0.839233939393939
21,0.888766868686869
21,0.938299797979798
21,0.987832727272727
21,1.03736565656566
21,1.08689858585859
21,1.13643151515152
21,1.18596444444444
21,1.23549737373737
21,1.2850303030303
21,1.33456323232323
21,1.38409616161616
21,1.43362909090909
21,1.48316202020202
21,1.53269494949495
21,1.58222787878788
21,1.63176080808081
21,1.68129373737374
21,1.73082666666667
21,1.7803595959596
21,1.82989252525253
21,1.87942545454545
21,1.92895838383838
21,1.97849131313131
21,2.02802424242424
21,2.07755717171717
21,2.1270901010101
21,2.17662303030303
21,2.22615595959596
21,2.27568888888889
21,2.32522181818182
21,2.37475474747475
21,2.42428767676768
21,2.47382060606061
21,2.52335353535354
21,2.57288646464646
21,2.62241939393939
21,2.67195232323232
21,2.72148525252525
21,2.77101818181818
21,2.82055111111111
21,2.87008404040404
21,2.91961696969697
21,2.9691498989899
21,3.01868282828283
21,3.06821575757576
21,3.11774868686869
21,3.16728161616162
21,3.21681454545455
21,3.26634747474747
21,3.3158804040404
21,3.36541333333333
21,3.41494626262626
21,3.46447919191919
21,3.51401212121212
21,3.56354505050505
21,3.61307797979798
21,3.66261090909091
21,3.71214383838384
21,3.76167676767677
21,3.8112096969697
21,3.86074262626263
21,3.91027555555556
21,3.95980848484848
21,4.00934141414141
21,4.05887434343434
21,4.10840727272727
21,4.1579402020202
21,4.20747313131313
21,4.25700606060606
21,4.30653898989899
21,4.35607191919192
21,4.40560484848485
21,4.45513777777778
21,4.50467070707071
21,4.55420363636364
21,4.60373656565657
21,4.65326949494949
21,4.70280242424242
21,4.75233535353535
21,4.80186828282828
21,4.85140121212121
21,4.90093414141414
21,4.95046707070707
21,5
