3,0.0688959999999952
3,0.0954728080808033
3,0.122049616161611
3,0.14862642424242
3,0.175203232323228
3,0.201780040404036
3,0.228356848484844
3,0.254933656565652
3,0.28151046464646
3,0.308087272727268
3,0.334664080808076
3,0.361240888888885
3,0.387817696969693
3,0.414394505050501
3,0.440971313131309
3,0.467548121212117
3,0.494124929292925
3,0.520701737373733
3,0.547278545454541
3,0.573855353535349
3,0.600432161616158
3,0.627008969696966
3,0.653585777777774
3,0.680162585858582
3,0.70673939393939
3,0.733316202020198
3,0.759893010101006
3,0.786469818181814
3,0.813046626262623
3,0.839623434343431
3,0.866200242424239
3,0.892777050505047
3,0.919353858585855
3,0.945930666666663
3,0.972507474747471
3,0.999084282828279
3,1.02566109090909
3,1.0522378989899
3,1.0788147070707
3,1.10539151515151
3,1.13196832323232
3,1.15854513131313
3,1.18512193939394
3,1.21169874747474
3,1.23827555555555
3,1.26485236363636
3,1.29142917171717
3,1.31800597979798
3,1.34458278787879
3,1.37115959595959
3,1.3977364040404
3,1.42431321212121
3,1.45089002020202
3,1.47746682828283
3,1.50404363636363
3,1.53062044444444
3,1.55719725252525
3,1.58377406060606
3,1.61035086868687
3,1.63692767676767
3,1.66350448484848
3,1.69008129292929
3,1.7166581010101
3,1.74323490909091
3,1.76981171717171
3,1.79638852525252
3,1.82296533333333
3,1.84954214141414
3,1.87611894949495
3,1.90269575757576
3,1.92927256565656
3,1.95584937373737
3,1.98242618181818
3,2.00900298989899
3,2.0355797979798
3,2.0621566060606
3,2.08873341414141
3,2.11531022222222
3,2.14188703030303
3,2.16846383838384
3,2.19504064646465
3,2.22161745454545
3,2.24819426262626
3,2.27477107070707
3,2.30134787878788
3,2.32792468686869
3,2.35450149494949
3,2.3810783030303
3,2.40765511111111
3,2.43423191919192
3,2.46080872727273
3,2.48738553535353
3,2.51396234343434
3,2.54053915151515
3,2.56711595959596
3,2.59369276767677
3,2.62026957575757
3,2.64684638383838
3,2.67342319191919
3,2.7
4,1.51462000000001
4,2.27709858585859
4,3.03957717171718
4,3.80205575757576
4,4.56453434343435
4,5.32701292929294
4,6.08949151515152
4,6.85197010101011
4,7.61444868686869
4,8.37692727272728
4,9.13940585858587
4,9.90188444444445
4,10.664363030303
4,11.4268416161616
4,12.1893202020202
4,12.9517987878788
4,13.7142773737374
4,14.476755959596
4,15.2392345454546
4,16.0017131313131
4,16.7641917171717
4,17.5266703030303
4,18.2891488888889
4,19.0516274747475
4,19.8141060606061
4,20.5765846464647
4,21.3390632323232
4,22.1015418181818
4,22.8640204040404
4,23.626498989899
4,24.3889775757576
4,25.1514561616162
4,25.9139347474748
4,26.6764133333333
4,27.4388919191919
4,28.2013705050505
4,28.9638490909091
4,29.7263276767677
4,30.4888062626263
4,31.2512848484849
4,32.0137634343434
4,32.776242020202
4,33.5387206060606
4,34.3011991919192
4,35.0636777777778
4,35.8261563636364
4,36.588634949495
4,37.3511135353535
4,38.1135921212121
4,38.8760707070707
4,39.6385492929293
4,40.4010278787879
4,41.1635064646465
4,41.9259850505051
4,42.6884636363636
4,43.4509422222222
4,44.2134208080808
4,44.9758993939394
4,45.738377979798
4,46.5008565656566
4,47.2633351515152
4,48.0258137373737
4,48.7882923232323
4,49.5507709090909
4,50.3132494949495
4,51.0757280808081
4,51.8382066666667
4,52.6006852525253
4,53.3631638383838
4,54.1256424242424
4,54.888121010101
4,55.6505995959596
4,56.4130781818182
4,57.1755567676768
4,57.9380353535354
4,58.7005139393939
4,59.4629925252525
4,60.2254711111111
4,60.9879496969697
4,61.7504282828283
4,62.5129068686869
4,63.2753854545455
4,64.037864040404
4,64.8003426262626
4,65.5628212121212
4,66.3252997979798
4,67.0877783838384
4,67.850256969697
4,68.6127355555556
4,69.3752141414141
4,70.1376927272727
4,70.9001713131313
4,71.6626498989899
4,72.4251284848485
4,73.1876070707071
4,73.9500856565656
4,74.7125642424242
4,75.4750428282828
4,76.2375214141414
4,77
5,1.043772
5,1.47767329292929
5,1.91157458585858
5,2.34547587878788
5,2.77937717171717
5,3.21327846464646
5,3.64717975757575
5,4.08108105050505
5,4.51498234343434
5,4.94888363636363
5,5.38278492929293
5,5.81668622222222
5,6.25058751515151
5,6.68448880808081
5,7.1183901010101
5,7.55229139393939
5,7.98619268686868
5,8.42009397979798
5,8.85399527272727
5,9.28789656565656
5,9.72179785858586
5,10.1556991515151
5,10.5896004444444
5,11.0235017373737
5,11.457403030303
5,11.8913043232323
5,12.3252056161616
5,12.7591069090909
5,13.1930082020202
5,13.6269094949495
5,14.0608107878788
5,14.4947120808081
5,14.9286133737374
5,15.3625146666667
5,15.796415959596
5,16.2303172525253
5,16.6642185454545
5,17.0981198383838
5,17.5320211313131
5,17.9659224242424
5,18.3998237171717
5,18.833725010101
5,19.2676263030303
5,19.7015275959596
5,20.1354288888889
5,20.5693301818182
5,21.0032314747475
5,21.4371327676768
5,21.8710340606061
5,22.3049353535354
5,22.7388366464646
5,23.1727379393939
5,23.6066392323232
5,24.0405405252525
5,24.4744418181818
5,24.9083431111111
5,25.3422444040404
5,25.7761456969697
5,26.210046989899
5,26.6439482828283
5,27.0778495757576
5,27.5117508686869
5,27.9456521616162
5,28.3795534545455
5,28.8134547474747
5,29.247356040404
5,29.6812573333333
5,30.1151586262626
5,30.5490599191919
5,30.9829612121212
5,31.4168625050505
5,31.8507637979798
5,32.2846650909091
5,32.7185663838384
5,33.1524676767677
5,33.586368969697
5,34.0202702626263
5,34.4541715555556
5,34.8880728484848
5,35.3219741414141
5,35.7558754343434
5,36.1897767272727
5,36.623678020202
5,37.0575793131313
5,37.4914806060606
5,37.9253818989899
5,38.3592831919192
5,38.7931844848485
5,39.2270857777778
5,39.6609870707071
5,40.0948883636364
5,40.5287896565657
5,40.9626909494949
5,41.3965922424242
5,41.8304935353535
5,42.2643948282828
5,42.6982961212121
5,43.1321974141414
5,43.5660987070707
5,44
15,0.0753620000000002
15,0.109954303030303
15,0.144546606060606
15,0.179138909090909
15,0.213731212121212
15,0.248323515151515
15,0.282915818181818
15,0.317508121212121
15,0.352100424242424
15,0.386692727272727
15,0.42128503030303
15,0.455877333333333
15,0.490469636363636
15,0.52506193939394
15,0.559654242424243
15,0.594246545454546
15,0.628838848484849
15,0.663431151515152
15,0.698023454545455
15,0.732615757575758
15,0.767208060606061
15,0.801800363636364
15,0.836392666666667
15,0.87098496969697
15,0.905577272727273
15,0.940169575757576
15,0.974761878787879
15,1.00935418181818
15,1.04394648484848
15,1.07853878787879
15,1.11313109090909
15,1.14772339393939
15,1.1823156969697
15,1.216908
15,1.2515003030303
15,1.28609260606061
15,1.32068490909091
15,1.35527721212121
15,1.38986951515152
15,1.42446181818182
15,1.45905412121212
15,1.49364642424242
15,1.52823872727273
15,1.56283103030303
15,1.59742333333333
15,1.63201563636364
15,1.66660793939394
15,1.70120024242424
15,1.73579254545455
15,1.77038484848485
15,1.80497715151515
15,1.83956945454545
15,1.87416175757576
15,1.90875406060606
15,1.94334636363636
15,1.97793866666667
15,2.01253096969697
15,2.04712327272727
15,2.08171557575758
15,2.11630787878788
15,2.15090018181818
15,2.18549248484848
15,2.22008478787879
15,2.25467709090909
15,2.28926939393939
15,2.3238616969697
15,2.358454
15,2.3930463030303
15,2.42763860606061
15,2.46223090909091
15,2.49682321212121
15,2.53141551515152
15,2.56600781818182
15,2.60060012121212
15,2.63519242424242
15,2.66978472727273
15,2.70437703030303
15,2.73896933333333
15,2.77356163636364
15,2.80815393939394
15,2.84274624242424
15,2.87733854545455
15,2.91193084848485
15,2.94652315151515
15,2.98111545454545
15,3.01570775757576
15,3.05030006060606
15,3.08489236363636
15,3.11948466666667
15,3.15407696969697
15,3.18866927272727
15,3.22326157575758
15,3.25785387878788
15,3.29244618181818
15,3.32703848484848
15,3.36163078787879
15,3.39622309090909
15,3.43081539393939
15,3.4654076969697
15,3.5
18,0.686403999999996
18,1.03805648484848
18,1.38970896969697
18,1.74136145454545
18,2.09301393939394
18,2.44466642424242
18,2.79631890909091
18,3.14797139393939
18,3.49962387878788
18,3.85127636363636
18,4.20292884848485
18,4.55458133333333
18,4.90623381818181
18,5.2578863030303
18,5.60953878787878
18,5.96119127272727
18,6.31284375757575
18,6.66449624242424
18,7.01614872727272
18,7.36780121212121
18,7.71945369696969
18,8.07110618181818
18,8.42275866666666
18,8.77441115151515
18,9.12606363636363
18,9.47771612121212
18,9.8293686060606
18,10.1810210909091
18,10.5326735757576
18,10.8843260606061
18,11.2359785454545
18,11.587631030303
18,11.9392835151515
18,12.290936
18,12.6425884848485
18,12.994240969697
18,13.3458934545455
18,13.6975459393939
18,14.0491984242424
18,14.4008509090909
18,14.7525033939394
18,15.1041558787879
18,15.4558083636364
18,15.8074608484848
18,16.1591133333333
18,16.5107658181818
18,16.8624183030303
18,17.2140707878788
18,17.5657232727273
18,17.9173757575758
18,18.2690282424242
18,18.6206807272727
18,18.9723332121212
18,19.3239856969697
18,19.6756381818182
18,20.0272906666667
18,20.3789431515151
18,20.7305956363636
18,21.0822481212121
18,21.4339006060606
18,21.7855530909091
18,22.1372055757576
18,22.4888580606061
18,22.8405105454545
18,23.192163030303
18,23.5438155151515
18,23.895468
18,24.2471204848485
18,24.598772969697
18,24.9504254545455
18,25.3020779393939
18,25.6537304242424
18,26.0053829090909
18,26.3570353939394
18,26.7086878787879
18,27.0603403636364
18,27.4119928484848
18,27.7636453333333
18,28.1152978181818
18,28.4669503030303
18,28.8186027878788
18,29.1702552727273
18,29.5219077575758
18,29.8735602424242
18,30.2252127272727
18,30.5768652121212
18,30.9285176969697
18,31.2801701818182
18,31.6318226666667
18,31.9834751515152
18,32.3351276363636
18,32.6867801212121
18,33.0384326060606
18,33.3900850909091
18,33.7417375757576
18,34.0933900606061
18,34.4450425454545
18,34.796695030303
18,35.1483475151515
18,35.5
19,0.199999999999999
19,0.63080808080808
19,1.06161616161616
19,1.49242424242424
19,1.92323232323232
19,2.3540404040404
19,2.78484848484848
19,3.21565656565657
19,3.64646464646465
19,4.07727272727273
19,4.50808080808081
19,4.93888888888889
19,5.36969696969697
19,5.80050505050505
19,6.23131313131313
19,6.66212121212121
19,7.09292929292929
19,7.52373737373737
19,7.95454545454546
19,8.38535353535354
19,8.81616161616162
19,9.2469696969697
19,9.67777777777778
19,10.1085858585859
19,10.5393939393939
19,10.970202020202
19,11.4010101010101
19,11.8318181818182
19,12.2626262626263
19,12.6934343434343
19,13.1242424242424
19,13.5550505050505
19,13.9858585858586
19,14.4166666666667
19,14.8474747474747
19,15.2782828282828
19,15.7090909090909
19,16.139898989899
19,16.5707070707071
19,17.0015151515152
19,17.4323232323232
19,17.8631313131313
19,18.2939393939394
19,18.7247474747475
19,19.1555555555556
19,19.5863636363636
19,20.0171717171717
19,20.4479797979798
19,20.8787878787879
19,21.309595959596
19,21.740404040404
19,22.1712121212121
19,22.6020202020202
19,23.0328282828283
19,23.4636363636364
19,23.8944444444444
19,24.3252525252525
19,24.7560606060606
19,25.1868686868687
19,25.6176767676768
19,26.0484848484849
19,26.4792929292929
19,26.910101010101
19,27.3409090909091
19,27.7717171717172
19,28.2025252525253
19,28.6333333333333
19,29.0641414141414
19,29.4949494949495
19,29.9257575757576
19,30.3565656565657
19,30.7873737373737
19,31.2181818181818
19,31.6489898989899
19,32.079797979798
19,32.5106060606061
19,32.9414141414141
19,33.3722222222222
19,33.8030303030303
19,34.2338383838384
19,34.6646464646465
19,35.0954545454545
19,35.5262626262626
19,35.9570707070707
19,36.3878787878788
19,36.8186868686869
19,37.249494949495
19,37.680303030303
19,38.1111111111111
19,38.5419191919192
19,38.9727272727273
19,39.4035353535354
19,39.8343434343434
19,40.2651515151515
19,40.6959595959596
19,41.1267676767677
19,41.5575757575758
19,41.9883838383838
19,42.4191919191919
19,42.85
21,0.10376
21,0.15321696969697
21,0.20267393939394
21,0.252130909090909
21,0.301587878787879
21,0.351044848484849
21,0.400501818181818
21,0.449958787878788
21,0.499415757575758
21,0.548872727272728
21,0.598329696969697
21,0.647786666666667
21,0.697243636363637
21,0.746700606060606
21,0.796157575757576
21,0.845614545454546
21,0.895071515151515
21,0.944528484848485
21,0.993985454545455
21,1.04344242424242
21,1.09289939393939
21,1.14235636363636
21,1.19181333333333
21,1.2412703030303
21,1.29072727272727
21,1.34018424242424
21,1.38964121212121
21,1.43909818181818
21,1.48855515151515
21,1.53801212121212
21,1.58746909090909
21,1.63692606060606
21,1.68638303030303
21,1.73584
21,1.78529696969697
21,1.83475393939394
21,1.88421090909091
21,1.93366787878788
21,1.98312484848485
21,2.03258181818182
21,2.08203878787879
21,2.13149575757576
21,2.18095272727273
21,2.2304096969697
21,2.27986666666667
21,2.32932363636364
21,2.37878060606061
21,2.42823757575758
21,2.47769454545455
21,2.52715151515152
21,2.57660848484849
21,2.62606545454545
21,2.67552242424242
21,2.72497939393939
21,2.77443636363636
21,2.82389333333333
21,2.8733503030303
21,2.92280727272727
21,2.97226424242424
21,3.02172121212121
21,3.07117818181818
21,3.12063515151515
21,3.17009212121212
21,3.21954909090909
21,3.26900606060606
21,3.31846303030303
21,3.36792
21,3.41737696969697
21,3.46683393939394
21,3.51629090909091
21,3.56574787878788
21,3.61520484848485
21,3.66466181818182
21,3.71411878787879
21,3.76357575757576
21,3.81303272727273
21,3.8624896969697
21,3.91194666666667
21,3.96140363636364
21,4.01086060606061
21,4.06031757575758
21,4.10977454545455
21,4.15923151515152
21,4.20868848484848
21,4.25814545454545
21,4.30760242424242
21,4.35705939393939
21,4.40651636363636
21,4.45597333333333
21,4.5054303030303
21,4.55488727272727
21,4.60434424242424
21,4.65380121212121
21,4.70325818181818
21,4.75271515151515
21,4.80217212121212
21,4.85162909090909
21,4.90108606060606
21,4.95054303030303
21,5
