1,2
1,2.05555555555556
1,2.11111111111111
1,2.16666666666667
1,2.22222222222222
1,2.27777777777778
1,2.33333333333333
1,2.38888888888889
1,2.44444444444444
1,2.5
1,2.55555555555556
1,2.61111111111111
1,2.66666666666667
1,2.72222222222222
1,2.77777777777778
1,2.83333333333333
1,2.88888888888889
1,2.94444444444444
1,3
1,3.05555555555556
1,3.11111111111111
1,3.16666666666667
1,3.22222222222222
1,3.27777777777778
1,3.33333333333333
1,3.38888888888889
1,3.44444444444444
1,3.5
1,3.55555555555556
1,3.61111111111111
1,3.66666666666667
1,3.72222222222222
1,3.77777777777778
1,3.83333333333333
1,3.88888888888889
1,3.94444444444444
1,4
1,4.05555555555556
1,4.11111111111111
1,4.16666666666667
1,4.22222222222222
1,4.27777777777778
1,4.33333333333333
1,4.38888888888889
1,4.44444444444444
1,4.5
1,4.55555555555556
1,4.61111111111111
1,4.66666666666667
1,4.72222222222222
1,4.77777777777778
1,4.83333333333333
1,4.88888888888889
1,4.94444444444444
1,5
1,5.05555555555556
1,5.11111111111111
1,5.16666666666667
1,5.22222222222222
1,5.27777777777778
1,5.33333333333333
1,5.38888888888889
1,5.44444444444444
1,5.5
1,5.55555555555556
1,5.61111111111111
1,5.66666666666667
1,5.72222222222222
1,5.77777777777778
1,5.83333333333333
1,5.88888888888889
1,5.94444444444444
1,6
1,6.05555555555556
1,6.11111111111111
1,6.16666666666667
1,6.22222222222222
1,6.27777777777778
1,6.33333333333333
1,6.38888888888889
1,6.44444444444444
1,6.5
1,6.55555555555556
1,6.61111111111111
1,6.66666666666667
1,6.72222222222222
1,6.77777777777778
1,6.83333333333333
1,6.88888888888889
1,6.94444444444444
1,7
1,7.05555555555556
1,7.11111111111111
1,7.16666666666667
1,7.22222222222222
1,7.27777777777778
1,7.33333333333333
1,7.38888888888889
1,7.44444444444444
1,7.5
2,2
2,2.98484848484848
2,3.96969696969697
2,4.95454545454546
2,5.93939393939394
2,6.92424242424242
2,7.90909090909091
2,8.89393939393939
2,9.87878787878788
2,10.8636363636364
2,11.8484848484848
2,12.8333333333333
2,13.8181818181818
2,14.8030303030303
2,15.7878787878788
2,16.7727272727273
2,17.7575757575758
2,18.7424242424242
2,19.7272727272727
2,20.7121212121212
2,21.6969696969697
2,22.6818181818182
2,23.6666666666667
2,24.6515151515152
2,25.6363636363636
2,26.6212121212121
2,27.6060606060606
2,28.5909090909091
2,29.5757575757576
2,30.5606060606061
2,31.5454545454545
2,32.530303030303
2,33.5151515151515
2,34.5
2,35.4848484848485
2,36.469696969697
2,37.4545454545455
2,38.4393939393939
2,39.4242424242424
2,40.4090909090909
2,41.3939393939394
2,42.3787878787879
2,43.3636363636364
2,44.3484848484849
2,45.3333333333333
2,46.3181818181818
2,47.3030303030303
2,48.2878787878788
2,49.2727272727273
2,50.2575757575758
2,51.2424242424242
2,52.2272727272727
2,53.2121212121212
2,54.1969696969697
2,55.1818181818182
2,56.1666666666667
2,57.1515151515152
2,58.1363636363636
2,59.1212121212121
2,60.1060606060606
2,61.0909090909091
2,62.0757575757576
2,63.0606060606061
2,64.0454545454545
2,65.030303030303
2,66.0151515151515
2,67
2,67.9848484848485
2,68.969696969697
2,69.9545454545455
2,70.9393939393939
2,71.9242424242424
2,72.9090909090909
2,73.8939393939394
2,74.8787878787879
2,75.8636363636364
2,76.8484848484848
2,77.8333333333333
2,78.8181818181818
2,79.8030303030303
2,80.7878787878788
2,81.7727272727273
2,82.7575757575758
2,83.7424242424242
2,84.7272727272727
2,85.7121212121212
2,86.6969696969697
2,87.6818181818182
2,88.6666666666667
2,89.6515151515152
2,90.6363636363636
2,91.6212121212121
2,92.6060606060606
2,93.5909090909091
2,94.5757575757576
2,95.5606060606061
2,96.5454545454545
2,97.530303030303
2,98.5151515151515
2,99.5
3,2
3,2.53535353535354
3,3.07070707070707
3,3.60606060606061
3,4.14141414141414
3,4.67676767676768
3,5.21212121212121
3,5.74747474747475
3,6.28282828282828
3,6.81818181818182
3,7.35353535353535
3,7.88888888888889
3,8.42424242424242
3,8.95959595959596
3,9.49494949494949
3,10.030303030303
3,10.5656565656566
3,11.1010101010101
3,11.6363636363636
3,12.1717171717172
3,12.7070707070707
3,13.2424242424242
3,13.7777777777778
3,14.3131313131313
3,14.8484848484848
3,15.3838383838384
3,15.9191919191919
3,16.4545454545455
3,16.989898989899
3,17.5252525252525
3,18.0606060606061
3,18.5959595959596
3,19.1313131313131
3,19.6666666666667
3,20.2020202020202
3,20.7373737373737
3,21.2727272727273
3,21.8080808080808
3,22.3434343434343
3,22.8787878787879
3,23.4141414141414
3,23.9494949494949
3,24.4848484848485
3,25.020202020202
3,25.5555555555556
3,26.0909090909091
3,26.6262626262626
3,27.1616161616162
3,27.6969696969697
3,28.2323232323232
3,28.7676767676768
3,29.3030303030303
3,29.8383838383838
3,30.3737373737374
3,30.9090909090909
3,31.4444444444444
3,31.979797979798
3,32.5151515151515
3,33.0505050505051
3,33.5858585858586
3,34.1212121212121
3,34.6565656565657
3,35.1919191919192
3,35.7272727272727
3,36.2626262626263
3,36.7979797979798
3,37.3333333333333
3,37.8686868686869
3,38.4040404040404
3,38.9393939393939
3,39.4747474747475
3,40.010101010101
3,40.5454545454545
3,41.0808080808081
3,41.6161616161616
3,42.1515151515151
3,42.6868686868687
3,43.2222222222222
3,43.7575757575758
3,44.2929292929293
3,44.8282828282828
3,45.3636363636364
3,45.8989898989899
3,46.4343434343434
3,46.969696969697
3,47.5050505050505
3,48.040404040404
3,48.5757575757576
3,49.1111111111111
3,49.6464646464646
3,50.1818181818182
3,50.7171717171717
3,51.2525252525253
3,51.7878787878788
3,52.3232323232323
3,52.8585858585859
3,53.3939393939394
3,53.9292929292929
3,54.4646464646465
3,55
4,2
4,2.47979797979798
4,2.95959595959596
4,3.43939393939394
4,3.91919191919192
4,4.3989898989899
4,4.87878787878788
4,5.35858585858586
4,5.83838383838384
4,6.31818181818182
4,6.7979797979798
4,7.27777777777778
4,7.75757575757576
4,8.23737373737374
4,8.71717171717172
4,9.1969696969697
4,9.67676767676768
4,10.1565656565657
4,10.6363636363636
4,11.1161616161616
4,11.5959595959596
4,12.0757575757576
4,12.5555555555556
4,13.0353535353535
4,13.5151515151515
4,13.9949494949495
4,14.4747474747475
4,14.9545454545455
4,15.4343434343434
4,15.9141414141414
4,16.3939393939394
4,16.8737373737374
4,17.3535353535354
4,17.8333333333333
4,18.3131313131313
4,18.7929292929293
4,19.2727272727273
4,19.7525252525253
4,20.2323232323232
4,20.7121212121212
4,21.1919191919192
4,21.6717171717172
4,22.1515151515152
4,22.6313131313131
4,23.1111111111111
4,23.5909090909091
4,24.0707070707071
4,24.550505050505
4,25.030303030303
4,25.510101010101
4,25.989898989899
4,26.469696969697
4,26.9494949494949
4,27.4292929292929
4,27.9090909090909
4,28.3888888888889
4,28.8686868686869
4,29.3484848484848
4,29.8282828282828
4,30.3080808080808
4,30.7878787878788
4,31.2676767676768
4,31.7474747474747
4,32.2272727272727
4,32.7070707070707
4,33.1868686868687
4,33.6666666666667
4,34.1464646464646
4,34.6262626262626
4,35.1060606060606
4,35.5858585858586
4,36.0656565656566
4,36.5454545454545
4,37.0252525252525
4,37.5050505050505
4,37.9848484848485
4,38.4646464646465
4,38.9444444444444
4,39.4242424242424
4,39.9040404040404
4,40.3838383838384
4,40.8636363636364
4,41.3434343434343
4,41.8232323232323
4,42.3030303030303
4,42.7828282828283
4,43.2626262626263
4,43.7424242424242
4,44.2222222222222
4,44.7020202020202
4,45.1818181818182
4,45.6616161616162
4,46.1414141414141
4,46.6212121212121
4,47.1010101010101
4,47.5808080808081
4,48.0606060606061
4,48.540404040404
4,49.020202020202
4,49.5
5,2
5,6.25252525252525
5,10.5050505050505
5,14.7575757575758
5,19.010101010101
5,23.2626262626263
5,27.5151515151515
5,31.7676767676768
5,36.020202020202
5,40.2727272727273
5,44.5252525252525
5,48.7777777777778
5,53.030303030303
5,57.2828282828283
5,61.5353535353535
5,65.7878787878788
5,70.040404040404
5,74.2929292929293
5,78.5454545454545
5,82.7979797979798
5,87.0505050505051
5,91.3030303030303
5,95.5555555555556
5,99.8080808080808
5,104.060606060606
5,108.313131313131
5,112.565656565657
5,116.818181818182
5,121.070707070707
5,125.323232323232
5,129.575757575758
5,133.828282828283
5,138.080808080808
5,142.333333333333
5,146.585858585859
5,150.838383838384
5,155.090909090909
5,159.343434343434
5,163.59595959596
5,167.848484848485
5,172.10101010101
5,176.353535353535
5,180.606060606061
5,184.858585858586
5,189.111111111111
5,193.363636363636
5,197.616161616162
5,201.868686868687
5,206.121212121212
5,210.373737373737
5,214.626262626263
5,218.878787878788
5,223.131313131313
5,227.383838383838
5,231.636363636364
5,235.888888888889
5,240.141414141414
5,244.393939393939
5,248.646464646465
5,252.89898989899
5,257.151515151515
5,261.40404040404
5,265.656565656566
5,269.909090909091
5,274.161616161616
5,278.414141414141
5,282.666666666667
5,286.919191919192
5,291.171717171717
5,295.424242424242
5,299.676767676768
5,303.929292929293
5,308.181818181818
5,312.434343434343
5,316.686868686869
5,320.939393939394
5,325.191919191919
5,329.444444444444
5,333.69696969697
5,337.949494949495
5,342.20202020202
5,346.454545454545
5,350.707070707071
5,354.959595959596
5,359.212121212121
5,363.464646464646
5,367.717171717172
5,371.969696969697
5,376.222222222222
5,380.474747474747
5,384.727272727273
5,388.979797979798
5,393.232323232323
5,397.484848484848
5,401.737373737374
5,405.989898989899
5,410.242424242424
5,414.494949494949
5,418.747474747475
5,423
6,0.199999999999989
6,0.536868686868676
6,0.873737373737362
6,1.21060606060605
6,1.54747474747474
6,1.88434343434342
6,2.22121212121211
6,2.5580808080808
6,2.89494949494948
6,3.23181818181817
6,3.56868686868686
6,3.90555555555554
6,4.24242424242423
6,4.57929292929292
6,4.91616161616161
6,5.25303030303029
6,5.58989898989898
6,5.92676767676767
6,6.26363636363635
6,6.60050505050504
6,6.93737373737373
6,7.27424242424241
6,7.6111111111111
6,7.94797979797979
6,8.28484848484847
6,8.62171717171716
6,8.95858585858585
6,9.29545454545454
6,9.63232323232322
6,9.96919191919191
6,10.3060606060606
6,10.6429292929293
6,10.979797979798
6,11.3166666666667
6,11.6535353535353
6,11.990404040404
6,12.3272727272727
6,12.6641414141414
6,13.0010101010101
6,13.3378787878788
6,13.6747474747475
6,14.0116161616162
6,14.3484848484848
6,14.6853535353535
6,15.0222222222222
6,15.3590909090909
6,15.6959595959596
6,16.0328282828283
6,16.369696969697
6,16.7065656565656
6,17.0434343434343
6,17.380303030303
6,17.7171717171717
6,18.0540404040404
6,18.3909090909091
6,18.7277777777778
6,19.0646464646465
6,19.4015151515151
6,19.7383838383838
6,20.0752525252525
6,20.4121212121212
6,20.7489898989899
6,21.0858585858586
6,21.4227272727273
6,21.759595959596
6,22.0964646464646
6,22.4333333333333
6,22.770202020202
6,23.1070707070707
6,23.4439393939394
6,23.7808080808081
6,24.1176767676768
6,24.4545454545454
6,24.7914141414141
6,25.1282828282828
6,25.4651515151515
6,25.8020202020202
6,26.1388888888889
6,26.4757575757576
6,26.8126262626263
6,27.1494949494949
6,27.4863636363636
6,27.8232323232323
6,28.160101010101
6,28.4969696969697
6,28.8338383838384
6,29.1707070707071
6,29.5075757575758
6,29.8444444444444
6,30.1813131313131
6,30.5181818181818
6,30.8550505050505
6,31.1919191919192
6,31.5287878787879
6,31.8656565656566
6,32.2025252525252
6,32.5393939393939
6,32.8762626262626
6,33.2131313131313
6,33.55
7,0.00199999999999989
7,0.0138080808080807
7,0.0256161616161615
7,0.0374242424242423
7,0.0492323232323231
7,0.0610404040404039
7,0.0728484848484847
7,0.0846565656565656
7,0.0964646464646464
7,0.108272727272727
7,0.120080808080808
7,0.131888888888889
7,0.14369696969697
7,0.15550505050505
7,0.167313131313131
7,0.179121212121212
7,0.190929292929293
7,0.202737373737374
7,0.214545454545454
7,0.226353535353535
7,0.238161616161616
7,0.249969696969697
7,0.261777777777778
7,0.273585858585858
7,0.285393939393939
7,0.29720202020202
7,0.309010101010101
7,0.320818181818182
7,0.332626262626263
7,0.344434343434343
7,0.356242424242424
7,0.368050505050505
7,0.379858585858586
7,0.391666666666667
7,0.403474747474747
7,0.415282828282828
7,0.427090909090909
7,0.43889898989899
7,0.450707070707071
7,0.462515151515151
7,0.474323232323232
7,0.486131313131313
7,0.497939393939394
7,0.509747474747475
7,0.521555555555555
7,0.533363636363636
7,0.545171717171717
7,0.556979797979798
7,0.568787878787879
7,0.58059595959596
7,0.59240404040404
7,0.604212121212121
7,0.616020202020202
7,0.627828282828283
7,0.639636363636364
7,0.651444444444444
7,0.663252525252525
7,0.675060606060606
7,0.686868686868687
7,0.698676767676768
7,0.710484848484848
7,0.722292929292929
7,0.73410101010101
7,0.745909090909091
7,0.757717171717172
7,0.769525252525253
7,0.781333333333333
7,0.793141414141414
7,0.804949494949495
7,0.816757575757576
7,0.828565656565657
7,0.840373737373737
7,0.852181818181818
7,0.863989898989899
7,0.87579797979798
7,0.887606060606061
7,0.899414141414141
7,0.911222222222222
7,0.923030303030303
7,0.934838383838384
7,0.946646464646465
7,0.958454545454545
7,0.970262626262626
7,0.982070707070707
7,0.993878787878788
7,1.00568686868687
7,1.01749494949495
7,1.02930303030303
7,1.04111111111111
7,1.05291919191919
7,1.06472727272727
7,1.07653535353535
7,1.08834343434343
7,1.10015151515152
7,1.1119595959596
7,1.12376767676768
7,1.13557575757576
7,1.14738383838384
7,1.15919191919192
7,1.171
8,2
8,2.28282828282828
8,2.56565656565657
8,2.84848484848485
8,3.13131313131313
8,3.41414141414141
8,3.6969696969697
8,3.97979797979798
8,4.26262626262626
8,4.54545454545454
8,4.82828282828283
8,5.11111111111111
8,5.39393939393939
8,5.67676767676768
8,5.95959595959596
8,6.24242424242424
8,6.52525252525253
8,6.80808080808081
8,7.09090909090909
8,7.37373737373737
8,7.65656565656566
8,7.93939393939394
8,8.22222222222222
8,8.50505050505051
8,8.78787878787879
8,9.07070707070707
8,9.35353535353535
8,9.63636363636364
8,9.91919191919192
8,10.2020202020202
8,10.4848484848485
8,10.7676767676768
8,11.0505050505051
8,11.3333333333333
8,11.6161616161616
8,11.8989898989899
8,12.1818181818182
8,12.4646464646465
8,12.7474747474747
8,13.030303030303
8,13.3131313131313
8,13.5959595959596
8,13.8787878787879
8,14.1616161616162
8,14.4444444444444
8,14.7272727272727
8,15.010101010101
8,15.2929292929293
8,15.5757575757576
8,15.8585858585859
8,16.1414141414141
8,16.4242424242424
8,16.7070707070707
8,16.989898989899
8,17.2727272727273
8,17.5555555555556
8,17.8383838383838
8,18.1212121212121
8,18.4040404040404
8,18.6868686868687
8,18.969696969697
8,19.2525252525253
8,19.5353535353535
8,19.8181818181818
8,20.1010101010101
8,20.3838383838384
8,20.6666666666667
8,20.9494949494949
8,21.2323232323232
8,21.5151515151515
8,21.7979797979798
8,22.0808080808081
8,22.3636363636364
8,22.6464646464646
8,22.9292929292929
8,23.2121212121212
8,23.4949494949495
8,23.7777777777778
8,24.0606060606061
8,24.3434343434343
8,24.6262626262626
8,24.9090909090909
8,25.1919191919192
8,25.4747474747475
8,25.7575757575758
8,26.040404040404
8,26.3232323232323
8,26.6060606060606
8,26.8888888888889
8,27.1717171717172
8,27.4545454545455
8,27.7373737373737
8,28.020202020202
8,28.3030303030303
8,28.5858585858586
8,28.8686868686869
8,29.1515151515151
8,29.4343434343434
8,29.7171717171717
8,30
