2,0.159999999999997
2,0.494242424242421
2,0.828484848484845
2,1.16272727272727
2,1.49696969696969
2,1.83121212121212
2,2.16545454545454
2,2.49969696969697
2,2.83393939393939
2,3.16818181818182
2,3.50242424242424
2,3.83666666666666
2,4.17090909090909
2,4.50515151515151
2,4.83939393939394
2,5.17363636363636
2,5.50787878787879
2,5.84212121212121
2,6.17636363636363
2,6.51060606060606
2,6.84484848484848
2,7.17909090909091
2,7.51333333333333
2,7.84757575757575
2,8.18181818181818
2,8.5160606060606
2,8.85030303030303
2,9.18454545454545
2,9.51878787878788
2,9.8530303030303
2,10.1872727272727
2,10.5215151515151
2,10.8557575757576
2,11.19
2,11.5242424242424
2,11.8584848484848
2,12.1927272727273
2,12.5269696969697
2,12.8612121212121
2,13.1954545454545
2,13.529696969697
2,13.8639393939394
2,14.1981818181818
2,14.5324242424242
2,14.8666666666667
2,15.2009090909091
2,15.5351515151515
2,15.8693939393939
2,16.2036363636364
2,16.5378787878788
2,16.8721212121212
2,17.2063636363636
2,17.5406060606061
2,17.8748484848485
2,18.2090909090909
2,18.5433333333333
2,18.8775757575758
2,19.2118181818182
2,19.5460606060606
2,19.880303030303
2,20.2145454545455
2,20.5487878787879
2,20.8830303030303
2,21.2172727272727
2,21.5515151515152
2,21.8857575757576
2,22.22
2,22.5542424242424
2,22.8884848484848
2,23.2227272727273
2,23.5569696969697
2,23.8912121212121
2,24.2254545454545
2,24.559696969697
2,24.8939393939394
2,25.2281818181818
2,25.5624242424242
2,25.8966666666667
2,26.2309090909091
2,26.5651515151515
2,26.8993939393939
2,27.2336363636364
2,27.5678787878788
2,27.9021212121212
2,28.2363636363636
2,28.5706060606061
2,28.9048484848485
2,29.2390909090909
2,29.5733333333333
2,29.9075757575758
2,30.2418181818182
2,30.5760606060606
2,30.910303030303
2,31.2445454545455
2,31.5787878787879
2,31.9130303030303
2,32.2472727272727
2,32.5815151515152
2,32.9157575757576
2,33.25
3,0.01
3,0.151313131313131
3,0.292626262626263
3,0.433939393939394
3,0.575252525252525
3,0.716565656565657
3,0.857878787878788
3,0.999191919191919
3,1.14050505050505
3,1.28181818181818
3,1.42313131313131
3,1.56444444444444
3,1.70575757575758
3,1.84707070707071
3,1.98838383838384
3,2.12969696969697
3,2.2710101010101
3,2.41232323232323
3,2.55363636363636
3,2.69494949494949
3,2.83626262626263
3,2.97757575757576
3,3.11888888888889
3,3.26020202020202
3,3.40151515151515
3,3.54282828282828
3,3.68414141414141
3,3.82545454545455
3,3.96676767676768
3,4.10808080808081
3,4.24939393939394
3,4.39070707070707
3,4.5320202020202
3,4.67333333333333
3,4.81464646464646
3,4.9559595959596
3,5.09727272727273
3,5.23858585858586
3,5.37989898989899
3,5.52121212121212
3,5.66252525252525
3,5.80383838383838
3,5.94515151515151
3,6.08646464646465
3,6.22777777777778
3,6.36909090909091
3,6.51040404040404
3,6.65171717171717
3,6.7930303030303
3,6.93434343434343
3,7.07565656565657
3,7.2169696969697
3,7.35828282828283
3,7.49959595959596
3,7.64090909090909
3,7.78222222222222
3,7.92353535353535
3,8.06484848484848
3,8.20616161616162
3,8.34747474747475
3,8.48878787878788
3,8.63010101010101
3,8.77141414141414
3,8.91272727272727
3,9.0540404040404
3,9.19535353535353
3,9.33666666666667
3,9.4779797979798
3,9.61929292929293
3,9.76060606060606
3,9.90191919191919
3,10.0432323232323
3,10.1845454545455
3,10.3258585858586
3,10.4671717171717
3,10.6084848484848
3,10.749797979798
3,10.8911111111111
3,11.0324242424242
3,11.1737373737374
3,11.3150505050505
3,11.4563636363636
3,11.5976767676768
3,11.7389898989899
3,11.880303030303
3,12.0216161616162
3,12.1629292929293
3,12.3042424242424
3,12.4455555555556
3,12.5868686868687
3,12.7281818181818
3,12.8694949494949
3,13.0108080808081
3,13.1521212121212
3,13.2934343434343
3,13.4347474747475
3,13.5760606060606
3,13.7173737373737
3,13.8586868686869
3,14
7,0.00999999999999979
7,0.153838383838384
7,0.297676767676767
7,0.441515151515151
7,0.585353535353535
7,0.729191919191919
7,0.873030303030303
7,1.01686868686869
7,1.16070707070707
7,1.30454545454545
7,1.44838383838384
7,1.59222222222222
7,1.73606060606061
7,1.87989898989899
7,2.02373737373737
7,2.16757575757576
7,2.31141414141414
7,2.45525252525253
7,2.59909090909091
7,2.74292929292929
7,2.88676767676768
7,3.03060606060606
7,3.17444444444444
7,3.31828282828283
7,3.46212121212121
7,3.6059595959596
7,3.74979797979798
7,3.89363636363636
7,4.03747474747475
7,4.18131313131313
7,4.32515151515152
7,4.4689898989899
7,4.61282828282828
7,4.75666666666667
7,4.90050505050505
7,5.04434343434343
7,5.18818181818182
7,5.3320202020202
7,5.47585858585859
7,5.61969696969697
7,5.76353535353535
7,5.90737373737374
7,6.05121212121212
7,6.19505050505051
7,6.33888888888889
7,6.48272727272727
7,6.62656565656566
7,6.77040404040404
7,6.91424242424242
7,7.05808080808081
7,7.20191919191919
7,7.34575757575758
7,7.48959595959596
7,7.63343434343434
7,7.77727272727273
7,7.92111111111111
7,8.0649494949495
7,8.20878787878788
7,8.35262626262626
7,8.49646464646465
7,8.64030303030303
7,8.78414141414141
7,8.9279797979798
7,9.07181818181818
7,9.21565656565657
7,9.35949494949495
7,9.50333333333333
7,9.64717171717172
7,9.7910101010101
7,9.93484848484849
7,10.0786868686869
7,10.2225252525253
7,10.3663636363636
7,10.510202020202
7,10.6540404040404
7,10.7978787878788
7,10.9417171717172
7,11.0855555555556
7,11.2293939393939
7,11.3732323232323
7,11.5170707070707
7,11.6609090909091
7,11.8047474747475
7,11.9485858585859
7,12.0924242424242
7,12.2362626262626
7,12.380101010101
7,12.5239393939394
7,12.6677777777778
7,12.8116161616162
7,12.9554545454545
7,13.0992929292929
7,13.2431313131313
7,13.3869696969697
7,13.5308080808081
7,13.6746464646465
7,13.8184848484848
7,13.9623232323232
7,14.1061616161616
7,14.25
10,2
10,2.18181818181818
10,2.36363636363636
10,2.54545454545455
10,2.72727272727273
10,2.90909090909091
10,3.09090909090909
10,3.27272727272727
10,3.45454545454545
10,3.63636363636364
10,3.81818181818182
10,4
10,4.18181818181818
10,4.36363636363636
10,4.54545454545454
10,4.72727272727273
10,4.90909090909091
10,5.09090909090909
10,5.27272727272727
10,5.45454545454546
10,5.63636363636364
10,5.81818181818182
10,6
10,6.18181818181818
10,6.36363636363636
10,6.54545454545455
10,6.72727272727273
10,6.90909090909091
10,7.09090909090909
10,7.27272727272727
10,7.45454545454546
10,7.63636363636364
10,7.81818181818182
10,8
10,8.18181818181818
10,8.36363636363636
10,8.54545454545455
10,8.72727272727273
10,8.90909090909091
10,9.09090909090909
10,9.27272727272727
10,9.45454545454546
10,9.63636363636364
10,9.81818181818182
10,10
10,10.1818181818182
10,10.3636363636364
10,10.5454545454545
10,10.7272727272727
10,10.9090909090909
10,11.0909090909091
10,11.2727272727273
10,11.4545454545455
10,11.6363636363636
10,11.8181818181818
10,12
10,12.1818181818182
10,12.3636363636364
10,12.5454545454545
10,12.7272727272727
10,12.9090909090909
10,13.0909090909091
10,13.2727272727273
10,13.4545454545455
10,13.6363636363636
10,13.8181818181818
10,14
10,14.1818181818182
10,14.3636363636364
10,14.5454545454545
10,14.7272727272727
10,14.9090909090909
10,15.0909090909091
10,15.2727272727273
10,15.4545454545455
10,15.6363636363636
10,15.8181818181818
10,16
10,16.1818181818182
10,16.3636363636364
10,16.5454545454545
10,16.7272727272727
10,16.9090909090909
10,17.0909090909091
10,17.2727272727273
10,17.4545454545455
10,17.6363636363636
10,17.8181818181818
10,18
10,18.1818181818182
10,18.3636363636364
10,18.5454545454545
10,18.7272727272727
10,18.9090909090909
10,19.0909090909091
10,19.2727272727273
10,19.4545454545455
10,19.6363636363636
10,19.8181818181818
10,20
13,2
13,7.83838383838384
13,13.6767676767677
13,19.5151515151515
13,25.3535353535354
13,31.1919191919192
13,37.030303030303
13,42.8686868686869
13,48.7070707070707
13,54.5454545454545
13,60.3838383838384
13,66.2222222222222
13,72.0606060606061
13,77.8989898989899
13,83.7373737373737
13,89.5757575757576
13,95.4141414141414
13,101.252525252525
13,107.090909090909
13,112.929292929293
13,118.767676767677
13,124.606060606061
13,130.444444444444
13,136.282828282828
13,142.121212121212
13,147.959595959596
13,153.79797979798
13,159.636363636364
13,165.474747474747
13,171.313131313131
13,177.151515151515
13,182.989898989899
13,188.828282828283
13,194.666666666667
13,200.50505050505
13,206.343434343434
13,212.181818181818
13,218.020202020202
13,223.858585858586
13,229.69696969697
13,235.535353535354
13,241.373737373737
13,247.212121212121
13,253.050505050505
13,258.888888888889
13,264.727272727273
13,270.565656565657
13,276.40404040404
13,282.242424242424
13,288.080808080808
13,293.919191919192
13,299.757575757576
13,305.59595959596
13,311.434343434343
13,317.272727272727
13,323.111111111111
13,328.949494949495
13,334.787878787879
13,340.626262626263
13,346.464646464646
13,352.30303030303
13,358.141414141414
13,363.979797979798
13,369.818181818182
13,375.656565656566
13,381.494949494949
13,387.333333333333
13,393.171717171717
13,399.010101010101
13,404.848484848485
13,410.686868686869
13,416.525252525253
13,422.363636363636
13,428.20202020202
13,434.040404040404
13,439.878787878788
13,445.717171717172
13,451.555555555556
13,457.393939393939
13,463.232323232323
13,469.070707070707
13,474.909090909091
13,480.747474747475
13,486.585858585859
13,492.424242424242
13,498.262626262626
13,504.10101010101
13,509.939393939394
13,515.777777777778
13,521.616161616162
13,527.454545454545
13,533.292929292929
13,539.131313131313
13,544.969696969697
13,550.808080808081
13,556.646464646465
13,562.484848484848
13,568.323232323232
13,574.161616161616
13,580
14,2
14,260.060606060606
14,518.121212121212
14,776.181818181818
14,1034.24242424242
14,1292.30303030303
14,1550.36363636364
14,1808.42424242424
14,2066.48484848485
14,2324.54545454545
14,2582.60606060606
14,2840.66666666667
14,3098.72727272727
14,3356.78787878788
14,3614.84848484848
14,3872.90909090909
14,4130.9696969697
14,4389.0303030303
14,4647.09090909091
14,4905.15151515152
14,5163.21212121212
14,5421.27272727273
14,5679.33333333333
14,5937.39393939394
14,6195.45454545455
14,6453.51515151515
14,6711.57575757576
14,6969.63636363636
14,7227.69696969697
14,7485.75757575758
14,7743.81818181818
14,8001.87878787879
14,8259.93939393939
14,8518
14,8776.06060606061
14,9034.12121212121
14,9292.18181818182
14,9550.24242424242
14,9808.30303030303
14,10066.3636363636
14,10324.4242424242
14,10582.4848484848
14,10840.5454545455
14,11098.6060606061
14,11356.6666666667
14,11614.7272727273
14,11872.7878787879
14,12130.8484848485
14,12388.9090909091
14,12646.9696969697
14,12905.0303030303
14,13163.0909090909
14,13421.1515151515
14,13679.2121212121
14,13937.2727272727
14,14195.3333333333
14,14453.3939393939
14,14711.4545454545
14,14969.5151515152
14,15227.5757575758
14,15485.6363636364
14,15743.696969697
14,16001.7575757576
14,16259.8181818182
14,16517.8787878788
14,16775.9393939394
14,17034
14,17292.0606060606
14,17550.1212121212
14,17808.1818181818
14,18066.2424242424
14,18324.303030303
14,18582.3636363636
14,18840.4242424242
14,19098.4848484848
14,19356.5454545455
14,19614.6060606061
14,19872.6666666667
14,20130.7272727273
14,20388.7878787879
14,20646.8484848485
14,20904.9090909091
14,21162.9696969697
14,21421.0303030303
14,21679.0909090909
14,21937.1515151515
14,22195.2121212121
14,22453.2727272727
14,22711.3333333333
14,22969.3939393939
14,23227.4545454545
14,23485.5151515152
14,23743.5757575758
14,24001.6363636364
14,24259.696969697
14,24517.7575757576
14,24775.8181818182
14,25033.8787878788
14,25291.9393939394
14,25550
