3,0.0688959999999952
3,0.0924425050505003
3,0.115989010101005
3,0.13953551515151
3,0.163082020202016
3,0.186628525252521
3,0.210175030303026
3,0.233721535353531
3,0.257268040404036
3,0.280814545454541
3,0.304361050505046
3,0.327907555555551
3,0.351454060606056
3,0.375000565656561
3,0.398547070707066
3,0.422093575757571
3,0.445640080808077
3,0.469186585858582
3,0.492733090909087
3,0.516279595959592
3,0.539826101010097
3,0.563372606060602
3,0.586919111111107
3,0.610465616161612
3,0.634012121212117
3,0.657558626262622
3,0.681105131313127
3,0.704651636363632
3,0.728198141414138
3,0.751744646464643
3,0.775291151515148
3,0.798837656565653
3,0.822384161616158
3,0.845930666666663
3,0.869477171717168
3,0.893023676767673
3,0.916570181818178
3,0.940116686868683
3,0.963663191919188
3,0.987209696969694
3,1.0107562020202
3,1.0343027070707
3,1.05784921212121
3,1.08139571717171
3,1.10494222222222
3,1.12848872727272
3,1.15203523232323
3,1.17558173737373
3,1.19912824242424
3,1.22267474747474
3,1.24622125252525
3,1.26976775757575
3,1.29331426262626
3,1.31686076767676
3,1.34040727272727
3,1.36395377777777
3,1.38750028282828
3,1.41104678787879
3,1.43459329292929
3,1.4581397979798
3,1.4816863030303
3,1.50523280808081
3,1.52877931313131
3,1.55232581818182
3,1.57587232323232
3,1.59941882828283
3,1.62296533333333
3,1.64651183838384
3,1.67005834343434
3,1.69360484848485
3,1.71715135353535
3,1.74069785858586
3,1.76424436363636
3,1.78779086868687
3,1.81133737373737
3,1.83488387878788
3,1.85843038383838
3,1.88197688888889
3,1.90552339393939
3,1.9290698989899
3,1.9526164040404
3,1.97616290909091
3,1.99970941414141
3,2.02325591919192
3,2.04680242424242
3,2.07034892929293
3,2.09389543434343
3,2.11744193939394
3,2.14098844444444
3,2.16453494949495
3,2.18808145454545
3,2.21162795959596
3,2.23517446464646
3,2.25872096969697
3,2.28226747474747
3,2.30581397979798
3,2.32936048484848
3,2.35290698989899
3,2.37645349494949
3,2.4
4,1.51462000000001
4,2.25689656565657
4,2.99917313131314
4,3.7414496969697
4,4.48372626262627
4,5.22600282828284
4,5.9682793939394
4,6.71055595959597
4,7.45283252525253
4,8.1951090909091
4,8.93738565656566
4,9.67966222222223
4,10.4219387878788
4,11.1642153535354
4,11.9064919191919
4,12.6487684848485
4,13.3910450505051
4,14.1333216161616
4,14.8755981818182
4,15.6178747474748
4,16.3601513131313
4,17.1024278787879
4,17.8447044444444
4,18.586981010101
4,19.3292575757576
4,20.0715341414141
4,20.8138107070707
4,21.5560872727273
4,22.2983638383838
4,23.0406404040404
4,23.782916969697
4,24.5251935353535
4,25.2674701010101
4,26.0097466666667
4,26.7520232323232
4,27.4942997979798
4,28.2365763636364
4,28.9788529292929
4,29.7211294949495
4,30.4634060606061
4,31.2056826262626
4,31.9479591919192
4,32.6902357575758
4,33.4325123232323
4,34.1747888888889
4,34.9170654545455
4,35.659342020202
4,36.4016185858586
4,37.1438951515152
4,37.8861717171717
4,38.6284482828283
4,39.3707248484848
4,40.1130014141414
4,40.855277979798
4,41.5975545454545
4,42.3398311111111
4,43.0821076767677
4,43.8243842424242
4,44.5666608080808
4,45.3089373737374
4,46.0512139393939
4,46.7934905050505
4,47.5357670707071
4,48.2780436363636
4,49.0203202020202
4,49.7625967676768
4,50.5048733333333
4,51.2471498989899
4,51.9894264646465
4,52.731703030303
4,53.4739795959596
4,54.2162561616162
4,54.9585327272727
4,55.7008092929293
4,56.4430858585859
4,57.1853624242424
4,57.927638989899
4,58.6699155555556
4,59.4121921212121
4,60.1544686868687
4,60.8967452525252
4,61.6390218181818
4,62.3812983838384
4,63.1235749494949
4,63.8658515151515
4,64.6081280808081
4,65.3504046464646
4,66.0926812121212
4,66.8349577777778
4,67.5772343434343
4,68.3195109090909
4,69.0617874747475
4,69.804064040404
4,70.5463406060606
4,71.2886171717172
4,72.0308937373737
4,72.7731703030303
4,73.5154468686869
4,74.2577234343434
4,75
5,1.043772
5,1.47262278787878
5,1.90147357575757
5,2.33032436363636
5,2.75917515151515
5,3.18802593939394
5,3.61687672727272
5,4.04572751515151
5,4.4745783030303
5,4.90342909090909
5,5.33227987878788
5,5.76113066666666
5,6.18998145454545
5,6.61883224242424
5,7.04768303030303
5,7.47653381818182
5,7.9053846060606
5,8.33423539393939
5,8.76308618181818
5,9.19193696969697
5,9.62078775757575
5,10.0496385454545
5,10.4784893333333
5,10.9073401212121
5,11.3361909090909
5,11.7650416969697
5,12.1938924848485
5,12.6227432727273
5,13.0515940606061
5,13.4804448484848
5,13.9092956363636
5,14.3381464242424
5,14.7669972121212
5,15.195848
5,15.6246987878788
5,16.0535495757576
5,16.4824003636364
5,16.9112511515151
5,17.3401019393939
5,17.7689527272727
5,18.1978035151515
5,18.6266543030303
5,19.0555050909091
5,19.4843558787879
5,19.9132066666667
5,20.3420574545455
5,20.7709082424242
5,21.199759030303
5,21.6286098181818
5,22.0574606060606
5,22.4863113939394
5,22.9151621818182
5,23.344012969697
5,23.7728637575758
5,24.2017145454545
5,24.6305653333333
5,25.0594161212121
5,25.4882669090909
5,25.9171176969697
5,26.3459684848485
5,26.7748192727273
5,27.2036700606061
5,27.6325208484848
5,28.0613716363636
5,28.4902224242424
5,28.9190732121212
5,29.347924
5,29.7767747878788
5,30.2056255757576
5,30.6344763636364
5,31.0633271515151
5,31.4921779393939
5,31.9210287272727
5,32.3498795151515
5,32.7787303030303
5,33.2075810909091
5,33.6364318787879
5,34.0652826666667
5,34.4941334545455
5,34.9229842424242
5,35.351835030303
5,35.7806858181818
5,36.2095366060606
5,36.6383873939394
5,37.0672381818182
5,37.496088969697
5,37.9249397575758
5,38.3537905454545
5,38.7826413333333
5,39.2114921212121
5,39.6403429090909
5,40.0691936969697
5,40.4980444848485
5,40.9268952727273
5,41.3557460606061
5,41.7845968484848
5,42.2134476363636
5,42.6422984242424
5,43.0711492121212
5,43.5
15,0.0753620000000002
15,0.112479555555556
15,0.149597111111111
15,0.186714666666667
15,0.223832222222222
15,0.260949777777778
15,0.298067333333333
15,0.335184888888889
15,0.372302444444445
15,0.40942
15,0.446537555555556
15,0.483655111111111
15,0.520772666666667
15,0.557890222222222
15,0.595007777777778
15,0.632125333333334
15,0.669242888888889
15,0.706360444444445
15,0.743478
15,0.780595555555556
15,0.817713111111111
15,0.854830666666667
15,0.891948222222222
15,0.929065777777778
15,0.966183333333334
15,1.00330088888889
15,1.04041844444444
15,1.077536
15,1.11465355555556
15,1.15177111111111
15,1.18888866666667
15,1.22600622222222
15,1.26312377777778
15,1.30024133333333
15,1.33735888888889
15,1.37447644444444
15,1.411594
15,1.44871155555556
15,1.48582911111111
15,1.52294666666667
15,1.56006422222222
15,1.59718177777778
15,1.63429933333333
15,1.67141688888889
15,1.70853444444444
15,1.745652
15,1.78276955555556
15,1.81988711111111
15,1.85700466666667
15,1.89412222222222
15,1.93123977777778
15,1.96835733333333
15,2.00547488888889
15,2.04259244444444
15,2.07971
15,2.11682755555556
15,2.15394511111111
15,2.19106266666667
15,2.22818022222222
15,2.26529777777778
15,2.30241533333333
15,2.33953288888889
15,2.37665044444444
15,2.413768
15,2.45088555555556
15,2.48800311111111
15,2.52512066666667
15,2.56223822222222
15,2.59935577777778
15,2.63647333333333
15,2.67359088888889
15,2.71070844444444
15,2.747826
15,2.78494355555556
15,2.82206111111111
15,2.85917866666667
15,2.89629622222222
15,2.93341377777778
15,2.97053133333333
15,3.00764888888889
15,3.04476644444444
15,3.081884
15,3.11900155555556
15,3.15611911111111
15,3.19323666666667
15,3.23035422222222
15,3.26747177777778
15,3.30458933333333
15,3.34170688888889
15,3.37882444444444
15,3.415942
15,3.45305955555556
15,3.49017711111111
15,3.52729466666667
15,3.56441222222222
15,3.60152977777778
15,3.63864733333333
15,3.67576488888889
15,3.71288244444444
15,3.75
18,0.686403999999996
18,1.03805648484848
18,1.38970896969697
18,1.74136145454545
18,2.09301393939394
18,2.44466642424242
18,2.79631890909091
18,3.14797139393939
18,3.49962387878788
18,3.85127636363636
18,4.20292884848485
18,4.55458133333333
18,4.90623381818181
18,5.2578863030303
18,5.60953878787878
18,5.96119127272727
18,6.31284375757575
18,6.66449624242424
18,7.01614872727272
18,7.36780121212121
18,7.71945369696969
18,8.07110618181818
18,8.42275866666666
18,8.77441115151515
18,9.12606363636363
18,9.47771612121212
18,9.8293686060606
18,10.1810210909091
18,10.5326735757576
18,10.8843260606061
18,11.2359785454545
18,11.587631030303
18,11.9392835151515
18,12.290936
18,12.6425884848485
18,12.994240969697
18,13.3458934545455
18,13.6975459393939
18,14.0491984242424
18,14.4008509090909
18,14.7525033939394
18,15.1041558787879
18,15.4558083636364
18,15.8074608484848
18,16.1591133333333
18,16.5107658181818
18,16.8624183030303
18,17.2140707878788
18,17.5657232727273
18,17.9173757575758
18,18.2690282424242
18,18.6206807272727
18,18.9723332121212
18,19.3239856969697
18,19.6756381818182
18,20.0272906666667
18,20.3789431515151
18,20.7305956363636
18,21.0822481212121
18,21.4339006060606
18,21.7855530909091
18,22.1372055757576
18,22.4888580606061
18,22.8405105454545
18,23.192163030303
18,23.5438155151515
18,23.895468
18,24.2471204848485
18,24.598772969697
18,24.9504254545455
18,25.3020779393939
18,25.6537304242424
18,26.0053829090909
18,26.3570353939394
18,26.7086878787879
18,27.0603403636364
18,27.4119928484848
18,27.7636453333333
18,28.1152978181818
18,28.4669503030303
18,28.8186027878788
18,29.1702552727273
18,29.5219077575758
18,29.8735602424242
18,30.2252127272727
18,30.5768652121212
18,30.9285176969697
18,31.2801701818182
18,31.6318226666667
18,31.9834751515152
18,32.3351276363636
18,32.6867801212121
18,33.0384326060606
18,33.3900850909091
18,33.7417375757576
18,34.0933900606061
18,34.4450425454545
18,34.796695030303
18,35.1483475151515
18,35.5
19,0.199999999999999
19,0.63080808080808
19,1.06161616161616
19,1.49242424242424
19,1.92323232323232
19,2.3540404040404
19,2.78484848484848
19,3.21565656565657
19,3.64646464646465
19,4.07727272727273
19,4.50808080808081
19,4.93888888888889
19,5.36969696969697
19,5.80050505050505
19,6.23131313131313
19,6.66212121212121
19,7.09292929292929
19,7.52373737373737
19,7.95454545454546
19,8.38535353535354
19,8.81616161616162
19,9.2469696969697
19,9.67777777777778
19,10.1085858585859
19,10.5393939393939
19,10.970202020202
19,11.4010101010101
19,11.8318181818182
19,12.2626262626263
19,12.6934343434343
19,13.1242424242424
19,13.5550505050505
19,13.9858585858586
19,14.4166666666667
19,14.8474747474747
19,15.2782828282828
19,15.7090909090909
19,16.139898989899
19,16.5707070707071
19,17.0015151515152
19,17.4323232323232
19,17.8631313131313
19,18.2939393939394
19,18.7247474747475
19,19.1555555555556
19,19.5863636363636
19,20.0171717171717
19,20.4479797979798
19,20.8787878787879
19,21.309595959596
19,21.740404040404
19,22.1712121212121
19,22.6020202020202
19,23.0328282828283
19,23.4636363636364
19,23.8944444444444
19,24.3252525252525
19,24.7560606060606
19,25.1868686868687
19,25.6176767676768
19,26.0484848484849
19,26.4792929292929
19,26.910101010101
19,27.3409090909091
19,27.7717171717172
19,28.2025252525253
19,28.6333333333333
19,29.0641414141414
19,29.4949494949495
19,29.9257575757576
19,30.3565656565657
19,30.7873737373737
19,31.2181818181818
19,31.6489898989899
19,32.079797979798
19,32.5106060606061
19,32.9414141414141
19,33.3722222222222
19,33.8030303030303
19,34.2338383838384
19,34.6646464646465
19,35.0954545454545
19,35.5262626262626
19,35.9570707070707
19,36.3878787878788
19,36.8186868686869
19,37.249494949495
19,37.680303030303
19,38.1111111111111
19,38.5419191919192
19,38.9727272727273
19,39.4035353535354
19,39.8343434343434
19,40.2651515151515
19,40.6959595959596
19,41.1267676767677
19,41.5575757575758
19,41.9883838383838
19,42.4191919191919
19,42.85
21,0.0962399999999999
21,0.145772929292929
21,0.195305858585858
21,0.244838787878788
21,0.294371717171717
21,0.343904646464646
21,0.393437575757576
21,0.442970505050505
21,0.492503434343434
21,0.542036363636364
21,0.591569292929293
21,0.641102222222222
21,0.690635151515151
21,0.740168080808081
21,0.78970101010101
21,0.839233939393939
21,0.888766868686869
21,0.938299797979798
21,0.987832727272727
21,1.03736565656566
21,1.08689858585859
21,1.13643151515152
21,1.18596444444444
21,1.23549737373737
21,1.2850303030303
21,1.33456323232323
21,1.38409616161616
21,1.43362909090909
21,1.48316202020202
21,1.53269494949495
21,1.58222787878788
21,1.63176080808081
21,1.68129373737374
21,1.73082666666667
21,1.7803595959596
21,1.82989252525253
21,1.87942545454545
21,1.92895838383838
21,1.97849131313131
21,2.02802424242424
21,2.07755717171717
21,2.1270901010101
21,2.17662303030303
21,2.22615595959596
21,2.27568888888889
21,2.32522181818182
21,2.37475474747475
21,2.42428767676768
21,2.47382060606061
21,2.52335353535354
21,2.57288646464646
21,2.62241939393939
21,2.67195232323232
21,2.72148525252525
21,2.77101818181818
21,2.82055111111111
21,2.87008404040404
21,2.91961696969697
21,2.9691498989899
21,3.01868282828283
21,3.06821575757576
21,3.11774868686869
21,3.16728161616162
21,3.21681454545455
21,3.26634747474747
21,3.3158804040404
21,3.36541333333333
21,3.41494626262626
21,3.46447919191919
21,3.51401212121212
21,3.56354505050505
21,3.61307797979798
21,3.66261090909091
21,3.71214383838384
21,3.76167676767677
21,3.8112096969697
21,3.86074262626263
21,3.91027555555556
21,3.95980848484848
21,4.00934141414141
21,4.05887434343434
21,4.10840727272727
21,4.1579402020202
21,4.20747313131313
21,4.25700606060606
21,4.30653898989899
21,4.35607191919192
21,4.40560484848485
21,4.45513777777778
21,4.50467070707071
21,4.55420363636364
21,4.60373656565657
21,4.65326949494949
21,4.70280242424242
21,4.75233535353535
21,4.80186828282828
21,4.85140121212121
21,4.90093414141414
21,4.95046707070707
21,5
